19:59:46 **** Incremental Build of configuration Debug for project ST-LIB ****
make -j8 all 
arm-none-eabi-g++ "../Src/ST-LIB_LOW/Math/Math.cpp" -mcpu=cortex-m7 -std=gnu++20 -g3 -DDEBUG -DUSE_HAL_DRIVER -DSTM32H723xx -DBOARD -c -I"/home/stefancostea/Documents/ST-LIB/Inc" -I"/home/stefancostea/Documents/ST-LIB/Drivers/STM32H7xx_HAL_Driver/Inc/Legacy" -I"/home/stefancostea/Documents/ST-LIB/Drivers/STM32H7xx_HAL_Driver/Inc" -I"/home/stefancostea/Documents/ST-LIB/Drivers/CMSIS/Device/ST/STM32H7xx/Include" -I"/home/stefancostea/Documents/ST-LIB/Inc/ST-LIB_LOW" -I"/home/stefancostea/Documents/ST-LIB/Drivers/CMSIS/Include" -I"/home/stefancostea/Documents/ST-LIB/Inc/HALAL/Models" -I"/home/stefancostea/Documents/ST-LIB/Inc/HALAL/Services" -I"/home/stefancostea/Documents/ST-LIB/Middlewares/Third_Party/LwIP/src/include" -I"/home/stefancostea/Documents/ST-LIB/Middlewares/Third_Party/LwIP/system" -I"/home/stefancostea/Documents/ST-LIB/Middlewares/Third_Party/LwIP/src/netif/ppp" -I"/home/stefancostea/Documents/ST-LIB/Middlewares/Third_Party/LwIP/src/include/lwip" -I"/home/stefancostea/Documents/ST-LIB/Middlewares/Third_Party/LwIP/src/include/lwip/apps" -I"/home/stefancostea/Documents/ST-LIB/Middlewares/Third_Party/LwIP/src/include/lwip/priv" -I"/home/stefancostea/Documents/ST-LIB/Middlewares/Third_Party/LwIP/src/include/lwip/prot" -I"/home/stefancostea/Documents/ST-LIB/Middlewares/Third_Party/LwIP/src/include/netif" -I"/home/stefancostea/Documents/ST-LIB/Middlewares/Third_Party/LwIP/src/include/compat" -I"/home/stefancostea/Documents/ST-LIB/Middlewares/Third_Party/LwIP/src/include/compat/posix" -I"/home/stefancostea/Documents/ST-LIB/Middlewares/Third_Party/LwIP/src/include/compat/posix/arpa" -I"/home/stefancostea/Documents/ST-LIB/Middlewares/Third_Party/LwIP/src/include/compat/posix/net" -I"/home/stefancostea/Documents/ST-LIB/Middlewares/Third_Party/LwIP/src/include/compat/posix/sys" -I"/home/stefancostea/Documents/ST-LIB/Middlewares/Third_Party/LwIP/src/include/compat/stdc" -I"/home/stefancostea/Documents/ST-LIB/Middlewares/Third_Party/LwIP/system/arch" -I"/home/stefancostea/Documents/ST-LIB/Drivers/BSP/Components" -I"/home/stefancostea/Documents/ST-LIB/LWIP/App" -I"/home/stefancostea/Documents/ST-LIB/LWIP/Target" -I"/home/stefancostea/Documents/ST-LIB/Inc/ST-LIB_HIGH" -O0 -ffunction-sections -fdata-sections -fno-exceptions -fno-rtti -fno-use-cxa-atexit -Wall -Wvolatile -fstack-usage -fcyclomatic-complexity -MMD -MP -MF"Src/ST-LIB_LOW/Math/Math.d" -MT"Src/ST-LIB_LOW/Math/Math.o" --specs=nano.specs -mfpu=fpv5-d16 -mfloat-abi=hard -mthumb -o "Src/ST-LIB_LOW/Math/Math.o"
arm-none-eabi-g++ "../Src/ST-LIB_LOW/ST-LIB_LOW.cpp" -mcpu=cortex-m7 -std=gnu++20 -g3 -DDEBUG -DUSE_HAL_DRIVER -DSTM32H723xx -DBOARD -c -I"/home/stefancostea/Documents/ST-LIB/Inc" -I"/home/stefancostea/Documents/ST-LIB/Drivers/STM32H7xx_HAL_Driver/Inc/Legacy" -I"/home/stefancostea/Documents/ST-LIB/Drivers/STM32H7xx_HAL_Driver/Inc" -I"/home/stefancostea/Documents/ST-LIB/Drivers/CMSIS/Device/ST/STM32H7xx/Include" -I"/home/stefancostea/Documents/ST-LIB/Inc/ST-LIB_LOW" -I"/home/stefancostea/Documents/ST-LIB/Drivers/CMSIS/Include" -I"/home/stefancostea/Documents/ST-LIB/Inc/HALAL/Models" -I"/home/stefancostea/Documents/ST-LIB/Inc/HALAL/Services" -I"/home/stefancostea/Documents/ST-LIB/Middlewares/Third_Party/LwIP/src/include" -I"/home/stefancostea/Documents/ST-LIB/Middlewares/Third_Party/LwIP/system" -I"/home/stefancostea/Documents/ST-LIB/Middlewares/Third_Party/LwIP/src/netif/ppp" -I"/home/stefancostea/Documents/ST-LIB/Middlewares/Third_Party/LwIP/src/include/lwip" -I"/home/stefancostea/Documents/ST-LIB/Middlewares/Third_Party/LwIP/src/include/lwip/apps" -I"/home/stefancostea/Documents/ST-LIB/Middlewares/Third_Party/LwIP/src/include/lwip/priv" -I"/home/stefancostea/Documents/ST-LIB/Middlewares/Third_Party/LwIP/src/include/lwip/prot" -I"/home/stefancostea/Documents/ST-LIB/Middlewares/Third_Party/LwIP/src/include/netif" -I"/home/stefancostea/Documents/ST-LIB/Middlewares/Third_Party/LwIP/src/include/compat" -I"/home/stefancostea/Documents/ST-LIB/Middlewares/Third_Party/LwIP/src/include/compat/posix" -I"/home/stefancostea/Documents/ST-LIB/Middlewares/Third_Party/LwIP/src/include/compat/posix/arpa" -I"/home/stefancostea/Documents/ST-LIB/Middlewares/Third_Party/LwIP/src/include/compat/posix/net" -I"/home/stefancostea/Documents/ST-LIB/Middlewares/Third_Party/LwIP/src/include/compat/posix/sys" -I"/home/stefancostea/Documents/ST-LIB/Middlewares/Third_Party/LwIP/src/include/compat/stdc" -I"/home/stefancostea/Documents/ST-LIB/Middlewares/Third_Party/LwIP/system/arch" -I"/home/stefancostea/Documents/ST-LIB/Drivers/BSP/Components" -I"/home/stefancostea/Documents/ST-LIB/LWIP/App" -I"/home/stefancostea/Documents/ST-LIB/LWIP/Target" -I"/home/stefancostea/Documents/ST-LIB/Inc/ST-LIB_HIGH" -O0 -ffunction-sections -fdata-sections -fno-exceptions -fno-rtti -fno-use-cxa-atexit -Wall -Wvolatile -fstack-usage -fcyclomatic-complexity -MMD -MP -MF"Src/ST-LIB_LOW/ST-LIB_LOW.d" -MT"Src/ST-LIB_LOW/ST-LIB_LOW.o" --specs=nano.specs -mfpu=fpv5-d16 -mfloat-abi=hard -mthumb -o "Src/ST-LIB_LOW/ST-LIB_LOW.o"
arm-none-eabi-g++ "../Src/ST-LIB.cpp" -mcpu=cortex-m7 -std=gnu++20 -g3 -DDEBUG -DUSE_HAL_DRIVER -DSTM32H723xx -DBOARD -c -I"/home/stefancostea/Documents/ST-LIB/Inc" -I"/home/stefancostea/Documents/ST-LIB/Drivers/STM32H7xx_HAL_Driver/Inc/Legacy" -I"/home/stefancostea/Documents/ST-LIB/Drivers/STM32H7xx_HAL_Driver/Inc" -I"/home/stefancostea/Documents/ST-LIB/Drivers/CMSIS/Device/ST/STM32H7xx/Include" -I"/home/stefancostea/Documents/ST-LIB/Inc/ST-LIB_LOW" -I"/home/stefancostea/Documents/ST-LIB/Drivers/CMSIS/Include" -I"/home/stefancostea/Documents/ST-LIB/Inc/HALAL/Models" -I"/home/stefancostea/Documents/ST-LIB/Inc/HALAL/Services" -I"/home/stefancostea/Documents/ST-LIB/Middlewares/Third_Party/LwIP/src/include" -I"/home/stefancostea/Documents/ST-LIB/Middlewares/Third_Party/LwIP/system" -I"/home/stefancostea/Documents/ST-LIB/Middlewares/Third_Party/LwIP/src/netif/ppp" -I"/home/stefancostea/Documents/ST-LIB/Middlewares/Third_Party/LwIP/src/include/lwip" -I"/home/stefancostea/Documents/ST-LIB/Middlewares/Third_Party/LwIP/src/include/lwip/apps" -I"/home/stefancostea/Documents/ST-LIB/Middlewares/Third_Party/LwIP/src/include/lwip/priv" -I"/home/stefancostea/Documents/ST-LIB/Middlewares/Third_Party/LwIP/src/include/lwip/prot" -I"/home/stefancostea/Documents/ST-LIB/Middlewares/Third_Party/LwIP/src/include/netif" -I"/home/stefancostea/Documents/ST-LIB/Middlewares/Third_Party/LwIP/src/include/compat" -I"/home/stefancostea/Documents/ST-LIB/Middlewares/Third_Party/LwIP/src/include/compat/posix" -I"/home/stefancostea/Documents/ST-LIB/Middlewares/Third_Party/LwIP/src/include/compat/posix/arpa" -I"/home/stefancostea/Documents/ST-LIB/Middlewares/Third_Party/LwIP/src/include/compat/posix/net" -I"/home/stefancostea/Documents/ST-LIB/Middlewares/Third_Party/LwIP/src/include/compat/posix/sys" -I"/home/stefancostea/Documents/ST-LIB/Middlewares/Third_Party/LwIP/src/include/compat/stdc" -I"/home/stefancostea/Documents/ST-LIB/Middlewares/Third_Party/LwIP/system/arch" -I"/home/stefancostea/Documents/ST-LIB/Drivers/BSP/Components" -I"/home/stefancostea/Documents/ST-LIB/LWIP/App" -I"/home/stefancostea/Documents/ST-LIB/LWIP/Target" -I"/home/stefancostea/Documents/ST-LIB/Inc/ST-LIB_HIGH" -O0 -ffunction-sections -fdata-sections -fno-exceptions -fno-rtti -fno-use-cxa-atexit -Wall -Wvolatile -fstack-usage -fcyclomatic-complexity -MMD -MP -MF"Src/ST-LIB.d" -MT"Src/ST-LIB.o" --specs=nano.specs -mfpu=fpv5-d16 -mfloat-abi=hard -mthumb -o "Src/ST-LIB.o"
In file included from /home/stefancostea/Documents/ST-LIB/Inc/HALAL/Services/Communication/Ethernet/UDP/DatagramSocket.hpp:3,
                 from /home/stefancostea/Documents/ST-LIB/Inc/HALAL/HALAL.hpp:21,
                 from /home/stefancostea/Documents/ST-LIB/Inc/ST-LIB.hpp:3,
                 from /home/stefancostea/Documents/ST-LIB/Inc/ST-LIB_LOW/Math/Math.hpp:9,
                 from ../Src/ST-LIB_LOW/Math/Math.cpp:1:
/home/stefancostea/Documents/ST-LIB/Inc/HALAL/Models/Packets/Packet.hpp: In member function 'virtual void HeapPacket::parse(void*)':
/home/stefancostea/Documents/ST-LIB/Inc/HALAL/Models/Packets/Packet.hpp:174:14: warning: pointer of type 'void *' used in arithmetic [-Wpointer-arith]
  174 |         data += sizeof(id);
      |         ~~~~~^~~~~~~~~~~~~
/home/stefancostea/Documents/ST-LIB/Inc/HALAL/Models/Packets/Packet.hpp:177:18: warning: pointer of type 'void *' used in arithmetic [-Wpointer-arith]
  177 |             data += value.get()->get_size();
      |             ~~~~~^~~~~~~~~~~~~~~~~~~~~~~~~~
In file included from /home/stefancostea/Documents/ST-LIB/Inc/ST-LIB_HIGH/Protections/Protection.hpp:5,
                 from /home/stefancostea/Documents/ST-LIB/Inc/ST-LIB_HIGH/ST-LIB_HIGH.hpp:10,
                 from /home/stefancostea/Documents/ST-LIB/Inc/ST-LIB.hpp:5,
                 from /home/stefancostea/Documents/ST-LIB/Inc/ST-LIB_LOW/Math/Math.hpp:9,
                 from ../Src/ST-LIB_LOW/Math/Math.cpp:1:
/home/stefancostea/Documents/ST-LIB/Inc/ST-LIB_HIGH/Protections/Boundary.hpp: In member function 'virtual int Boundary<double, TIME_ACCUMULATION>::get_string_size()':
/home/stefancostea/Documents/ST-LIB/Inc/ST-LIB_HIGH/Protections/Boundary.hpp:214:29: warning: format '%s' expects a matching 'char*' argument [-Wformat=]
  214 |   return snprintf(nullptr,0,format,to_string(*src).c_str(), to_string(time_limit).c_str());
      |                             ^~~~~~
/home/stefancostea/Documents/ST-LIB/Inc/ST-LIB_HIGH/Protections/Boundary.hpp: In member function 'virtual char* Boundary<double, TIME_ACCUMULATION>::serialize(char*)':
/home/stefancostea/Documents/ST-LIB/Inc/ST-LIB_HIGH/Protections/Boundary.hpp:217:16: warning: format '%s' expects a matching 'char*' argument [-Wformat=]
  217 |   sprintf(dst, format, to_string(*src).c_str(), to_string(time_limit).c_str());
      |                ^~~~~~
In file included from /home/stefancostea/Documents/ST-LIB/Inc/ST-LIB_HIGH/Protections/Protection.hpp:5,
                 from /home/stefancostea/Documents/ST-LIB/Inc/ST-LIB_HIGH/ST-LIB_HIGH.hpp:10,
                 from /home/stefancostea/Documents/ST-LIB/Inc/ST-LIB.hpp:5,
                 from /home/stefancostea/Documents/ST-LIB/Inc/ST-LIB_LOW/Math/Math.hpp:9,
                 from /home/stefancostea/Documents/ST-LIB/Inc/ST-LIB_LOW/ST-LIB_LOW.hpp:11,
                 from ../Src/ST-LIB_LOW/ST-LIB_LOW.cpp:8:
/home/stefancostea/Documents/ST-LIB/Inc/ST-LIB_HIGH/Protections/Boundary.hpp: In member function 'virtual int Boundary<double, TIME_ACCUMULATION>::get_string_size()':
/home/stefancostea/Documents/ST-LIB/Inc/ST-LIB_HIGH/Protections/Boundary.hpp:214:29: warning: format '%s' expects a matching 'char*' argument [-Wformat=]
  214 |   return snprintf(nullptr,0,format,to_string(*src).c_str(), to_string(time_limit).c_str());
      |                             ^~~~~~
/home/stefancostea/Documents/ST-LIB/Inc/ST-LIB_HIGH/Protections/Boundary.hpp: In member function 'virtual char* Boundary<double, TIME_ACCUMULATION>::serialize(char*)':
/home/stefancostea/Documents/ST-LIB/Inc/ST-LIB_HIGH/Protections/Boundary.hpp:217:16: warning: format '%s' expects a matching 'char*' argument [-Wformat=]
  217 |   sprintf(dst, format, to_string(*src).c_str(), to_string(time_limit).c_str());
      |                ^~~~~~
In file included from /home/stefancostea/Documents/ST-LIB/Inc/HALAL/Services/Communication/Ethernet/UDP/DatagramSocket.hpp:3,
                 from /home/stefancostea/Documents/ST-LIB/Inc/HALAL/HALAL.hpp:21,
                 from /home/stefancostea/Documents/ST-LIB/Inc/ST-LIB.hpp:3,
                 from ../Src/ST-LIB.cpp:11:
/home/stefancostea/Documents/ST-LIB/Inc/HALAL/Models/Packets/Packet.hpp: In member function 'virtual void HeapPacket::parse(void*)':
/home/stefancostea/Documents/ST-LIB/Inc/HALAL/Models/Packets/Packet.hpp:174:14: warning: pointer of type 'void *' used in arithmetic [-Wpointer-arith]
  174 |         data += sizeof(id);
      |         ~~~~~^~~~~~~~~~~~~
In file included from /home/stefancostea/Documents/ST-LIB/Inc/ST-LIB_HIGH/Protections/ProtectionManager.hpp:7,
                 from /home/stefancostea/Documents/ST-LIB/Inc/ST-LIB_HIGH/ST-LIB_HIGH.hpp:11,
                 from /home/stefancostea/Documents/ST-LIB/Inc/ST-LIB.hpp:5,
                 from /home/stefancostea/Documents/ST-LIB/Inc/ST-LIB_LOW/Math/Math.hpp:9,
                 from ../Src/ST-LIB_LOW/Math/Math.cpp:1:
/home/stefancostea/Documents/ST-LIB/Inc/ST-LIB_HIGH/Protections/Notification.hpp: In member function 'virtual void Notification::parse(OrderProtocol*, void*)':
/home/stefancostea/Documents/ST-LIB/Inc/ST-LIB_HIGH/Protections/Notification.hpp:72:23: warning: pointer of type 'void *' used in arithmetic [-Wpointer-arith]
   72 |      memcpy(temp, data+sizeof(id)+sizeof(message_size_t), get_string_size(data));
      |                   ~~~~^~~~~~~~~~~
/home/stefancostea/Documents/ST-LIB/Inc/ST-LIB_HIGH/Protections/Notification.hpp:72:34: warning: pointer of type 'void *' used in arithmetic [-Wpointer-arith]
   72 |      memcpy(temp, data+sizeof(id)+sizeof(message_size_t), get_string_size(data));
      |                   ~~~~~~~~~~~~~~~^~~~~~~~~~~~~~~~~~~~~~~
/home/stefancostea/Documents/ST-LIB/Inc/HALAL/Models/Packets/Packet.hpp:177:18: warning: pointer of type 'void *' used in arithmetic [-Wpointer-arith]
  177 |             data += value.get()->get_size();
      |             ~~~~~^~~~~~~~~~~~~~~~~~~~~~~~~~
In file included from /home/stefancostea/Documents/ST-LIB/Inc/ST-LIB_HIGH/Protections/ProtectionManager.hpp:7,
                 from /home/stefancostea/Documents/ST-LIB/Inc/ST-LIB_HIGH/ST-LIB_HIGH.hpp:11,
                 from /home/stefancostea/Documents/ST-LIB/Inc/ST-LIB.hpp:5,
                 from /home/stefancostea/Documents/ST-LIB/Inc/ST-LIB_LOW/Math/Math.hpp:9,
                 from /home/stefancostea/Documents/ST-LIB/Inc/ST-LIB_LOW/ST-LIB_LOW.hpp:11,
                 from ../Src/ST-LIB_LOW/ST-LIB_LOW.cpp:8:
/home/stefancostea/Documents/ST-LIB/Inc/ST-LIB_HIGH/Protections/Notification.hpp: In member function 'virtual void Notification::parse(OrderProtocol*, void*)':
/home/stefancostea/Documents/ST-LIB/Inc/ST-LIB_HIGH/Protections/Notification.hpp:72:23: warning: pointer of type 'void *' used in arithmetic [-Wpointer-arith]
   72 |      memcpy(temp, data+sizeof(id)+sizeof(message_size_t), get_string_size(data));
      |                   ~~~~^~~~~~~~~~~
/home/stefancostea/Documents/ST-LIB/Inc/ST-LIB_HIGH/Protections/Notification.hpp:72:34: warning: pointer of type 'void *' used in arithmetic [-Wpointer-arith]
   72 |      memcpy(temp, data+sizeof(id)+sizeof(message_size_t), get_string_size(data));
      |                   ~~~~~~~~~~~~~~~^~~~~~~~~~~~~~~~~~~~~~~
/home/stefancostea/Documents/ST-LIB/Inc/ST-LIB_HIGH/Protections/Notification.hpp: In member function 'uint16_t Notification::get_string_size(void*)':
/home/stefancostea/Documents/ST-LIB/Inc/ST-LIB_HIGH/Protections/Notification.hpp:94:33: warning: pointer of type 'void *' used in arithmetic [-Wpointer-arith]
   94 |      return *(uint16_t*)(buffer + sizeof(id));
      |                          ~~~~~~~^~~~~~~~~~~~
/home/stefancostea/Documents/ST-LIB/Inc/ST-LIB_HIGH/Protections/Notification.hpp: In member function 'uint16_t Notification::get_string_size(void*)':
/home/stefancostea/Documents/ST-LIB/Inc/ST-LIB_HIGH/Protections/Notification.hpp:94:33: warning: pointer of type 'void *' used in arithmetic [-Wpointer-arith]
   94 |      return *(uint16_t*)(buffer + sizeof(id));
      |                          ~~~~~~~^~~~~~~~~~~~
In file included from /home/stefancostea/Documents/ST-LIB/Inc/ST-LIB_HIGH/ST-LIB_HIGH.hpp:22,
                 from /home/stefancostea/Documents/ST-LIB/Inc/ST-LIB.hpp:5,
                 from /home/stefancostea/Documents/ST-LIB/Inc/ST-LIB_LOW/Math/Math.hpp:9,
                 from ../Src/ST-LIB_LOW/Math/Math.cpp:1:
/home/stefancostea/Documents/ST-LIB/Inc/ST-LIB_HIGH/Control/Blocks/MatrixMultiplier.hpp: At global scope:
/home/stefancostea/Documents/ST-LIB/Inc/ST-LIB_HIGH/Control/Blocks/MatrixMultiplier.hpp:82:29: warning: unnecessary parentheses in declaration of 'result' [-Wparentheses]
   82 |     double(&A)[U], (&B)[U], (&result);
      |                             ^
In file included from /home/stefancostea/Documents/ST-LIB/Inc/ST-LIB_HIGH/ST-LIB_HIGH.hpp:22,
                 from /home/stefancostea/Documents/ST-LIB/Inc/ST-LIB.hpp:5,
                 from /home/stefancostea/Documents/ST-LIB/Inc/ST-LIB_LOW/Math/Math.hpp:9,
                 from /home/stefancostea/Documents/ST-LIB/Inc/ST-LIB_LOW/ST-LIB_LOW.hpp:11,
                 from ../Src/ST-LIB_LOW/ST-LIB_LOW.cpp:8:
/home/stefancostea/Documents/ST-LIB/Inc/ST-LIB_HIGH/Control/Blocks/MatrixMultiplier.hpp: At global scope:
/home/stefancostea/Documents/ST-LIB/Inc/ST-LIB_HIGH/Control/Blocks/MatrixMultiplier.hpp:82:29: warning: unnecessary parentheses in declaration of 'result' [-Wparentheses]
   82 |     double(&A)[U], (&B)[U], (&result);
      |                             ^
In file included from /home/stefancostea/Documents/ST-LIB/Inc/ST-LIB_HIGH/Protections/Protection.hpp:5,
                 from /home/stefancostea/Documents/ST-LIB/Inc/ST-LIB_HIGH/ST-LIB_HIGH.hpp:10,
                 from /home/stefancostea/Documents/ST-LIB/Inc/ST-LIB.hpp:5,
                 from ../Src/ST-LIB.cpp:11:
/home/stefancostea/Documents/ST-LIB/Inc/ST-LIB_HIGH/Protections/Boundary.hpp: In member function 'virtual int Boundary<double, TIME_ACCUMULATION>::get_string_size()':
/home/stefancostea/Documents/ST-LIB/Inc/ST-LIB_HIGH/Protections/Boundary.hpp:214:29: warning: format '%s' expects a matching 'char*' argument [-Wformat=]
  214 |   return snprintf(nullptr,0,format,to_string(*src).c_str(), to_string(time_limit).c_str());
      |                             ^~~~~~
/home/stefancostea/Documents/ST-LIB/Inc/ST-LIB_HIGH/Protections/Boundary.hpp: In member function 'virtual char* Boundary<double, TIME_ACCUMULATION>::serialize(char*)':
/home/stefancostea/Documents/ST-LIB/Inc/ST-LIB_HIGH/Protections/Boundary.hpp:217:16: warning: format '%s' expects a matching 'char*' argument [-Wformat=]
  217 |   sprintf(dst, format, to_string(*src).c_str(), to_string(time_limit).c_str());
      |                ^~~~~~
In file included from /home/stefancostea/Documents/ST-LIB/Inc/ST-LIB_HIGH/Protections/ProtectionManager.hpp:7,
                 from /home/stefancostea/Documents/ST-LIB/Inc/ST-LIB_HIGH/ST-LIB_HIGH.hpp:11,
                 from /home/stefancostea/Documents/ST-LIB/Inc/ST-LIB.hpp:5,
                 from ../Src/ST-LIB.cpp:11:
/home/stefancostea/Documents/ST-LIB/Inc/ST-LIB_HIGH/Protections/Notification.hpp: In member function 'virtual void Notification::parse(OrderProtocol*, void*)':
/home/stefancostea/Documents/ST-LIB/Inc/ST-LIB_HIGH/Protections/Notification.hpp:72:23: warning: pointer of type 'void *' used in arithmetic [-Wpointer-arith]
   72 |      memcpy(temp, data+sizeof(id)+sizeof(message_size_t), get_string_size(data));
      |                   ~~~~^~~~~~~~~~~
/home/stefancostea/Documents/ST-LIB/Inc/ST-LIB_HIGH/Protections/Notification.hpp:72:34: warning: pointer of type 'void *' used in arithmetic [-Wpointer-arith]
   72 |      memcpy(temp, data+sizeof(id)+sizeof(message_size_t), get_string_size(data));
      |                   ~~~~~~~~~~~~~~~^~~~~~~~~~~~~~~~~~~~~~~
/home/stefancostea/Documents/ST-LIB/Inc/ST-LIB_HIGH/Protections/Notification.hpp: In member function 'uint16_t Notification::get_string_size(void*)':
/home/stefancostea/Documents/ST-LIB/Inc/ST-LIB_HIGH/Protections/Notification.hpp:94:33: warning: pointer of type 'void *' used in arithmetic [-Wpointer-arith]
   94 |      return *(uint16_t*)(buffer + sizeof(id));
      |                          ~~~~~~~^~~~~~~~~~~~
In file included from /home/stefancostea/Documents/ST-LIB/Inc/ST-LIB_HIGH/ST-LIB_HIGH.hpp:22,
                 from /home/stefancostea/Documents/ST-LIB/Inc/ST-LIB.hpp:5,
                 from ../Src/ST-LIB.cpp:11:
/home/stefancostea/Documents/ST-LIB/Inc/ST-LIB_HIGH/Control/Blocks/MatrixMultiplier.hpp: At global scope:
/home/stefancostea/Documents/ST-LIB/Inc/ST-LIB_HIGH/Control/Blocks/MatrixMultiplier.hpp:82:29: warning: unnecessary parentheses in declaration of 'result' [-Wparentheses]
   82 |     double(&A)[U], (&B)[U], (&result);
      |                             ^
arm-none-eabi-ar -r  "libST-LIB.a" @"objects.list"  
arm-none-eabi-ar: creating libST-LIB.a
Finished building target: libST-LIB.a
 
