02:10:34 **** Incremental Build of configuration Debug for project LCU_MASTER ****
make -j8 all 
arm-none-eabi-g++ "../Core/Src/main.cpp" -mcpu=cortex-m7 -std=gnu++20 -g3 -DDEBUG -DUSE_HAL_DRIVER -DSTM32H723xx -DDATA_IN_D2_SRAM -c -I"/home/stefancostea/Documents/ST-LIB" -I../Core/Inc -I../Drivers/STM32H7xx_HAL_Driver/Inc -I../Drivers/STM32H7xx_HAL_Driver/Inc/Legacy -I../Drivers/CMSIS/Device/ST/STM32H7xx/Include -I../Drivers/CMSIS/Include -I"/home/stefancostea/Documents/ST-LIB/Inc" -I"/home/stefancostea/Documents/ST-LIB/Inc/HALAL/Models" -I"/home/stefancostea/Documents/ST-LIB/Inc/HALAL/Services" -I"/home/stefancostea/Documents/ST-LIB/Inc/ST-LIB_LOW" -I"/home/stefancostea/Documents/ST-LIB/Inc/ST-LIB_HIGH" -I../LWIP/App -I../LWIP/Target -I../Middlewares/Third_Party/LwIP/src/include -I../Middlewares/Third_Party/LwIP/system -I../Drivers/BSP/Components/lan8742 -I../Middlewares/Third_Party/LwIP/src/include/netif/ppp -I../Middlewares/Third_Party/LwIP/src/include/lwip -I../Middlewares/Third_Party/LwIP/src/include/lwip/apps -I../Middlewares/Third_Party/LwIP/src/include/lwip/priv -I../Middlewares/Third_Party/LwIP/src/include/lwip/prot -I../Middlewares/Third_Party/LwIP/src/include/netif -I../Middlewares/Third_Party/LwIP/src/include/compat/posix -I../Middlewares/Third_Party/LwIP/src/include/compat/posix/arpa -I../Middlewares/Third_Party/LwIP/src/include/compat/posix/net -I../Middlewares/Third_Party/LwIP/src/include/compat/posix/sys -I../Middlewares/Third_Party/LwIP/src/include/compat/stdc -I../Middlewares/Third_Party/LwIP/system/arch -I"/home/stefancostea/Documents/ST-LIB/Inc/HALAL/Services/Communication" -I"/home/stefancostea/Documents/ST-LIB/Inc/HALAL/Services/Communication/Ethernet" -I"/home/stefancostea/Documents/ST-LIB/Inc/HALAL/Services/Communication/Ethernet/UDP" -I"/home/stefancostea/Documents/ST-LIB/Inc/HALAL/Services/Communication/Ethernet/TCP" -O0 -ffunction-sections -fdata-sections -fno-exceptions -fno-rtti -fno-use-cxa-atexit -Wall -fstack-usage -fcyclomatic-complexity -MMD -MP -MF"Core/Src/main.d" -MT"Core/Src/main.o" --specs=nano.specs -mfpu=fpv5-d16 -mfloat-abi=hard -mthumb -o "Core/Src/main.o"
In file included from ../Drivers/CMSIS/Include/core_cm7.h:2178,
                 from ../Drivers/CMSIS/Device/ST/STM32H7xx/Include/stm32h723xx.h:221,
                 from ../Drivers/CMSIS/Device/ST/STM32H7xx/Include/stm32h7xx.h:167,
                 from ../Drivers/STM32H7xx_HAL_Driver/Inc/stm32h7xx_hal_def.h:29,
                 from ../Drivers/STM32H7xx_HAL_Driver/Inc/stm32h7xx_hal_rcc.h:27,
                 from ../Core/Inc/stm32h7xx_hal_conf.h:246,
                 from ../Drivers/STM32H7xx_HAL_Driver/Inc/stm32h7xx_hal.h:29,
                 from ../Core/Inc/main.h:30,
                 from ../Core/Src/main.cpp:1:
../Drivers/CMSIS/Include/mpu_armv7.h: In function 'void ARM_MPU_Enable(uint32_t)':
../Drivers/CMSIS/Include/mpu_armv7.h:195:14: warning: compound assignment with 'volatile'-qualified left operand is deprecated [-Wvolatile]
  195 |   SCB->SHCSR |= SCB_SHCSR_MEMFAULTENA_Msk;
../Drivers/CMSIS/Include/mpu_armv7.h: In function 'void ARM_MPU_Disable()':
../Drivers/CMSIS/Include/mpu_armv7.h:207:14: warning: compound assignment with 'volatile'-qualified left operand is deprecated [-Wvolatile]
  207 |   SCB->SHCSR &= ~SCB_SHCSR_MEMFAULTENA_Msk;
../Drivers/CMSIS/Include/mpu_armv7.h:209:14: warning: compound assignment with 'volatile'-qualified left operand is deprecated [-Wvolatile]
  209 |   MPU->CTRL  &= ~MPU_CTRL_ENABLE_Msk;
In file included from ../Drivers/CMSIS/Device/ST/STM32H7xx/Include/stm32h723xx.h:221,
                 from ../Drivers/CMSIS/Device/ST/STM32H7xx/Include/stm32h7xx.h:167,
                 from ../Drivers/STM32H7xx_HAL_Driver/Inc/stm32h7xx_hal_def.h:29,
                 from ../Drivers/STM32H7xx_HAL_Driver/Inc/stm32h7xx_hal_rcc.h:27,
                 from ../Core/Inc/stm32h7xx_hal_conf.h:246,
                 from ../Drivers/STM32H7xx_HAL_Driver/Inc/stm32h7xx_hal.h:29,
                 from ../Core/Inc/main.h:30,
                 from ../Core/Src/main.cpp:1:
../Drivers/CMSIS/Include/core_cm7.h: In function 'void SCB_EnableICache()':
../Drivers/CMSIS/Include/core_cm7.h:2251:14: warning: compound assignment with 'volatile'-qualified left operand is deprecated [-Wvolatile]
 2251 |     SCB->CCR |=  (uint32_t)SCB_CCR_IC_Msk;  /* enable I-Cache */
      |              ^
../Drivers/CMSIS/Include/core_cm7.h: In function 'void SCB_DisableICache()':
../Drivers/CMSIS/Include/core_cm7.h:2267:14: warning: compound assignment with 'volatile'-qualified left operand is deprecated [-Wvolatile]
 2267 |     SCB->CCR &= ~(uint32_t)SCB_CCR_IC_Msk;  /* disable I-Cache */
      |              ^
../Drivers/CMSIS/Include/core_cm7.h: In function 'void SCB_EnableDCache()':
../Drivers/CMSIS/Include/core_cm7.h:2353:14: warning: compound assignment with 'volatile'-qualified left operand is deprecated [-Wvolatile]
 2353 |     SCB->CCR |=  (uint32_t)SCB_CCR_DC_Msk;  /* enable D-Cache */
      |              ^
../Drivers/CMSIS/Include/core_cm7.h: In function 'void SCB_DisableDCache()':
../Drivers/CMSIS/Include/core_cm7.h:2375:14: warning: compound assignment with 'volatile'-qualified left operand is deprecated [-Wvolatile]
 2375 |     SCB->CCR &= ~(uint32_t)SCB_CCR_DC_Msk;  /* disable D-Cache */
      |              ^
In file included from ../Drivers/STM32H7xx_HAL_Driver/Inc/stm32h7xx_hal_def.h:29,
                 from ../Drivers/STM32H7xx_HAL_Driver/Inc/stm32h7xx_hal_rcc.h:27,
                 from ../Core/Inc/stm32h7xx_hal_conf.h:246,
                 from ../Drivers/STM32H7xx_HAL_Driver/Inc/stm32h7xx_hal.h:29,
                 from ../Core/Inc/main.h:30,
                 from ../Core/Src/main.cpp:1:
../Drivers/STM32H7xx_HAL_Driver/Inc/stm32h7xx_ll_adc.h: In function 'void LL_ADC_SetCommonPathInternalChAdd(ADC_Common_TypeDef*, uint32_t)':
../Drivers/CMSIS/Device/ST/STM32H7xx/Include/stm32h7xx.h:206:38: warning: compound assignment with 'volatile'-qualified left operand is deprecated [-Wvolatile]
  206 | #define SET_BIT(REG, BIT)     ((REG) |= (BIT))
      |                                ~~~~~~^~~~~~~~
../Drivers/STM32H7xx_HAL_Driver/Inc/stm32h7xx_ll_adc.h:2774:3: note: in expansion of macro 'SET_BIT'
 2774 |   SET_BIT(ADCxy_COMMON->CCR, PathInternal);
      |   ^~~~~~~
../Drivers/STM32H7xx_HAL_Driver/Inc/stm32h7xx_ll_adc.h: In function 'void LL_ADC_SetCommonPathInternalChRem(ADC_Common_TypeDef*, uint32_t)':
../Drivers/CMSIS/Device/ST/STM32H7xx/Include/stm32h7xx.h:208:38: warning: compound assignment with 'volatile'-qualified left operand is deprecated [-Wvolatile]
  208 | #define CLEAR_BIT(REG, BIT)   ((REG) &= ~(BIT))
      |                                ~~~~~~^~~~~~~~~
../Drivers/STM32H7xx_HAL_Driver/Inc/stm32h7xx_ll_adc.h:2798:3: note: in expansion of macro 'CLEAR_BIT'
 2798 |   CLEAR_BIT(ADCxy_COMMON->CCR, PathInternal);
      |   ^~~~~~~~~
../Drivers/STM32H7xx_HAL_Driver/Inc/stm32h7xx_ll_adc.h: In function 'uint32_t LL_ADC_GetCalibrationLinearFactor(ADC_TypeDef*, uint32_t)':
../Drivers/CMSIS/Device/ST/STM32H7xx/Include/stm32h7xx.h:208:38: warning: compound assignment with 'volatile'-qualified left operand is deprecated [-Wvolatile]
  208 | #define CLEAR_BIT(REG, BIT)   ((REG) &= ~(BIT))
      |                                ~~~~~~^~~~~~~~~
../Drivers/STM32H7xx_HAL_Driver/Inc/stm32h7xx_ll_adc.h:2952:3: note: in expansion of macro 'CLEAR_BIT'
 2952 |   CLEAR_BIT(ADCx->CR, LinearityWord);
      |   ^~~~~~~~~
In file included from ../Drivers/STM32H7xx_HAL_Driver/Inc/stm32h7xx_hal_adc.h:31,
                 from ../Core/Inc/stm32h7xx_hal_conf.h:298,
                 from ../Drivers/STM32H7xx_HAL_Driver/Inc/stm32h7xx_hal.h:29,
                 from ../Core/Inc/main.h:30,
                 from ../Core/Src/main.cpp:1:
../Drivers/STM32H7xx_HAL_Driver/Inc/stm32h7xx_ll_adc.h: In function 'void LL_ADC_SetChannelPreSelection(ADC_TypeDef*, uint32_t)':
../Drivers/STM32H7xx_HAL_Driver/Inc/stm32h7xx_ll_adc.h:3231:24: warning: compound assignment with 'volatile'-qualified left operand is deprecated [-Wvolatile]
 3231 |       ADCx->PCSEL_RES0 |= (1UL << (__LL_ADC_CHANNEL_TO_DECIMAL_NB(Channel) & 0x1FUL));
      |       ~~~~~~~~~~~~~~~~~^~~~~~~~~~~~~~~~~~~~~~~~~~~~~~~~~~~~~~~~~~~~~~~~~~~~~~~~~~~~~~
In file included from ../Drivers/STM32H7xx_HAL_Driver/Inc/stm32h7xx_hal_def.h:29,
                 from ../Drivers/STM32H7xx_HAL_Driver/Inc/stm32h7xx_hal_rcc.h:27,
                 from ../Core/Inc/stm32h7xx_hal_conf.h:246,
                 from ../Drivers/STM32H7xx_HAL_Driver/Inc/stm32h7xx_hal.h:29,
                 from ../Core/Inc/main.h:30,
                 from ../Core/Src/main.cpp:1:
../Drivers/STM32H7xx_HAL_Driver/Inc/stm32h7xx_ll_adc.h: In function 'void LL_ADC_EnableDMAReq(ADC_TypeDef*)':
../Drivers/CMSIS/Device/ST/STM32H7xx/Include/stm32h7xx.h:206:38: warning: compound assignment with 'volatile'-qualified left operand is deprecated [-Wvolatile]
  206 | #define SET_BIT(REG, BIT)     ((REG) |= (BIT))
      |                                ~~~~~~^~~~~~~~
../Drivers/STM32H7xx_HAL_Driver/Inc/stm32h7xx_ll_adc.h:4366:3: note: in expansion of macro 'SET_BIT'
 4366 |   SET_BIT(ADCx->CFGR, ADC3_CFGR_DMAEN);
      |   ^~~~~~~
../Drivers/STM32H7xx_HAL_Driver/Inc/stm32h7xx_ll_adc.h: In function 'void LL_ADC_DisableDMAReq(ADC_TypeDef*)':
../Drivers/CMSIS/Device/ST/STM32H7xx/Include/stm32h7xx.h:208:38: warning: compound assignment with 'volatile'-qualified left operand is deprecated [-Wvolatile]
  208 | #define CLEAR_BIT(REG, BIT)   ((REG) &= ~(BIT))
      |                                ~~~~~~^~~~~~~~~
../Drivers/STM32H7xx_HAL_Driver/Inc/stm32h7xx_ll_adc.h:4371:3: note: in expansion of macro 'CLEAR_BIT'
 4371 |   CLEAR_BIT (ADCx->CFGR, ADC3_CFGR_DMAEN);
      |   ^~~~~~~~~
../Drivers/STM32H7xx_HAL_Driver/Inc/stm32h7xx_ll_adc.h: In function 'void LL_ADC_DisableDeepPowerDown(ADC_TypeDef*)':
../Drivers/CMSIS/Device/ST/STM32H7xx/Include/stm32h7xx.h:208:38: warning: compound assignment with 'volatile'-qualified left operand is deprecated [-Wvolatile]
  208 | #define CLEAR_BIT(REG, BIT)   ((REG) &= ~(BIT))
      |                                ~~~~~~^~~~~~~~~
../Drivers/STM32H7xx_HAL_Driver/Inc/stm32h7xx_ll_adc.h:6698:3: note: in expansion of macro 'CLEAR_BIT'
 6698 |   CLEAR_BIT(ADCx->CR, (ADC_CR_DEEPPWD | ADC_CR_BITS_PROPERTY_RS));
      |   ^~~~~~~~~
../Drivers/STM32H7xx_HAL_Driver/Inc/stm32h7xx_ll_adc.h: In function 'void LL_ADC_DisableInternalRegulator(ADC_TypeDef*)':
../Drivers/CMSIS/Device/ST/STM32H7xx/Include/stm32h7xx.h:208:38: warning: compound assignment with 'volatile'-qualified left operand is deprecated [-Wvolatile]
  208 | #define CLEAR_BIT(REG, BIT)   ((REG) &= ~(BIT))
      |                                ~~~~~~^~~~~~~~~
../Drivers/STM32H7xx_HAL_Driver/Inc/stm32h7xx_ll_adc.h:6747:3: note: in expansion of macro 'CLEAR_BIT'
 6747 |   CLEAR_BIT(ADCx->CR, (ADC_CR_ADVREGEN | ADC_CR_BITS_PROPERTY_RS));
      |   ^~~~~~~~~
../Drivers/STM32H7xx_HAL_Driver/Inc/stm32h7xx_ll_adc.h: In function 'void LL_ADC_EnableIT_ADRDY(ADC_TypeDef*)':
../Drivers/CMSIS/Device/ST/STM32H7xx/Include/stm32h7xx.h:206:38: warning: compound assignment with 'volatile'-qualified left operand is deprecated [-Wvolatile]
  206 | #define SET_BIT(REG, BIT)     ((REG) |= (BIT))
      |                                ~~~~~~^~~~~~~~
../Drivers/STM32H7xx_HAL_Driver/Inc/stm32h7xx_ll_adc.h:7856:3: note: in expansion of macro 'SET_BIT'
 7856 |   SET_BIT(ADCx->IER, LL_ADC_IT_ADRDY);
      |   ^~~~~~~
../Drivers/STM32H7xx_HAL_Driver/Inc/stm32h7xx_ll_adc.h: In function 'void LL_ADC_EnableIT_EOC(ADC_TypeDef*)':
../Drivers/CMSIS/Device/ST/STM32H7xx/Include/stm32h7xx.h:206:38: warning: compound assignment with 'volatile'-qualified left operand is deprecated [-Wvolatile]
  206 | #define SET_BIT(REG, BIT)     ((REG) |= (BIT))
      |                                ~~~~~~^~~~~~~~
../Drivers/STM32H7xx_HAL_Driver/Inc/stm32h7xx_ll_adc.h:7867:3: note: in expansion of macro 'SET_BIT'
 7867 |   SET_BIT(ADCx->IER, LL_ADC_IT_EOC);
      |   ^~~~~~~
../Drivers/STM32H7xx_HAL_Driver/Inc/stm32h7xx_ll_adc.h: In function 'void LL_ADC_EnableIT_EOS(ADC_TypeDef*)':
../Drivers/CMSIS/Device/ST/STM32H7xx/Include/stm32h7xx.h:206:38: warning: compound assignment with 'volatile'-qualified left operand is deprecated [-Wvolatile]
  206 | #define SET_BIT(REG, BIT)     ((REG) |= (BIT))
      |                                ~~~~~~^~~~~~~~
../Drivers/STM32H7xx_HAL_Driver/Inc/stm32h7xx_ll_adc.h:7878:3: note: in expansion of macro 'SET_BIT'
 7878 |   SET_BIT(ADCx->IER, LL_ADC_IT_EOS);
      |   ^~~~~~~
../Drivers/STM32H7xx_HAL_Driver/Inc/stm32h7xx_ll_adc.h: In function 'void LL_ADC_EnableIT_OVR(ADC_TypeDef*)':
../Drivers/CMSIS/Device/ST/STM32H7xx/Include/stm32h7xx.h:206:38: warning: compound assignment with 'volatile'-qualified left operand is deprecated [-Wvolatile]
  206 | #define SET_BIT(REG, BIT)     ((REG) |= (BIT))
      |                                ~~~~~~^~~~~~~~
../Drivers/STM32H7xx_HAL_Driver/Inc/stm32h7xx_ll_adc.h:7889:3: note: in expansion of macro 'SET_BIT'
 7889 |   SET_BIT(ADCx->IER, LL_ADC_IT_OVR);
      |   ^~~~~~~
../Drivers/STM32H7xx_HAL_Driver/Inc/stm32h7xx_ll_adc.h: In function 'void LL_ADC_EnableIT_EOSMP(ADC_TypeDef*)':
../Drivers/CMSIS/Device/ST/STM32H7xx/Include/stm32h7xx.h:206:38: warning: compound assignment with 'volatile'-qualified left operand is deprecated [-Wvolatile]
  206 | #define SET_BIT(REG, BIT)     ((REG) |= (BIT))
      |                                ~~~~~~^~~~~~~~
../Drivers/STM32H7xx_HAL_Driver/Inc/stm32h7xx_ll_adc.h:7900:3: note: in expansion of macro 'SET_BIT'
 7900 |   SET_BIT(ADCx->IER, LL_ADC_IT_EOSMP);
      |   ^~~~~~~
../Drivers/STM32H7xx_HAL_Driver/Inc/stm32h7xx_ll_adc.h: In function 'void LL_ADC_EnableIT_JEOC(ADC_TypeDef*)':
../Drivers/CMSIS/Device/ST/STM32H7xx/Include/stm32h7xx.h:206:38: warning: compound assignment with 'volatile'-qualified left operand is deprecated [-Wvolatile]
  206 | #define SET_BIT(REG, BIT)     ((REG) |= (BIT))
      |                                ~~~~~~^~~~~~~~
../Drivers/STM32H7xx_HAL_Driver/Inc/stm32h7xx_ll_adc.h:7911:3: note: in expansion of macro 'SET_BIT'
 7911 |   SET_BIT(ADCx->IER, LL_ADC_IT_JEOC);
      |   ^~~~~~~
../Drivers/STM32H7xx_HAL_Driver/Inc/stm32h7xx_ll_adc.h: In function 'void LL_ADC_EnableIT_JEOS(ADC_TypeDef*)':
../Drivers/CMSIS/Device/ST/STM32H7xx/Include/stm32h7xx.h:206:38: warning: compound assignment with 'volatile'-qualified left operand is deprecated [-Wvolatile]
  206 | #define SET_BIT(REG, BIT)     ((REG) |= (BIT))
      |                                ~~~~~~^~~~~~~~
../Drivers/STM32H7xx_HAL_Driver/Inc/stm32h7xx_ll_adc.h:7922:3: note: in expansion of macro 'SET_BIT'
 7922 |   SET_BIT(ADCx->IER, LL_ADC_IT_JEOS);
      |   ^~~~~~~
../Drivers/STM32H7xx_HAL_Driver/Inc/stm32h7xx_ll_adc.h: In function 'void LL_ADC_EnableIT_JQOVF(ADC_TypeDef*)':
../Drivers/CMSIS/Device/ST/STM32H7xx/Include/stm32h7xx.h:206:38: warning: compound assignment with 'volatile'-qualified left operand is deprecated [-Wvolatile]
  206 | #define SET_BIT(REG, BIT)     ((REG) |= (BIT))
      |                                ~~~~~~^~~~~~~~
../Drivers/STM32H7xx_HAL_Driver/Inc/stm32h7xx_ll_adc.h:7933:3: note: in expansion of macro 'SET_BIT'
 7933 |   SET_BIT(ADCx->IER, LL_ADC_IT_JQOVF);
      |   ^~~~~~~
../Drivers/STM32H7xx_HAL_Driver/Inc/stm32h7xx_ll_adc.h: In function 'void LL_ADC_EnableIT_AWD1(ADC_TypeDef*)':
../Drivers/CMSIS/Device/ST/STM32H7xx/Include/stm32h7xx.h:206:38: warning: compound assignment with 'volatile'-qualified left operand is deprecated [-Wvolatile]
  206 | #define SET_BIT(REG, BIT)     ((REG) |= (BIT))
      |                                ~~~~~~^~~~~~~~
../Drivers/STM32H7xx_HAL_Driver/Inc/stm32h7xx_ll_adc.h:7944:3: note: in expansion of macro 'SET_BIT'
 7944 |   SET_BIT(ADCx->IER, LL_ADC_IT_AWD1);
      |   ^~~~~~~
../Drivers/STM32H7xx_HAL_Driver/Inc/stm32h7xx_ll_adc.h: In function 'void LL_ADC_EnableIT_AWD2(ADC_TypeDef*)':
../Drivers/CMSIS/Device/ST/STM32H7xx/Include/stm32h7xx.h:206:38: warning: compound assignment with 'volatile'-qualified left operand is deprecated [-Wvolatile]
  206 | #define SET_BIT(REG, BIT)     ((REG) |= (BIT))
      |                                ~~~~~~^~~~~~~~
../Drivers/STM32H7xx_HAL_Driver/Inc/stm32h7xx_ll_adc.h:7955:3: note: in expansion of macro 'SET_BIT'
 7955 |   SET_BIT(ADCx->IER, LL_ADC_IT_AWD2);
      |   ^~~~~~~
../Drivers/STM32H7xx_HAL_Driver/Inc/stm32h7xx_ll_adc.h: In function 'void LL_ADC_EnableIT_AWD3(ADC_TypeDef*)':
../Drivers/CMSIS/Device/ST/STM32H7xx/Include/stm32h7xx.h:206:38: warning: compound assignment with 'volatile'-qualified left operand is deprecated [-Wvolatile]
  206 | #define SET_BIT(REG, BIT)     ((REG) |= (BIT))
      |                                ~~~~~~^~~~~~~~
../Drivers/STM32H7xx_HAL_Driver/Inc/stm32h7xx_ll_adc.h:7966:3: note: in expansion of macro 'SET_BIT'
 7966 |   SET_BIT(ADCx->IER, LL_ADC_IT_AWD3);
      |   ^~~~~~~
../Drivers/STM32H7xx_HAL_Driver/Inc/stm32h7xx_ll_adc.h: In function 'void LL_ADC_DisableIT_ADRDY(ADC_TypeDef*)':
../Drivers/CMSIS/Device/ST/STM32H7xx/Include/stm32h7xx.h:208:38: warning: compound assignment with 'volatile'-qualified left operand is deprecated [-Wvolatile]
  208 | #define CLEAR_BIT(REG, BIT)   ((REG) &= ~(BIT))
      |                                ~~~~~~^~~~~~~~~
../Drivers/STM32H7xx_HAL_Driver/Inc/stm32h7xx_ll_adc.h:7977:3: note: in expansion of macro 'CLEAR_BIT'
 7977 |   CLEAR_BIT(ADCx->IER, LL_ADC_IT_ADRDY);
      |   ^~~~~~~~~
../Drivers/STM32H7xx_HAL_Driver/Inc/stm32h7xx_ll_adc.h: In function 'void LL_ADC_DisableIT_EOC(ADC_TypeDef*)':
../Drivers/CMSIS/Device/ST/STM32H7xx/Include/stm32h7xx.h:208:38: warning: compound assignment with 'volatile'-qualified left operand is deprecated [-Wvolatile]
  208 | #define CLEAR_BIT(REG, BIT)   ((REG) &= ~(BIT))
      |                                ~~~~~~^~~~~~~~~
../Drivers/STM32H7xx_HAL_Driver/Inc/stm32h7xx_ll_adc.h:7988:3: note: in expansion of macro 'CLEAR_BIT'
 7988 |   CLEAR_BIT(ADCx->IER, LL_ADC_IT_EOC);
      |   ^~~~~~~~~
../Drivers/STM32H7xx_HAL_Driver/Inc/stm32h7xx_ll_adc.h: In function 'void LL_ADC_DisableIT_EOS(ADC_TypeDef*)':
../Drivers/CMSIS/Device/ST/STM32H7xx/Include/stm32h7xx.h:208:38: warning: compound assignment with 'volatile'-qualified left operand is deprecated [-Wvolatile]
  208 | #define CLEAR_BIT(REG, BIT)   ((REG) &= ~(BIT))
      |                                ~~~~~~^~~~~~~~~
../Drivers/STM32H7xx_HAL_Driver/Inc/stm32h7xx_ll_adc.h:7999:3: note: in expansion of macro 'CLEAR_BIT'
 7999 |   CLEAR_BIT(ADCx->IER, LL_ADC_IT_EOS);
      |   ^~~~~~~~~
../Drivers/STM32H7xx_HAL_Driver/Inc/stm32h7xx_ll_adc.h: In function 'void LL_ADC_DisableIT_OVR(ADC_TypeDef*)':
../Drivers/CMSIS/Device/ST/STM32H7xx/Include/stm32h7xx.h:208:38: warning: compound assignment with 'volatile'-qualified left operand is deprecated [-Wvolatile]
  208 | #define CLEAR_BIT(REG, BIT)   ((REG) &= ~(BIT))
      |                                ~~~~~~^~~~~~~~~
../Drivers/STM32H7xx_HAL_Driver/Inc/stm32h7xx_ll_adc.h:8010:3: note: in expansion of macro 'CLEAR_BIT'
 8010 |   CLEAR_BIT(ADCx->IER, LL_ADC_IT_OVR);
      |   ^~~~~~~~~
../Drivers/STM32H7xx_HAL_Driver/Inc/stm32h7xx_ll_adc.h: In function 'void LL_ADC_DisableIT_EOSMP(ADC_TypeDef*)':
../Drivers/CMSIS/Device/ST/STM32H7xx/Include/stm32h7xx.h:208:38: warning: compound assignment with 'volatile'-qualified left operand is deprecated [-Wvolatile]
  208 | #define CLEAR_BIT(REG, BIT)   ((REG) &= ~(BIT))
      |                                ~~~~~~^~~~~~~~~
../Drivers/STM32H7xx_HAL_Driver/Inc/stm32h7xx_ll_adc.h:8021:3: note: in expansion of macro 'CLEAR_BIT'
 8021 |   CLEAR_BIT(ADCx->IER, LL_ADC_IT_EOSMP);
      |   ^~~~~~~~~
../Drivers/STM32H7xx_HAL_Driver/Inc/stm32h7xx_ll_adc.h: In function 'void LL_ADC_DisableIT_JEOC(ADC_TypeDef*)':
../Drivers/CMSIS/Device/ST/STM32H7xx/Include/stm32h7xx.h:208:38: warning: compound assignment with 'volatile'-qualified left operand is deprecated [-Wvolatile]
  208 | #define CLEAR_BIT(REG, BIT)   ((REG) &= ~(BIT))
      |                                ~~~~~~^~~~~~~~~
../Drivers/STM32H7xx_HAL_Driver/Inc/stm32h7xx_ll_adc.h:8032:3: note: in expansion of macro 'CLEAR_BIT'
 8032 |   CLEAR_BIT(ADCx->IER, LL_ADC_IT_JEOC);
      |   ^~~~~~~~~
../Drivers/STM32H7xx_HAL_Driver/Inc/stm32h7xx_ll_adc.h: In function 'void LL_ADC_DisableIT_JEOS(ADC_TypeDef*)':
../Drivers/CMSIS/Device/ST/STM32H7xx/Include/stm32h7xx.h:208:38: warning: compound assignment with 'volatile'-qualified left operand is deprecated [-Wvolatile]
  208 | #define CLEAR_BIT(REG, BIT)   ((REG) &= ~(BIT))
      |                                ~~~~~~^~~~~~~~~
../Drivers/STM32H7xx_HAL_Driver/Inc/stm32h7xx_ll_adc.h:8043:3: note: in expansion of macro 'CLEAR_BIT'
 8043 |   CLEAR_BIT(ADCx->IER, LL_ADC_IT_JEOS);
      |   ^~~~~~~~~
../Drivers/STM32H7xx_HAL_Driver/Inc/stm32h7xx_ll_adc.h: In function 'void LL_ADC_DisableIT_JQOVF(ADC_TypeDef*)':
../Drivers/CMSIS/Device/ST/STM32H7xx/Include/stm32h7xx.h:208:38: warning: compound assignment with 'volatile'-qualified left operand is deprecated [-Wvolatile]
  208 | #define CLEAR_BIT(REG, BIT)   ((REG) &= ~(BIT))
      |                                ~~~~~~^~~~~~~~~
../Drivers/STM32H7xx_HAL_Driver/Inc/stm32h7xx_ll_adc.h:8054:3: note: in expansion of macro 'CLEAR_BIT'
 8054 |   CLEAR_BIT(ADCx->IER, LL_ADC_IT_JQOVF);
      |   ^~~~~~~~~
../Drivers/STM32H7xx_HAL_Driver/Inc/stm32h7xx_ll_adc.h: In function 'void LL_ADC_DisableIT_AWD1(ADC_TypeDef*)':
../Drivers/CMSIS/Device/ST/STM32H7xx/Include/stm32h7xx.h:208:38: warning: compound assignment with 'volatile'-qualified left operand is deprecated [-Wvolatile]
  208 | #define CLEAR_BIT(REG, BIT)   ((REG) &= ~(BIT))
      |                                ~~~~~~^~~~~~~~~
../Drivers/STM32H7xx_HAL_Driver/Inc/stm32h7xx_ll_adc.h:8065:3: note: in expansion of macro 'CLEAR_BIT'
 8065 |   CLEAR_BIT(ADCx->IER, LL_ADC_IT_AWD1);
      |   ^~~~~~~~~
../Drivers/STM32H7xx_HAL_Driver/Inc/stm32h7xx_ll_adc.h: In function 'void LL_ADC_DisableIT_AWD2(ADC_TypeDef*)':
../Drivers/CMSIS/Device/ST/STM32H7xx/Include/stm32h7xx.h:208:38: warning: compound assignment with 'volatile'-qualified left operand is deprecated [-Wvolatile]
  208 | #define CLEAR_BIT(REG, BIT)   ((REG) &= ~(BIT))
      |                                ~~~~~~^~~~~~~~~
../Drivers/STM32H7xx_HAL_Driver/Inc/stm32h7xx_ll_adc.h:8076:3: note: in expansion of macro 'CLEAR_BIT'
 8076 |   CLEAR_BIT(ADCx->IER, LL_ADC_IT_AWD2);
      |   ^~~~~~~~~
../Drivers/STM32H7xx_HAL_Driver/Inc/stm32h7xx_ll_adc.h: In function 'void LL_ADC_DisableIT_AWD3(ADC_TypeDef*)':
../Drivers/CMSIS/Device/ST/STM32H7xx/Include/stm32h7xx.h:208:38: warning: compound assignment with 'volatile'-qualified left operand is deprecated [-Wvolatile]
  208 | #define CLEAR_BIT(REG, BIT)   ((REG) &= ~(BIT))
      |                                ~~~~~~^~~~~~~~~
../Drivers/STM32H7xx_HAL_Driver/Inc/stm32h7xx_ll_adc.h:8087:3: note: in expansion of macro 'CLEAR_BIT'
 8087 |   CLEAR_BIT(ADCx->IER, LL_ADC_IT_AWD3);
      |   ^~~~~~~~~
In file included from /home/stefancostea/Documents/ST-LIB/Inc/HALAL/Services/Communication/Ethernet/UDP/DatagramSocket.hpp:3,
                 from /home/stefancostea/Documents/ST-LIB/Inc/HALAL/HALAL.hpp:21,
                 from /home/stefancostea/Documents/ST-LIB/Inc/ST-LIB.hpp:3,
                 from ../Core/Src/main.cpp:4:
/home/stefancostea/Documents/ST-LIB/Inc/HALAL/Models/Packets/Packet.hpp: In member function 'virtual void HeapPacket::parse(void*)':
/home/stefancostea/Documents/ST-LIB/Inc/HALAL/Models/Packets/Packet.hpp:174:14: warning: pointer of type 'void *' used in arithmetic [-Wpointer-arith]
  174 |         data += sizeof(id);
      |         ~~~~~^~~~~~~~~~~~~
/home/stefancostea/Documents/ST-LIB/Inc/HALAL/Models/Packets/Packet.hpp:177:18: warning: pointer of type 'void *' used in arithmetic [-Wpointer-arith]
  177 |             data += value.get()->get_size();
      |             ~~~~~^~~~~~~~~~~~~~~~~~~~~~~~~~
In file included from /home/stefancostea/Documents/ST-LIB/Inc/ST-LIB_HIGH/Protections/Protection.hpp:5,
                 from /home/stefancostea/Documents/ST-LIB/Inc/ST-LIB_HIGH/ST-LIB_HIGH.hpp:10,
                 from /home/stefancostea/Documents/ST-LIB/Inc/ST-LIB.hpp:5,
                 from ../Core/Src/main.cpp:4:
/home/stefancostea/Documents/ST-LIB/Inc/ST-LIB_HIGH/Protections/Boundary.hpp: In member function 'virtual int Boundary<double, TIME_ACCUMULATION>::get_string_size()':
/home/stefancostea/Documents/ST-LIB/Inc/ST-LIB_HIGH/Protections/Boundary.hpp:216:29: warning: format '%s' expects a matching 'char*' argument [-Wformat=]
  216 |   return snprintf(nullptr,0,format,to_string(*src).c_str(), to_string(time_limit).c_str());
      |                             ^~~~~~
/home/stefancostea/Documents/ST-LIB/Inc/ST-LIB_HIGH/Protections/Boundary.hpp: In member function 'virtual char* Boundary<double, TIME_ACCUMULATION>::serialize(char*)':
/home/stefancostea/Documents/ST-LIB/Inc/ST-LIB_HIGH/Protections/Boundary.hpp:219:16: warning: format '%s' expects a matching 'char*' argument [-Wformat=]
  219 |   sprintf(dst, format, to_string(*src).c_str(), to_string(time_limit).c_str());
      |                ^~~~~~
In file included from /home/stefancostea/Documents/ST-LIB/Inc/ST-LIB_HIGH/Protections/ProtectionManager.hpp:7,
                 from /home/stefancostea/Documents/ST-LIB/Inc/ST-LIB_HIGH/ST-LIB_HIGH.hpp:11,
                 from /home/stefancostea/Documents/ST-LIB/Inc/ST-LIB.hpp:5,
                 from ../Core/Src/main.cpp:4:
/home/stefancostea/Documents/ST-LIB/Inc/ST-LIB_HIGH/Protections/Notification.hpp: In member function 'virtual void Notification::parse(OrderProtocol*, void*)':
/home/stefancostea/Documents/ST-LIB/Inc/ST-LIB_HIGH/Protections/Notification.hpp:72:23: warning: pointer of type 'void *' used in arithmetic [-Wpointer-arith]
   72 |      memcpy(temp, data+sizeof(id)+sizeof(message_size_t), get_string_size(data));
      |                   ~~~~^~~~~~~~~~~
/home/stefancostea/Documents/ST-LIB/Inc/ST-LIB_HIGH/Protections/Notification.hpp:72:34: warning: pointer of type 'void *' used in arithmetic [-Wpointer-arith]
   72 |      memcpy(temp, data+sizeof(id)+sizeof(message_size_t), get_string_size(data));
      |                   ~~~~~~~~~~~~~~~^~~~~~~~~~~~~~~~~~~~~~~
/home/stefancostea/Documents/ST-LIB/Inc/ST-LIB_HIGH/Protections/Notification.hpp: In member function 'uint16_t Notification::get_string_size(void*)':
/home/stefancostea/Documents/ST-LIB/Inc/ST-LIB_HIGH/Protections/Notification.hpp:94:33: warning: pointer of type 'void *' used in arithmetic [-Wpointer-arith]
   94 |      return *(uint16_t*)(buffer + sizeof(id));
      |                          ~~~~~~~^~~~~~~~~~~~
In file included from ../Core/Inc/LCU_MASTER.hpp:2,
                 from ../Core/Src/main.cpp:6:
../Core/Inc/LCU_Actuators/LCU_Actuators.hpp: In constructor 'LCU::Actuators<LCU::TESTBENCH_1DOF>::Actuators(LCU::COIL_ID)':
../Core/Inc/LCU_Actuators/LCU_Actuators.hpp:111:15: warning: enumeration value 'HEMS_2' not handled in switch [-Wswitch]
  111 |         switch(id){
      |               ^
../Core/Inc/LCU_Actuators/LCU_Actuators.hpp:111:15: warning: enumeration value 'HEMS_4' not handled in switch [-Wswitch]
../Core/Inc/LCU_Actuators/LCU_Actuators.hpp:111:15: warning: enumeration value 'EMS_2' not handled in switch [-Wswitch]
../Core/Inc/LCU_Actuators/LCU_Actuators.hpp:111:15: warning: enumeration value 'EMS_4' not handled in switch [-Wswitch]
In file included from ../Core/Inc/LCU_Control/LCU_Control.hpp:2,
                 from ../Core/Inc/LCU_MASTER.hpp:5,
                 from ../Core/Src/main.cpp:6:
../Core/Inc/LCU_Control/DistanceControl.hpp: In constructor 'DistanceControl<LCU::VEHICLE_5DOF>::DistanceControl(float (&)[8], float (&)[8])':
../Core/Inc/LCU_Control/DistanceControl.hpp:45:106: warning: 'DistanceControl<LCU::VEHICLE_5DOF>::rot_x_integrator' will be initialized after [-Wreorder]
   45 |  Integrator<IntegratorType::Trapezoidal> y_integrator, z_integrator, rot_y_integrator, rot_z_integrator, rot_x_integrator;
      |                                                                                                          ^~~~~~~~~~~~~~~~
../Core/Inc/LCU_Control/DistanceControl.hpp:45:70: warning:   'Integrator<IntegratorType::Trapezoidal> DistanceControl<LCU::VEHICLE_5DOF>::rot_y_integrator' [-Wreorder]
   45 |  Integrator<IntegratorType::Trapezoidal> y_integrator, z_integrator, rot_y_integrator, rot_z_integrator, rot_x_integrator;
      |                                                                      ^~~~~~~~~~~~~~~~
In file included from ../Core/Inc/LCU_Control/LCU_Control.hpp:2,
                 from ../Core/Inc/LCU_MASTER.hpp:5,
                 from ../Core/Src/main.cpp:6:
../Core/Inc/LCU_Control/DistanceControl.hpp:74:2: warning:   when initialized here [-Wreorder]
   74 |  DistanceControl(float(&distaces)[8], float(&current_references)[8]) : y_integrator(period,1), z_integrator(period,1),
      |  ^~~~~~~~~~~~~~~
In file included from ../Core/Inc/LCU_Control/LCU_Control.hpp:2,
                 from ../Core/Inc/LCU_MASTER.hpp:5,
                 from ../Core/Src/main.cpp:6:
../Core/Inc/LCU_Control/DistanceControl.hpp:45:88: warning: 'DistanceControl<LCU::VEHICLE_5DOF>::rot_z_integrator' will be initialized after [-Wreorder]
   45 |  Integrator<IntegratorType::Trapezoidal> y_integrator, z_integrator, rot_y_integrator, rot_z_integrator, rot_x_integrator;
      |                                                                                        ^~~~~~~~~~~~~~~~
../Core/Inc/LCU_Control/DistanceControl.hpp:44:18: warning:   'SimpleDerivator DistanceControl<LCU::VEHICLE_5DOF>::y_derivator' [-Wreorder]
   44 |  SimpleDerivator y_derivator, z_derivator, rot_y_derivator, rot_z_derivator, rot_x_derivator;
      |                  ^~~~~~~~~~~
In file included from ../Core/Inc/LCU_Control/LCU_Control.hpp:2,
                 from ../Core/Inc/LCU_MASTER.hpp:5,
                 from ../Core/Src/main.cpp:6:
../Core/Inc/LCU_Control/DistanceControl.hpp:74:2: warning:   when initialized here [-Wreorder]
   74 |  DistanceControl(float(&distaces)[8], float(&current_references)[8]) : y_integrator(period,1), z_integrator(period,1),
      |  ^~~~~~~~~~~~~~~
In file included from ../Core/Inc/LCU_Control/LCU_Control.hpp:2,
                 from ../Core/Inc/LCU_MASTER.hpp:5,
                 from ../Core/Src/main.cpp:6:
../Core/Inc/LCU_Control/DistanceControl.hpp:44:78: warning: 'DistanceControl<LCU::VEHICLE_5DOF>::rot_x_derivator' will be initialized after [-Wreorder]
   44 |  SimpleDerivator y_derivator, z_derivator, rot_y_derivator, rot_z_derivator, rot_x_derivator;
      |                                                                              ^~~~~~~~~~~~~~~
../Core/Inc/LCU_Control/DistanceControl.hpp:44:44: warning:   'SimpleDerivator DistanceControl<LCU::VEHICLE_5DOF>::rot_y_derivator' [-Wreorder]
   44 |  SimpleDerivator y_derivator, z_derivator, rot_y_derivator, rot_z_derivator, rot_x_derivator;
      |                                            ^~~~~~~~~~~~~~~
In file included from ../Core/Inc/LCU_Control/LCU_Control.hpp:2,
                 from ../Core/Inc/LCU_MASTER.hpp:5,
                 from ../Core/Src/main.cpp:6:
../Core/Inc/LCU_Control/DistanceControl.hpp:74:2: warning:   when initialized here [-Wreorder]
   74 |  DistanceControl(float(&distaces)[8], float(&current_references)[8]) : y_integrator(period,1), z_integrator(period,1),
      |  ^~~~~~~~~~~~~~~
../Core/Inc/LCU_Control/DistanceControl.hpp:72:27: warning: 'DistanceControl<LCU::VEHICLE_5DOF>::matrix_multiplier' will be initialized after [-Wreorder]
   72 |  MatrixMultiplier<8,15,1> matrix_multiplier;
      |                           ^~~~~~~~~~~~~~~~~
In file included from ../Core/Inc/LCU_Control/LCU_Control.hpp:2,
                 from ../Core/Inc/LCU_MASTER.hpp:5,
                 from ../Core/Src/main.cpp:6:
../Core/Inc/LCU_Control/DistanceControl.hpp:48:31: warning:   'LevitationPositionCalculator DistanceControl<LCU::VEHICLE_5DOF>::airgap2pos' [-Wreorder]
   48 |  LevitationPositionCalculator airgap2pos;
      |                               ^~~~~~~~~~
In file included from ../Core/Inc/LCU_Control/LCU_Control.hpp:2,
                 from ../Core/Inc/LCU_MASTER.hpp:5,
                 from ../Core/Src/main.cpp:6:
../Core/Inc/LCU_Control/DistanceControl.hpp:74:2: warning:   when initialized here [-Wreorder]
   74 |  DistanceControl(float(&distaces)[8], float(&current_references)[8]) : y_integrator(period,1), z_integrator(period,1),
      |  ^~~~~~~~~~~~~~~
../Core/Inc/LCU_Control/DistanceControl.hpp:77:105: error: no matching function for call to 'MatrixMultiplier<8, 15, 1>::MatrixMultiplier(double [8][15], double [15], float [8])'
   77 |   matrix_multiplier(K,U,current_references), airgap2pos(distaces), current_references(current_references)
      |                                                                                                         ^
In file included from /home/stefancostea/Documents/ST-LIB/Inc/ST-LIB_HIGH/ST-LIB_HIGH.hpp:22,
                 from /home/stefancostea/Documents/ST-LIB/Inc/ST-LIB.hpp:5,
                 from ../Core/Src/main.cpp:4:
/home/stefancostea/Documents/ST-LIB/Inc/ST-LIB_HIGH/Control/Blocks/MatrixMultiplier.hpp:43:5: note: candidate: 'MatrixMultiplier<U, V, 1>::MatrixMultiplier(float (&)[U][V], float (&)[V], float (&)[U]) [with unsigned int U = 8; unsigned int V = 15]'
   43 |     MatrixMultiplier(float(&A)[U][V], float(&B)[V], float(&result)[U]) :  A(A), B(B), result(result){
      |     ^~~~~~~~~~~~~~~~
/home/stefancostea/Documents/ST-LIB/Inc/ST-LIB_HIGH/Control/Blocks/MatrixMultiplier.hpp:43:29: note:   no known conversion for argument 1 from 'double [8][15]' to 'float (&)[8][15]'
   43 |     MatrixMultiplier(float(&A)[U][V], float(&B)[V], float(&result)[U]) :  A(A), B(B), result(result){
      |                      ~~~~~~~^~~~~~~~
/home/stefancostea/Documents/ST-LIB/Inc/ST-LIB_HIGH/Control/Blocks/MatrixMultiplier.hpp:40:7: note: candidate: 'constexpr MatrixMultiplier<8, 15, 1>::MatrixMultiplier(const MatrixMultiplier<8, 15, 1>&)'
   40 | class MatrixMultiplier<U,V,1> : public ControlBlock<float(*)[U][V], float(*)[U]>{
      |       ^~~~~~~~~~~~~~~~~~~~~~~
/home/stefancostea/Documents/ST-LIB/Inc/ST-LIB_HIGH/Control/Blocks/MatrixMultiplier.hpp:40:7: note:   candidate expects 1 argument, 3 provided
/home/stefancostea/Documents/ST-LIB/Inc/ST-LIB_HIGH/Control/Blocks/MatrixMultiplier.hpp:40:7: note: candidate: 'constexpr MatrixMultiplier<8, 15, 1>::MatrixMultiplier(MatrixMultiplier<8, 15, 1>&&)'
/home/stefancostea/Documents/ST-LIB/Inc/ST-LIB_HIGH/Control/Blocks/MatrixMultiplier.hpp:40:7: note:   candidate expects 1 argument, 3 provided
In file included from ../Core/Inc/LCU_MASTER.hpp:5,
                 from ../Core/Src/main.cpp:6:
../Core/Inc/LCU_Control/LCU_Control.hpp: In constructor 'LCU::Control<LCU::LPU_VALIDATION>::Control(LCU::Actuators<LCU::LPU_VALIDATION>&, LCU::Data<LCU::LPU_VALIDATION>&, LCU::COIL_ID)':
../Core/Inc/LCU_Control/LCU_Control.hpp:15:113: error: no matching function for call to 'CurrentControl::CurrentControl()'
   15 |             Control(LCU::Actuators<LPU_VALIDATION>& actuators, LCU::Data<LPU_VALIDATION>& data, COIL_ID hems_id){
      |                                                                                                                 ^
In file included from ../Core/Inc/LCU_Control/LCU_Control.hpp:7,
                 from ../Core/Inc/LCU_MASTER.hpp:5,
                 from ../Core/Src/main.cpp:6:
../Core/Inc/LCU_Control/CurrentControl.hpp:21:2: note: candidate: 'CurrentControl::CurrentControl(LPU_HalfBridge&, float&)'
   21 |  CurrentControl(LPU_HalfBridge& half_bridge, float& current_reference) : half_bridge(half_bridge), reference_current(current_reference) {}
      |  ^~~~~~~~~~~~~~
../Core/Inc/LCU_Control/CurrentControl.hpp:21:2: note:   candidate expects 2 arguments, 0 provided
../Core/Inc/LCU_Control/CurrentControl.hpp:8:7: note: candidate: 'CurrentControl::CurrentControl(CurrentControl&&)'
    8 | class CurrentControl{
      |       ^~~~~~~~~~~~~~
../Core/Inc/LCU_Control/CurrentControl.hpp:8:7: note:   candidate expects 1 argument, 0 provided
In file included from ../Core/Inc/LCU_MASTER.hpp:5,
                 from ../Core/Src/main.cpp:6:
../Core/Inc/LCU_Control/LCU_Control.hpp:18:91: error: use of deleted function 'CurrentControl& CurrentControl::operator=(CurrentControl&&)'
   18 |                         current_control = {actuators.HEMS_1, data.reference_current_hems_1};
      |                                                                                           ^
In file included from ../Core/Inc/LCU_Control/LCU_Control.hpp:7,
                 from ../Core/Inc/LCU_MASTER.hpp:5,
                 from ../Core/Src/main.cpp:6:
../Core/Inc/LCU_Control/CurrentControl.hpp:8:7: note: 'CurrentControl& CurrentControl::operator=(CurrentControl&&)' is implicitly deleted because the default definition would be ill-formed:
    8 | class CurrentControl{
      |       ^~~~~~~~~~~~~~
../Core/Inc/LCU_Control/CurrentControl.hpp:8:7: error: use of deleted function 'constexpr Saturator<float>& Saturator<float>::operator=(const Saturator<float>&)'
In file included from /home/stefancostea/Documents/ST-LIB/Inc/ST-LIB_HIGH/ST-LIB_HIGH.hpp:21,
                 from /home/stefancostea/Documents/ST-LIB/Inc/ST-LIB.hpp:5,
                 from ../Core/Src/main.cpp:4:
/home/stefancostea/Documents/ST-LIB/Inc/ST-LIB_HIGH/Control/Blocks/Saturator.hpp:11:7: note: 'constexpr Saturator<float>& Saturator<float>::operator=(const Saturator<float>&)' is implicitly declared as deleted because 'Saturator<float>' declares a move constructor or move assignment operator
   11 | class Saturator: public ControlBlock<ComparableType,ComparableType> {
      |       ^~~~~~~~~
In file included from ../Core/Inc/LCU_Control/LCU_Control.hpp:7,
                 from ../Core/Inc/LCU_MASTER.hpp:5,
                 from ../Core/Src/main.cpp:6:
../Core/Inc/LCU_Control/CurrentControl.hpp:8:7: error: use of deleted function 'constexpr Saturator<float>& Saturator<float>::operator=(const Saturator<float>&)'
    8 | class CurrentControl{
      |       ^~~~~~~~~~~~~~
../Core/Inc/LCU_Control/CurrentControl.hpp:8:7: error: non-static reference member 'float& CurrentControl::reference_current', cannot use default assignment operator
In file included from ../Core/Inc/LCU_MASTER.hpp:5,
                 from ../Core/Src/main.cpp:6:
../Core/Inc/LCU_Control/LCU_Control.hpp:21:91: error: use of deleted function 'CurrentControl& CurrentControl::operator=(CurrentControl&&)'
   21 |                         current_control = {actuators.HEMS_3, data.reference_current_hems_3};
      |                                                                                           ^
../Core/Inc/LCU_Control/LCU_Control.hpp:24:89: error: use of deleted function 'CurrentControl& CurrentControl::operator=(CurrentControl&&)'
   24 |                         current_control = {actuators.EMS_1, data.reference_current_ems_1};
      |                                                                                         ^
../Core/Inc/LCU_Control/LCU_Control.hpp:27:89: error: use of deleted function 'CurrentControl& CurrentControl::operator=(CurrentControl&&)'
   27 |                         current_control = {actuators.EMS_3, data.reference_current_ems_3};
      |                                                                                         ^
../Core/Inc/LCU_Control/LCU_Control.hpp: In constructor 'LCU::Control<LCU::TESTBENCH_1DOF>::Control(LCU::Actuators<LCU::LPU_VALIDATION>&, LCU::Data<LCU::TESTBENCH_1DOF>&, LCU::COIL_ID)':
../Core/Inc/LCU_Control/LCU_Control.hpp:58:109: error: no matching function for call to 'CurrentControl::CurrentControl()'
   58 |         Control(LCU::Actuators<LPU_VALIDATION>& actuators, LCU::Data<TESTBENCH_1DOF>& data, COIL_ID hems_id){
      |                                                                                                             ^
In file included from ../Core/Inc/LCU_Control/LCU_Control.hpp:7,
                 from ../Core/Inc/LCU_MASTER.hpp:5,
                 from ../Core/Src/main.cpp:6:
../Core/Inc/LCU_Control/CurrentControl.hpp:21:2: note: candidate: 'CurrentControl::CurrentControl(LPU_HalfBridge&, float&)'
   21 |  CurrentControl(LPU_HalfBridge& half_bridge, float& current_reference) : half_bridge(half_bridge), reference_current(current_reference) {}
      |  ^~~~~~~~~~~~~~
../Core/Inc/LCU_Control/CurrentControl.hpp:21:2: note:   candidate expects 2 arguments, 0 provided
../Core/Inc/LCU_Control/CurrentControl.hpp:8:7: note: candidate: 'CurrentControl::CurrentControl(CurrentControl&&)'
    8 | class CurrentControl{
      |       ^~~~~~~~~~~~~~
../Core/Inc/LCU_Control/CurrentControl.hpp:8:7: note:   candidate expects 1 argument, 0 provided
In file included from ../Core/Inc/LCU_MASTER.hpp:5,
                 from ../Core/Src/main.cpp:6:
../Core/Inc/LCU_Control/LCU_Control.hpp:61:79: error: use of deleted function 'CurrentControl& CurrentControl::operator=(CurrentControl&&)'
   61 |                     current_control = {actuators.HEMS_1,data.reference_current};
      |                                                                               ^
../Core/Inc/LCU_Control/LCU_Control.hpp:64:80: error: use of deleted function 'CurrentControl& CurrentControl::operator=(CurrentControl&&)'
   64 |                     current_control = {actuators.HEMS_3, data.reference_current};
      |                                                                                ^
../Core/Inc/LCU_Control/LCU_Control.hpp:67:79: error: use of deleted function 'CurrentControl& CurrentControl::operator=(CurrentControl&&)'
   67 |                     current_control = {actuators.EMS_1, data.reference_current};
      |                                                                               ^
../Core/Inc/LCU_Control/LCU_Control.hpp:70:79: error: use of deleted function 'CurrentControl& CurrentControl::operator=(CurrentControl&&)'
   70 |                     current_control = {actuators.EMS_3, data.reference_current};
      |                                                                               ^
In file included from ../Core/Inc/LCU_MASTER.hpp:8,
                 from ../Core/Src/main.cpp:6:
../Core/Inc/LCU_Sensors/LCU_Sensors.hpp: At global scope:
../Core/Inc/LCU_Sensors/LCU_Sensors.hpp:23:157: error: cannot bind non-const lvalue reference of type 'double&' to an rvalue of type 'double'
   23 |             FilteredLinearSensor<aigarp_filter_order> airgap_1_sensor {Pinout::AIRGAP_1_PIN, airgap_slope, airgap_offset - offset_mecanico, data.airgaps[1-1], airgap_1_filter};
      |                                                                                                                                             ~~~~~~~~~~~~~~~~^
In file included from /home/stefancostea/Documents/ST-LIB/Inc/ST-LIB_LOW/ST-LIB_LOW.hpp:6,
                 from /home/stefancostea/Documents/ST-LIB/Inc/ST-LIB.hpp:4,
                 from ../Core/Src/main.cpp:4:
/home/stefancostea/Documents/ST-LIB/Inc/ST-LIB_LOW/Sensors/LinearSensor/FilteredLinearSensor.hpp:11:70: note:   initializing argument 4 of 'FilteredLinearSensor<N>::FilteredLinearSensor(Pin&, double, double, double&, MovingAverage<N>&) [with unsigned int N = 10]'
   11 |  FilteredLinearSensor(Pin& pin, double slope, double offset, double& value, MovingAverage<N>& filter) : LinearSensor(pin, slope, offset, value), filter(filter){}
      |                                                              ~~~~~~~~^~~~~
In file included from ../Core/Inc/LCU_MASTER.hpp:8,
                 from ../Core/Src/main.cpp:6:
../Core/Inc/LCU_Sensors/LCU_Sensors.hpp:24:157: error: cannot bind non-const lvalue reference of type 'double&' to an rvalue of type 'double'
   24 |             FilteredLinearSensor<aigarp_filter_order> airgap_3_sensor {Pinout::AIRGAP_3_PIN, airgap_slope, airgap_offset - offset_mecanico, data.airgaps[3-1], airgap_3_filter};
      |                                                                                                                                             ~~~~~~~~~~~~~~~~^
In file included from /home/stefancostea/Documents/ST-LIB/Inc/ST-LIB_LOW/ST-LIB_LOW.hpp:6,
                 from /home/stefancostea/Documents/ST-LIB/Inc/ST-LIB.hpp:4,
                 from ../Core/Src/main.cpp:4:
/home/stefancostea/Documents/ST-LIB/Inc/ST-LIB_LOW/Sensors/LinearSensor/FilteredLinearSensor.hpp:11:70: note:   initializing argument 4 of 'FilteredLinearSensor<N>::FilteredLinearSensor(Pin&, double, double, double&, MovingAverage<N>&) [with unsigned int N = 10]'
   11 |  FilteredLinearSensor(Pin& pin, double slope, double offset, double& value, MovingAverage<N>& filter) : LinearSensor(pin, slope, offset, value), filter(filter){}
      |                                                              ~~~~~~~~^~~~~
In file included from ../Core/Inc/LCU_MASTER.hpp:8,
                 from ../Core/Src/main.cpp:6:
../Core/Inc/LCU_Sensors/LCU_Sensors.hpp:25:157: error: cannot bind non-const lvalue reference of type 'double&' to an rvalue of type 'double'
   25 |             FilteredLinearSensor<aigarp_filter_order> airgap_5_sensor {Pinout::AIRGAP_5_PIN, airgap_slope, airgap_offset - offset_mecanico, data.airgaps[5-1], airgap_5_filter};
      |                                                                                                                                             ~~~~~~~~~~~~~~~~^
In file included from /home/stefancostea/Documents/ST-LIB/Inc/ST-LIB_LOW/ST-LIB_LOW.hpp:6,
                 from /home/stefancostea/Documents/ST-LIB/Inc/ST-LIB.hpp:4,
                 from ../Core/Src/main.cpp:4:
/home/stefancostea/Documents/ST-LIB/Inc/ST-LIB_LOW/Sensors/LinearSensor/FilteredLinearSensor.hpp:11:70: note:   initializing argument 4 of 'FilteredLinearSensor<N>::FilteredLinearSensor(Pin&, double, double, double&, MovingAverage<N>&) [with unsigned int N = 10]'
   11 |  FilteredLinearSensor(Pin& pin, double slope, double offset, double& value, MovingAverage<N>& filter) : LinearSensor(pin, slope, offset, value), filter(filter){}
      |                                                              ~~~~~~~~^~~~~
In file included from ../Core/Inc/LCU_MASTER.hpp:8,
                 from ../Core/Src/main.cpp:6:
../Core/Inc/LCU_Sensors/LCU_Sensors.hpp:26:157: error: cannot bind non-const lvalue reference of type 'double&' to an rvalue of type 'double'
   26 |             FilteredLinearSensor<aigarp_filter_order> airgap_7_sensor {Pinout::AIRGAP_7_PIN, airgap_slope, airgap_offset - offset_mecanico, data.airgaps[7-1], airgap_7_filter};
      |                                                                                                                                             ~~~~~~~~~~~~~~~~^
In file included from /home/stefancostea/Documents/ST-LIB/Inc/ST-LIB_LOW/ST-LIB_LOW.hpp:6,
                 from /home/stefancostea/Documents/ST-LIB/Inc/ST-LIB.hpp:4,
                 from ../Core/Src/main.cpp:4:
/home/stefancostea/Documents/ST-LIB/Inc/ST-LIB_LOW/Sensors/LinearSensor/FilteredLinearSensor.hpp:11:70: note:   initializing argument 4 of 'FilteredLinearSensor<N>::FilteredLinearSensor(Pin&, double, double, double&, MovingAverage<N>&) [with unsigned int N = 10]'
   11 |  FilteredLinearSensor(Pin& pin, double slope, double offset, double& value, MovingAverage<N>& filter) : LinearSensor(pin, slope, offset, value), filter(filter){}
      |                                                              ~~~~~~~~^~~~~
In file included from ../Core/Inc/LCU_MASTER.hpp:8,
                 from ../Core/Src/main.cpp:6:
../Core/Inc/LCU_Sensors/LCU_Sensors.hpp:37:142: error: cannot bind non-const lvalue reference of type 'double&' to an rvalue of type 'double'
   37 |             FilteredLinearSensor<current_filter_order> current_hems_1_sensor {Pinout::HEMS1_CURRENT_PIN, current_slope, current_offset, data.coil_current_hems_1 ,current_hems_1_filter};
      |                                                                                                                                         ~~~~~^~~~~~~~~~~~~~~~~~~
In file included from /home/stefancostea/Documents/ST-LIB/Inc/ST-LIB_LOW/ST-LIB_LOW.hpp:6,
                 from /home/stefancostea/Documents/ST-LIB/Inc/ST-LIB.hpp:4,
                 from ../Core/Src/main.cpp:4:
/home/stefancostea/Documents/ST-LIB/Inc/ST-LIB_LOW/Sensors/LinearSensor/FilteredLinearSensor.hpp:11:70: note:   initializing argument 4 of 'FilteredLinearSensor<N>::FilteredLinearSensor(Pin&, double, double, double&, MovingAverage<N>&) [with unsigned int N = 20]'
   11 |  FilteredLinearSensor(Pin& pin, double slope, double offset, double& value, MovingAverage<N>& filter) : LinearSensor(pin, slope, offset, value), filter(filter){}
      |                                                              ~~~~~~~~^~~~~
In file included from ../Core/Inc/LCU_MASTER.hpp:8,
                 from ../Core/Src/main.cpp:6:
../Core/Inc/LCU_Sensors/LCU_Sensors.hpp:38:142: error: cannot bind non-const lvalue reference of type 'double&' to an rvalue of type 'double'
   38 |             FilteredLinearSensor<current_filter_order> current_hems_3_sensor {Pinout::HEMS3_CURRENT_PIN, current_slope, current_offset, data.coil_current_hems_3, current_hems_3_filter};
      |                                                                                                                                         ~~~~~^~~~~~~~~~~~~~~~~~~
In file included from /home/stefancostea/Documents/ST-LIB/Inc/ST-LIB_LOW/ST-LIB_LOW.hpp:6,
                 from /home/stefancostea/Documents/ST-LIB/Inc/ST-LIB.hpp:4,
                 from ../Core/Src/main.cpp:4:
/home/stefancostea/Documents/ST-LIB/Inc/ST-LIB_LOW/Sensors/LinearSensor/FilteredLinearSensor.hpp:11:70: note:   initializing argument 4 of 'FilteredLinearSensor<N>::FilteredLinearSensor(Pin&, double, double, double&, MovingAverage<N>&) [with unsigned int N = 20]'
   11 |  FilteredLinearSensor(Pin& pin, double slope, double offset, double& value, MovingAverage<N>& filter) : LinearSensor(pin, slope, offset, value), filter(filter){}
      |                                                              ~~~~~~~~^~~~~
In file included from ../Core/Inc/LCU_MASTER.hpp:8,
                 from ../Core/Src/main.cpp:6:
../Core/Inc/LCU_Sensors/LCU_Sensors.hpp:39:140: error: cannot bind non-const lvalue reference of type 'double&' to an rvalue of type 'double'
   39 |             FilteredLinearSensor<current_filter_order> current_ems_1_sensor {Pinout::EMS1_CURRENT_PIN, current_slope, current_offset, data.coil_current_ems_1, current_ems_1_filter};
      |                                                                                                                                       ~~~~~^~~~~~~~~~~~~~~~~~
In file included from /home/stefancostea/Documents/ST-LIB/Inc/ST-LIB_LOW/ST-LIB_LOW.hpp:6,
                 from /home/stefancostea/Documents/ST-LIB/Inc/ST-LIB.hpp:4,
                 from ../Core/Src/main.cpp:4:
/home/stefancostea/Documents/ST-LIB/Inc/ST-LIB_LOW/Sensors/LinearSensor/FilteredLinearSensor.hpp:11:70: note:   initializing argument 4 of 'FilteredLinearSensor<N>::FilteredLinearSensor(Pin&, double, double, double&, MovingAverage<N>&) [with unsigned int N = 20]'
   11 |  FilteredLinearSensor(Pin& pin, double slope, double offset, double& value, MovingAverage<N>& filter) : LinearSensor(pin, slope, offset, value), filter(filter){}
      |                                                              ~~~~~~~~^~~~~
In file included from ../Core/Inc/LCU_MASTER.hpp:8,
                 from ../Core/Src/main.cpp:6:
../Core/Inc/LCU_Sensors/LCU_Sensors.hpp:40:140: error: cannot bind non-const lvalue reference of type 'double&' to an rvalue of type 'double'
   40 |             FilteredLinearSensor<current_filter_order> current_ems_3_sensor {Pinout::EMS3_CURRENT_PIN, current_slope, current_offset, data.coil_current_ems_3, current_ems_3_filter};
      |                                                                                                                                       ~~~~~^~~~~~~~~~~~~~~~~~
In file included from /home/stefancostea/Documents/ST-LIB/Inc/ST-LIB_LOW/ST-LIB_LOW.hpp:6,
                 from /home/stefancostea/Documents/ST-LIB/Inc/ST-LIB.hpp:4,
                 from ../Core/Src/main.cpp:4:
/home/stefancostea/Documents/ST-LIB/Inc/ST-LIB_LOW/Sensors/LinearSensor/FilteredLinearSensor.hpp:11:70: note:   initializing argument 4 of 'FilteredLinearSensor<N>::FilteredLinearSensor(Pin&, double, double, double&, MovingAverage<N>&) [with unsigned int N = 20]'
   11 |  FilteredLinearSensor(Pin& pin, double slope, double offset, double& value, MovingAverage<N>& filter) : LinearSensor(pin, slope, offset, value), filter(filter){}
      |                                                              ~~~~~~~~^~~~~
In file included from ../Core/Inc/LCU_MASTER.hpp:8,
                 from ../Core/Src/main.cpp:6:
../Core/Inc/LCU_Sensors/LCU_Sensors.hpp:91:130: error: cannot bind non-const lvalue reference of type 'double&' to an rvalue of type 'double'
   91 |         FilteredLinearSensor<aigarp_filter_order> airgap_sensor {airgap_pin, airgap_slope, airgap_offset - offset_mecanico, data.airgap, airgap_filter};
      |                                                                                                                             ~~~~~^~~~~~
In file included from /home/stefancostea/Documents/ST-LIB/Inc/ST-LIB_LOW/ST-LIB_LOW.hpp:6,
                 from /home/stefancostea/Documents/ST-LIB/Inc/ST-LIB.hpp:4,
                 from ../Core/Src/main.cpp:4:
/home/stefancostea/Documents/ST-LIB/Inc/ST-LIB_LOW/Sensors/LinearSensor/FilteredLinearSensor.hpp:11:70: note:   initializing argument 4 of 'FilteredLinearSensor<N>::FilteredLinearSensor(Pin&, double, double, double&, MovingAverage<N>&) [with unsigned int N = 10]'
   11 |  FilteredLinearSensor(Pin& pin, double slope, double offset, double& value, MovingAverage<N>& filter) : LinearSensor(pin, slope, offset, value), filter(filter){}
      |                                                              ~~~~~~~~^~~~~
In file included from ../Core/Inc/LCU_MASTER.hpp:8,
                 from ../Core/Src/main.cpp:6:
../Core/Inc/LCU_Sensors/LCU_Sensors.hpp:100:117: error: cannot bind non-const lvalue reference of type 'double&' to an rvalue of type 'double'
  100 |         FilteredLinearSensor<current_filter_order> current_sensor {current_pin, current_slope, current_offset, data.coil_current, current_filter};
      |                                                                                                                ~~~~~^~~~~~~~~~~~
In file included from /home/stefancostea/Documents/ST-LIB/Inc/ST-LIB_LOW/ST-LIB_LOW.hpp:6,
                 from /home/stefancostea/Documents/ST-LIB/Inc/ST-LIB.hpp:4,
                 from ../Core/Src/main.cpp:4:
/home/stefancostea/Documents/ST-LIB/Inc/ST-LIB_LOW/Sensors/LinearSensor/FilteredLinearSensor.hpp:11:70: note:   initializing argument 4 of 'FilteredLinearSensor<N>::FilteredLinearSensor(Pin&, double, double, double&, MovingAverage<N>&) [with unsigned int N = 20]'
   11 |  FilteredLinearSensor(Pin& pin, double slope, double offset, double& value, MovingAverage<N>& filter) : LinearSensor(pin, slope, offset, value), filter(filter){}
      |                                                              ~~~~~~~~^~~~~
In file included from ../Core/Inc/LCU_MASTER.hpp:8,
                 from ../Core/Src/main.cpp:6:
../Core/Inc/LCU_Sensors/LCU_Sensors.hpp:139:157: error: cannot bind non-const lvalue reference of type 'double&' to an rvalue of type 'double'
  139 |             FilteredLinearSensor<aigarp_filter_order> airgap_1_sensor {Pinout::AIRGAP_1_PIN, airgap_slope, airgap_offset - offset_mecanico, data.airgaps[1-1], airgap_1_filter};
      |                                                                                                                                             ~~~~~~~~~~~~~~~~^
In file included from /home/stefancostea/Documents/ST-LIB/Inc/ST-LIB_LOW/ST-LIB_LOW.hpp:6,
                 from /home/stefancostea/Documents/ST-LIB/Inc/ST-LIB.hpp:4,
                 from ../Core/Src/main.cpp:4:
/home/stefancostea/Documents/ST-LIB/Inc/ST-LIB_LOW/Sensors/LinearSensor/FilteredLinearSensor.hpp:11:70: note:   initializing argument 4 of 'FilteredLinearSensor<N>::FilteredLinearSensor(Pin&, double, double, double&, MovingAverage<N>&) [with unsigned int N = 10]'
   11 |  FilteredLinearSensor(Pin& pin, double slope, double offset, double& value, MovingAverage<N>& filter) : LinearSensor(pin, slope, offset, value), filter(filter){}
      |                                                              ~~~~~~~~^~~~~
In file included from ../Core/Inc/LCU_MASTER.hpp:8,
                 from ../Core/Src/main.cpp:6:
../Core/Inc/LCU_Sensors/LCU_Sensors.hpp:140:157: error: cannot bind non-const lvalue reference of type 'double&' to an rvalue of type 'double'
  140 |             FilteredLinearSensor<aigarp_filter_order> airgap_3_sensor {Pinout::AIRGAP_3_PIN, airgap_slope, airgap_offset - offset_mecanico, data.airgaps[3-1], airgap_3_filter};
      |                                                                                                                                             ~~~~~~~~~~~~~~~~^
In file included from /home/stefancostea/Documents/ST-LIB/Inc/ST-LIB_LOW/ST-LIB_LOW.hpp:6,
                 from /home/stefancostea/Documents/ST-LIB/Inc/ST-LIB.hpp:4,
                 from ../Core/Src/main.cpp:4:
/home/stefancostea/Documents/ST-LIB/Inc/ST-LIB_LOW/Sensors/LinearSensor/FilteredLinearSensor.hpp:11:70: note:   initializing argument 4 of 'FilteredLinearSensor<N>::FilteredLinearSensor(Pin&, double, double, double&, MovingAverage<N>&) [with unsigned int N = 10]'
   11 |  FilteredLinearSensor(Pin& pin, double slope, double offset, double& value, MovingAverage<N>& filter) : LinearSensor(pin, slope, offset, value), filter(filter){}
      |                                                              ~~~~~~~~^~~~~
In file included from ../Core/Inc/LCU_MASTER.hpp:8,
                 from ../Core/Src/main.cpp:6:
../Core/Inc/LCU_Sensors/LCU_Sensors.hpp:141:157: error: cannot bind non-const lvalue reference of type 'double&' to an rvalue of type 'double'
  141 |             FilteredLinearSensor<aigarp_filter_order> airgap_5_sensor {Pinout::AIRGAP_5_PIN, airgap_slope, airgap_offset - offset_mecanico, data.airgaps[5-1], airgap_5_filter};
      |                                                                                                                                             ~~~~~~~~~~~~~~~~^
In file included from /home/stefancostea/Documents/ST-LIB/Inc/ST-LIB_LOW/ST-LIB_LOW.hpp:6,
                 from /home/stefancostea/Documents/ST-LIB/Inc/ST-LIB.hpp:4,
                 from ../Core/Src/main.cpp:4:
/home/stefancostea/Documents/ST-LIB/Inc/ST-LIB_LOW/Sensors/LinearSensor/FilteredLinearSensor.hpp:11:70: note:   initializing argument 4 of 'FilteredLinearSensor<N>::FilteredLinearSensor(Pin&, double, double, double&, MovingAverage<N>&) [with unsigned int N = 10]'
   11 |  FilteredLinearSensor(Pin& pin, double slope, double offset, double& value, MovingAverage<N>& filter) : LinearSensor(pin, slope, offset, value), filter(filter){}
      |                                                              ~~~~~~~~^~~~~
In file included from ../Core/Inc/LCU_MASTER.hpp:8,
                 from ../Core/Src/main.cpp:6:
../Core/Inc/LCU_Sensors/LCU_Sensors.hpp:142:157: error: cannot bind non-const lvalue reference of type 'double&' to an rvalue of type 'double'
  142 |             FilteredLinearSensor<aigarp_filter_order> airgap_7_sensor {Pinout::AIRGAP_7_PIN, airgap_slope, airgap_offset - offset_mecanico, data.airgaps[7-1], airgap_7_filter};
      |                                                                                                                                             ~~~~~~~~~~~~~~~~^
In file included from /home/stefancostea/Documents/ST-LIB/Inc/ST-LIB_LOW/ST-LIB_LOW.hpp:6,
                 from /home/stefancostea/Documents/ST-LIB/Inc/ST-LIB.hpp:4,
                 from ../Core/Src/main.cpp:4:
/home/stefancostea/Documents/ST-LIB/Inc/ST-LIB_LOW/Sensors/LinearSensor/FilteredLinearSensor.hpp:11:70: note:   initializing argument 4 of 'FilteredLinearSensor<N>::FilteredLinearSensor(Pin&, double, double, double&, MovingAverage<N>&) [with unsigned int N = 10]'
   11 |  FilteredLinearSensor(Pin& pin, double slope, double offset, double& value, MovingAverage<N>& filter) : LinearSensor(pin, slope, offset, value), filter(filter){}
      |                                                              ~~~~~~~~^~~~~
In file included from ../Core/Inc/LCU_MASTER.hpp:8,
                 from ../Core/Src/main.cpp:6:
../Core/Inc/LCU_Sensors/LCU_Sensors.hpp:153:142: error: cannot bind non-const lvalue reference of type 'double&' to an rvalue of type 'double'
  153 |             FilteredLinearSensor<current_filter_order> current_hems_1_sensor {Pinout::HEMS1_CURRENT_PIN, current_slope, current_offset, data.coil_current_hems_1 ,current_hems_1_filter};
      |                                                                                                                                         ~~~~~^~~~~~~~~~~~~~~~~~~
In file included from /home/stefancostea/Documents/ST-LIB/Inc/ST-LIB_LOW/ST-LIB_LOW.hpp:6,
                 from /home/stefancostea/Documents/ST-LIB/Inc/ST-LIB.hpp:4,
                 from ../Core/Src/main.cpp:4:
/home/stefancostea/Documents/ST-LIB/Inc/ST-LIB_LOW/Sensors/LinearSensor/FilteredLinearSensor.hpp:11:70: note:   initializing argument 4 of 'FilteredLinearSensor<N>::FilteredLinearSensor(Pin&, double, double, double&, MovingAverage<N>&) [with unsigned int N = 20]'
   11 |  FilteredLinearSensor(Pin& pin, double slope, double offset, double& value, MovingAverage<N>& filter) : LinearSensor(pin, slope, offset, value), filter(filter){}
      |                                                              ~~~~~~~~^~~~~
In file included from ../Core/Inc/LCU_MASTER.hpp:8,
                 from ../Core/Src/main.cpp:6:
../Core/Inc/LCU_Sensors/LCU_Sensors.hpp:154:142: error: cannot bind non-const lvalue reference of type 'double&' to an rvalue of type 'double'
  154 |             FilteredLinearSensor<current_filter_order> current_hems_3_sensor {Pinout::HEMS3_CURRENT_PIN, current_slope, current_offset, data.coil_current_hems_3, current_hems_3_filter};
      |                                                                                                                                         ~~~~~^~~~~~~~~~~~~~~~~~~
In file included from /home/stefancostea/Documents/ST-LIB/Inc/ST-LIB_LOW/ST-LIB_LOW.hpp:6,
                 from /home/stefancostea/Documents/ST-LIB/Inc/ST-LIB.hpp:4,
                 from ../Core/Src/main.cpp:4:
/home/stefancostea/Documents/ST-LIB/Inc/ST-LIB_LOW/Sensors/LinearSensor/FilteredLinearSensor.hpp:11:70: note:   initializing argument 4 of 'FilteredLinearSensor<N>::FilteredLinearSensor(Pin&, double, double, double&, MovingAverage<N>&) [with unsigned int N = 20]'
   11 |  FilteredLinearSensor(Pin& pin, double slope, double offset, double& value, MovingAverage<N>& filter) : LinearSensor(pin, slope, offset, value), filter(filter){}
      |                                                              ~~~~~~~~^~~~~
In file included from ../Core/Inc/LCU_MASTER.hpp:8,
                 from ../Core/Src/main.cpp:6:
../Core/Inc/LCU_Sensors/LCU_Sensors.hpp:155:140: error: cannot bind non-const lvalue reference of type 'double&' to an rvalue of type 'double'
  155 |             FilteredLinearSensor<current_filter_order> current_ems_1_sensor {Pinout::EMS1_CURRENT_PIN, current_slope, current_offset, data.coil_current_ems_1, current_ems_1_filter};
      |                                                                                                                                       ~~~~~^~~~~~~~~~~~~~~~~~
In file included from /home/stefancostea/Documents/ST-LIB/Inc/ST-LIB_LOW/ST-LIB_LOW.hpp:6,
                 from /home/stefancostea/Documents/ST-LIB/Inc/ST-LIB.hpp:4,
                 from ../Core/Src/main.cpp:4:
/home/stefancostea/Documents/ST-LIB/Inc/ST-LIB_LOW/Sensors/LinearSensor/FilteredLinearSensor.hpp:11:70: note:   initializing argument 4 of 'FilteredLinearSensor<N>::FilteredLinearSensor(Pin&, double, double, double&, MovingAverage<N>&) [with unsigned int N = 20]'
   11 |  FilteredLinearSensor(Pin& pin, double slope, double offset, double& value, MovingAverage<N>& filter) : LinearSensor(pin, slope, offset, value), filter(filter){}
      |                                                              ~~~~~~~~^~~~~
In file included from ../Core/Inc/LCU_MASTER.hpp:8,
                 from ../Core/Src/main.cpp:6:
../Core/Inc/LCU_Sensors/LCU_Sensors.hpp:156:140: error: cannot bind non-const lvalue reference of type 'double&' to an rvalue of type 'double'
  156 |             FilteredLinearSensor<current_filter_order> current_ems_3_sensor {Pinout::EMS3_CURRENT_PIN, current_slope, current_offset, data.coil_current_ems_3, current_ems_3_filter};
      |                                                                                                                                       ~~~~~^~~~~~~~~~~~~~~~~~
In file included from /home/stefancostea/Documents/ST-LIB/Inc/ST-LIB_LOW/ST-LIB_LOW.hpp:6,
                 from /home/stefancostea/Documents/ST-LIB/Inc/ST-LIB.hpp:4,
                 from ../Core/Src/main.cpp:4:
/home/stefancostea/Documents/ST-LIB/Inc/ST-LIB_LOW/Sensors/LinearSensor/FilteredLinearSensor.hpp:11:70: note:   initializing argument 4 of 'FilteredLinearSensor<N>::FilteredLinearSensor(Pin&, double, double, double&, MovingAverage<N>&) [with unsigned int N = 20]'
   11 |  FilteredLinearSensor(Pin& pin, double slope, double offset, double& value, MovingAverage<N>& filter) : LinearSensor(pin, slope, offset, value), filter(filter){}
      |                                                              ~~~~~~~~^~~~~
In file included from ../Core/Inc/LCU_MASTER.hpp:9,
                 from ../Core/Src/main.cpp:6:
../Core/Inc/LCU_Time/LCU_Time.hpp: In member function 'void LCU::CyclicActions<LCU::VEHICLE_5DOF>::register_cyclic_actions()':
../Core/Inc/LCU_Time/LCU_Time.hpp:16:45: error: 'LCU_MASTER' was not declared in this scope; did you mean 'Boards::LCU_MASTER'?
   16 |    Time::register_high_precision_alarm(100, LCU_MASTER<VEHICLE_5DOF>::read_currents);
      |                                             ^~~~~~~~~~
      |                                             Boards::LCU_MASTER
In file included from /home/stefancostea/Documents/ST-LIB/Inc/ST-LIB_HIGH/Protections/Notification.hpp:5,
                 from /home/stefancostea/Documents/ST-LIB/Inc/ST-LIB_HIGH/Protections/ProtectionManager.hpp:7,
                 from /home/stefancostea/Documents/ST-LIB/Inc/ST-LIB_HIGH/ST-LIB_HIGH.hpp:11,
                 from /home/stefancostea/Documents/ST-LIB/Inc/ST-LIB.hpp:5,
                 from ../Core/Src/main.cpp:4:
/home/stefancostea/Documents/ST-LIB/Inc/HALAL/Models/BoardID/BoardID.hpp:10:5: note: 'Boards::LCU_MASTER' declared here
   10 |     LCU_MASTER,
      |     ^~~~~~~~~~
In file included from ../Core/Inc/LCU_MASTER.hpp:9,
                 from ../Core/Src/main.cpp:6:
../Core/Inc/LCU_Time/LCU_Time.hpp:16:71: error: '::read_currents' has not been declared
   16 |    Time::register_high_precision_alarm(100, LCU_MASTER<VEHICLE_5DOF>::read_currents);
      |                                                                       ^~~~~~~~~~~~~
../Core/Inc/LCU_Time/LCU_Time.hpp:17:71: error: '::read_airgaps' has not been declared
   17 |    Time::register_high_precision_alarm(133, LCU_MASTER<VEHICLE_5DOF>::read_airgaps);
      |                                                                       ^~~~~~~~~~~~
In file included from /home/stefancostea/Documents/ST-LIB/Inc/ST-LIB_HIGH/ST-LIB_HIGH.hpp:22,
                 from /home/stefancostea/Documents/ST-LIB/Inc/ST-LIB.hpp:5,
                 from ../Core/Src/main.cpp:4:
/home/stefancostea/Documents/ST-LIB/Inc/ST-LIB_HIGH/Control/Blocks/MatrixMultiplier.hpp: In instantiation of 'void MatrixMultiplier<U, V, 1>::execute() [with unsigned int U = 8; unsigned int V = 15]':
../Core/Inc/LCU_Control/DistanceControl.hpp:162:29:   required from here
/home/stefancostea/Documents/ST-LIB/Inc/ST-LIB_HIGH/Control/Blocks/MatrixMultiplier.hpp:49:27: warning: comparison of integer expressions of different signedness: 'int' and 'unsigned int' [-Wsign-compare]
   49 |         for (int i = 0; i < U; i++) {
      |                         ~~^~~
/home/stefancostea/Documents/ST-LIB/Inc/ST-LIB_HIGH/Control/Blocks/MatrixMultiplier.hpp:51:31: warning: comparison of integer expressions of different signedness: 'int' and 'unsigned int' [-Wsign-compare]
   51 |             for (int k = 0; k < V; k++)
      |                             ~~^~~
/home/stefancostea/Documents/ST-LIB/Inc/ST-LIB_HIGH/Control/Blocks/MatrixMultiplier.hpp: In instantiation of 'void MatrixMultiplier<U, V, 1>::reset() [with unsigned int U = 8; unsigned int V = 15]':
../Core/Inc/LCU_Control/DistanceControl.hpp:188:27:   required from here
/home/stefancostea/Documents/ST-LIB/Inc/ST-LIB_HIGH/Control/Blocks/MatrixMultiplier.hpp:57:23: warning: comparison of integer expressions of different signedness: 'int' and 'unsigned int' [-Wsign-compare]
   57 |      for(int i = 0; i < U; i++){
      |                     ~~^~~
In file included from ../Middlewares/Third_Party/LwIP/src/include/lwip/apps/sntp.h:40,
                 from /home/stefancostea/Documents/ST-LIB/Inc/HALAL/Services/Communication/SNTP/SNTP.hpp:10,
                 from /home/stefancostea/Documents/ST-LIB/Inc/HALAL/HALAL.hpp:26,
                 from /home/stefancostea/Documents/ST-LIB/Inc/ST-LIB.hpp:3,
                 from ../Core/Src/main.cpp:4:
../Middlewares/Third_Party/LwIP/src/include/lwip/apps/sntp_opts.h: At global scope:
../Middlewares/Third_Party/LwIP/src/include/lwip/apps/sntp_opts.h:44:13: warning: 'void set_rtc(uint16_t, uint8_t, uint8_t, uint8_t, uint8_t, uint8_t, uint16_t)' declared 'static' but never defined [-Wunused-function]
   44 | static void set_rtc(uint16_t counter, uint8_t second, uint8_t minute, uint8_t hour, uint8_t day, uint8_t month, uint16_t year);
      |             ^~~~~~~
In file included from ../Middlewares/Third_Party/LwIP/src/include/lwip/apps/sntp.h:40,
                 from /home/stefancostea/Documents/ST-LIB/Inc/HALAL/Services/Communication/SNTP/SNTP.hpp:10,
                 from /home/stefancostea/Documents/ST-LIB/Inc/HALAL/HALAL.hpp:26,
                 from /home/stefancostea/Documents/ST-LIB/Inc/ST-LIB.hpp:3,
                 from ../Core/Src/main.cpp:4:
../Middlewares/Third_Party/LwIP/src/include/lwip/apps/sntp_opts.h:45:14: warning: 'u32_t get_rtc_s()' declared 'static' but never defined [-Wunused-function]
   45 | static u32_t get_rtc_s();
      |              ^~~~~~~~~
../Middlewares/Third_Party/LwIP/src/include/lwip/apps/sntp_opts.h:46:14: warning: 'u32_t get_rtc_us()' declared 'static' but never defined [-Wunused-function]
   46 | static u32_t get_rtc_us();
      |              ^~~~~~~~~~
In file included from ../Middlewares/Third_Party/LwIP/src/include/lwip/apps/sntp.h:40,
                 from /home/stefancostea/Documents/ST-LIB/Inc/HALAL/Services/Communication/SNTP/SNTP.hpp:10,
                 from /home/stefancostea/Documents/ST-LIB/Inc/HALAL/HALAL.hpp:26,
                 from /home/stefancostea/Documents/ST-LIB/Inc/ST-LIB.hpp:3,
                 from ../Core/Src/main.cpp:4:
../Middlewares/Third_Party/LwIP/src/include/lwip/apps/sntp_opts.h:44:13: warning: 'void set_rtc(uint16_t, uint8_t, uint8_t, uint8_t, uint8_t, uint8_t, uint16_t)' used but never defined
   44 | static void set_rtc(uint16_t counter, uint8_t second, uint8_t minute, uint8_t hour, uint8_t day, uint8_t month, uint16_t year);
      |             ^~~~~~~
In file included from ../Middlewares/Third_Party/LwIP/src/include/lwip/apps/sntp.h:40,
                 from /home/stefancostea/Documents/ST-LIB/Inc/HALAL/Services/Communication/SNTP/SNTP.hpp:10,
                 from /home/stefancostea/Documents/ST-LIB/Inc/HALAL/HALAL.hpp:26,
                 from /home/stefancostea/Documents/ST-LIB/Inc/ST-LIB.hpp:3,
                 from ../Core/Src/main.cpp:4:
../Middlewares/Third_Party/LwIP/src/include/lwip/apps/sntp_opts.h:55:6: warning: 'void set_time(uint32_t, uint32_t)' defined but not used [-Wunused-function]
   55 | void set_time(uint32_t sec, uint32_t us){
      |      ^~~~~~~~
make: *** [Core/Src/subdir.mk:38: Core/Src/main.o] Error 1
"make -j8 all" terminated with exit code 2. Build might be incomplete.

02:10:37 Build Failed. 36 errors, 68 warnings. (took 2s.244ms)

