23:51:54 **** Incremental Build of configuration Debug for project ST-LIB ****
make -j8 all 
arm-none-eabi-g++ "../Src/ST-LIB_LOW/StateMachine/StateMachine.cpp" -mcpu=cortex-m7 -std=gnu++20 -g3 -DDEBUG -DUSE_HAL_DRIVER -DSTM32H723xx -DBOARD -c -I"/home/stefancostea/Documents/ST-LIB/Inc" -I"/home/stefancostea/Documents/ST-LIB/Drivers/STM32H7xx_HAL_Driver/Inc/Legacy" -I"/home/stefancostea/Documents/ST-LIB/Drivers/STM32H7xx_HAL_Driver/Inc" -I"/home/stefancostea/Documents/ST-LIB/Drivers/CMSIS/Device/ST/STM32H7xx/Include" -I"/home/stefancostea/Documents/ST-LIB/Inc/ST-LIB_LOW" -I"/home/stefancostea/Documents/ST-LIB/Drivers/CMSIS/Include" -I"/home/stefancostea/Documents/ST-LIB/Inc/HALAL/Models" -I"/home/stefancostea/Documents/ST-LIB/Inc/HALAL/Services" -I"/home/stefancostea/Documents/ST-LIB/Middlewares/Third_Party/LwIP/src/include" -I"/home/stefancostea/Documents/ST-LIB/Middlewares/Third_Party/LwIP/system" -I"/home/stefancostea/Documents/ST-LIB/Middlewares/Third_Party/LwIP/src/netif/ppp" -I"/home/stefancostea/Documents/ST-LIB/Middlewares/Third_Party/LwIP/src/include/lwip" -I"/home/stefancostea/Documents/ST-LIB/Middlewares/Third_Party/LwIP/src/include/lwip/apps" -I"/home/stefancostea/Documents/ST-LIB/Middlewares/Third_Party/LwIP/src/include/lwip/priv" -I"/home/stefancostea/Documents/ST-LIB/Middlewares/Third_Party/LwIP/src/include/lwip/prot" -I"/home/stefancostea/Documents/ST-LIB/Middlewares/Third_Party/LwIP/src/include/netif" -I"/home/stefancostea/Documents/ST-LIB/Middlewares/Third_Party/LwIP/src/include/compat" -I"/home/stefancostea/Documents/ST-LIB/Middlewares/Third_Party/LwIP/src/include/compat/posix" -I"/home/stefancostea/Documents/ST-LIB/Middlewares/Third_Party/LwIP/src/include/compat/posix/arpa" -I"/home/stefancostea/Documents/ST-LIB/Middlewares/Third_Party/LwIP/src/include/compat/posix/net" -I"/home/stefancostea/Documents/ST-LIB/Middlewares/Third_Party/LwIP/src/include/compat/posix/sys" -I"/home/stefancostea/Documents/ST-LIB/Middlewares/Third_Party/LwIP/src/include/compat/stdc" -I"/home/stefancostea/Documents/ST-LIB/Middlewares/Third_Party/LwIP/system/arch" -I"/home/stefancostea/Documents/ST-LIB/Drivers/BSP/Components" -I"/home/stefancostea/Documents/ST-LIB/LWIP/App" -I"/home/stefancostea/Documents/ST-LIB/LWIP/Target" -I"/home/stefancostea/Documents/ST-LIB/Inc/ST-LIB_HIGH" -O0 -ffunction-sections -fdata-sections -fno-exceptions -fno-rtti -fno-use-cxa-atexit -Wall -Wvolatile -fstack-usage -fcyclomatic-complexity -MMD -MP -MF"Src/ST-LIB_LOW/StateMachine/StateMachine.d" -MT"Src/ST-LIB_LOW/StateMachine/StateMachine.o" --specs=nano.specs -mfpu=fpv5-d16 -mfloat-abi=hard -mthumb -o "Src/ST-LIB_LOW/StateMachine/StateMachine.o"
arm-none-eabi-g++ "../Src/ST-LIB_LOW/Sensors/SensorInterrupt/SensorInterrupt.cpp" -mcpu=cortex-m7 -std=gnu++20 -g3 -DDEBUG -DUSE_HAL_DRIVER -DSTM32H723xx -DBOARD -c -I"/home/stefancostea/Documents/ST-LIB/Inc" -I"/home/stefancostea/Documents/ST-LIB/Drivers/STM32H7xx_HAL_Driver/Inc/Legacy" -I"/home/stefancostea/Documents/ST-LIB/Drivers/STM32H7xx_HAL_Driver/Inc" -I"/home/stefancostea/Documents/ST-LIB/Drivers/CMSIS/Device/ST/STM32H7xx/Include" -I"/home/stefancostea/Documents/ST-LIB/Inc/ST-LIB_LOW" -I"/home/stefancostea/Documents/ST-LIB/Drivers/CMSIS/Include" -I"/home/stefancostea/Documents/ST-LIB/Inc/HALAL/Models" -I"/home/stefancostea/Documents/ST-LIB/Inc/HALAL/Services" -I"/home/stefancostea/Documents/ST-LIB/Middlewares/Third_Party/LwIP/src/include" -I"/home/stefancostea/Documents/ST-LIB/Middlewares/Third_Party/LwIP/system" -I"/home/stefancostea/Documents/ST-LIB/Middlewares/Third_Party/LwIP/src/netif/ppp" -I"/home/stefancostea/Documents/ST-LIB/Middlewares/Third_Party/LwIP/src/include/lwip" -I"/home/stefancostea/Documents/ST-LIB/Middlewares/Third_Party/LwIP/src/include/lwip/apps" -I"/home/stefancostea/Documents/ST-LIB/Middlewares/Third_Party/LwIP/src/include/lwip/priv" -I"/home/stefancostea/Documents/ST-LIB/Middlewares/Third_Party/LwIP/src/include/lwip/prot" -I"/home/stefancostea/Documents/ST-LIB/Middlewares/Third_Party/LwIP/src/include/netif" -I"/home/stefancostea/Documents/ST-LIB/Middlewares/Third_Party/LwIP/src/include/compat" -I"/home/stefancostea/Documents/ST-LIB/Middlewares/Third_Party/LwIP/src/include/compat/posix" -I"/home/stefancostea/Documents/ST-LIB/Middlewares/Third_Party/LwIP/src/include/compat/posix/arpa" -I"/home/stefancostea/Documents/ST-LIB/Middlewares/Third_Party/LwIP/src/include/compat/posix/net" -I"/home/stefancostea/Documents/ST-LIB/Middlewares/Third_Party/LwIP/src/include/compat/posix/sys" -I"/home/stefancostea/Documents/ST-LIB/Middlewares/Third_Party/LwIP/src/include/compat/stdc" -I"/home/stefancostea/Documents/ST-LIB/Middlewares/Third_Party/LwIP/system/arch" -I"/home/stefancostea/Documents/ST-LIB/Drivers/BSP/Components" -I"/home/stefancostea/Documents/ST-LIB/LWIP/App" -I"/home/stefancostea/Documents/ST-LIB/LWIP/Target" -I"/home/stefancostea/Documents/ST-LIB/Inc/ST-LIB_HIGH" -O0 -ffunction-sections -fdata-sections -fno-exceptions -fno-rtti -fno-use-cxa-atexit -Wall -Wvolatile -fstack-usage -fcyclomatic-complexity -MMD -MP -MF"Src/ST-LIB_LOW/Sensors/SensorInterrupt/SensorInterrupt.d" -MT"Src/ST-LIB_LOW/Sensors/SensorInterrupt/SensorInterrupt.o" --specs=nano.specs -mfpu=fpv5-d16 -mfloat-abi=hard -mthumb -o "Src/ST-LIB_LOW/Sensors/SensorInterrupt/SensorInterrupt.o"
arm-none-eabi-g++ "../Src/ST-LIB_LOW/Sensors/LookupSensor/LookupSensor.cpp" -mcpu=cortex-m7 -std=gnu++20 -g3 -DDEBUG -DUSE_HAL_DRIVER -DSTM32H723xx -DBOARD -c -I"/home/stefancostea/Documents/ST-LIB/Inc" -I"/home/stefancostea/Documents/ST-LIB/Drivers/STM32H7xx_HAL_Driver/Inc/Legacy" -I"/home/stefancostea/Documents/ST-LIB/Drivers/STM32H7xx_HAL_Driver/Inc" -I"/home/stefancostea/Documents/ST-LIB/Drivers/CMSIS/Device/ST/STM32H7xx/Include" -I"/home/stefancostea/Documents/ST-LIB/Inc/ST-LIB_LOW" -I"/home/stefancostea/Documents/ST-LIB/Drivers/CMSIS/Include" -I"/home/stefancostea/Documents/ST-LIB/Inc/HALAL/Models" -I"/home/stefancostea/Documents/ST-LIB/Inc/HALAL/Services" -I"/home/stefancostea/Documents/ST-LIB/Middlewares/Third_Party/LwIP/src/include" -I"/home/stefancostea/Documents/ST-LIB/Middlewares/Third_Party/LwIP/system" -I"/home/stefancostea/Documents/ST-LIB/Middlewares/Third_Party/LwIP/src/netif/ppp" -I"/home/stefancostea/Documents/ST-LIB/Middlewares/Third_Party/LwIP/src/include/lwip" -I"/home/stefancostea/Documents/ST-LIB/Middlewares/Third_Party/LwIP/src/include/lwip/apps" -I"/home/stefancostea/Documents/ST-LIB/Middlewares/Third_Party/LwIP/src/include/lwip/priv" -I"/home/stefancostea/Documents/ST-LIB/Middlewares/Third_Party/LwIP/src/include/lwip/prot" -I"/home/stefancostea/Documents/ST-LIB/Middlewares/Third_Party/LwIP/src/include/netif" -I"/home/stefancostea/Documents/ST-LIB/Middlewares/Third_Party/LwIP/src/include/compat" -I"/home/stefancostea/Documents/ST-LIB/Middlewares/Third_Party/LwIP/src/include/compat/posix" -I"/home/stefancostea/Documents/ST-LIB/Middlewares/Third_Party/LwIP/src/include/compat/posix/arpa" -I"/home/stefancostea/Documents/ST-LIB/Middlewares/Third_Party/LwIP/src/include/compat/posix/net" -I"/home/stefancostea/Documents/ST-LIB/Middlewares/Third_Party/LwIP/src/include/compat/posix/sys" -I"/home/stefancostea/Documents/ST-LIB/Middlewares/Third_Party/LwIP/src/include/compat/stdc" -I"/home/stefancostea/Documents/ST-LIB/Middlewares/Third_Party/LwIP/system/arch" -I"/home/stefancostea/Documents/ST-LIB/Drivers/BSP/Components" -I"/home/stefancostea/Documents/ST-LIB/LWIP/App" -I"/home/stefancostea/Documents/ST-LIB/LWIP/Target" -I"/home/stefancostea/Documents/ST-LIB/Inc/ST-LIB_HIGH" -O0 -ffunction-sections -fdata-sections -fno-exceptions -fno-rtti -fno-use-cxa-atexit -Wall -Wvolatile -fstack-usage -fcyclomatic-complexity -MMD -MP -MF"Src/ST-LIB_LOW/Sensors/LookupSensor/LookupSensor.d" -MT"Src/ST-LIB_LOW/Sensors/LookupSensor/LookupSensor.o" --specs=nano.specs -mfpu=fpv5-d16 -mfloat-abi=hard -mthumb -o "Src/ST-LIB_LOW/Sensors/LookupSensor/LookupSensor.o"
arm-none-eabi-g++ "../Src/ST-LIB_LOW/Sensors/LinearSensor/LinearSensor.cpp" -mcpu=cortex-m7 -std=gnu++20 -g3 -DDEBUG -DUSE_HAL_DRIVER -DSTM32H723xx -DBOARD -c -I"/home/stefancostea/Documents/ST-LIB/Inc" -I"/home/stefancostea/Documents/ST-LIB/Drivers/STM32H7xx_HAL_Driver/Inc/Legacy" -I"/home/stefancostea/Documents/ST-LIB/Drivers/STM32H7xx_HAL_Driver/Inc" -I"/home/stefancostea/Documents/ST-LIB/Drivers/CMSIS/Device/ST/STM32H7xx/Include" -I"/home/stefancostea/Documents/ST-LIB/Inc/ST-LIB_LOW" -I"/home/stefancostea/Documents/ST-LIB/Drivers/CMSIS/Include" -I"/home/stefancostea/Documents/ST-LIB/Inc/HALAL/Models" -I"/home/stefancostea/Documents/ST-LIB/Inc/HALAL/Services" -I"/home/stefancostea/Documents/ST-LIB/Middlewares/Third_Party/LwIP/src/include" -I"/home/stefancostea/Documents/ST-LIB/Middlewares/Third_Party/LwIP/system" -I"/home/stefancostea/Documents/ST-LIB/Middlewares/Third_Party/LwIP/src/netif/ppp" -I"/home/stefancostea/Documents/ST-LIB/Middlewares/Third_Party/LwIP/src/include/lwip" -I"/home/stefancostea/Documents/ST-LIB/Middlewares/Third_Party/LwIP/src/include/lwip/apps" -I"/home/stefancostea/Documents/ST-LIB/Middlewares/Third_Party/LwIP/src/include/lwip/priv" -I"/home/stefancostea/Documents/ST-LIB/Middlewares/Third_Party/LwIP/src/include/lwip/prot" -I"/home/stefancostea/Documents/ST-LIB/Middlewares/Third_Party/LwIP/src/include/netif" -I"/home/stefancostea/Documents/ST-LIB/Middlewares/Third_Party/LwIP/src/include/compat" -I"/home/stefancostea/Documents/ST-LIB/Middlewares/Third_Party/LwIP/src/include/compat/posix" -I"/home/stefancostea/Documents/ST-LIB/Middlewares/Third_Party/LwIP/src/include/compat/posix/arpa" -I"/home/stefancostea/Documents/ST-LIB/Middlewares/Third_Party/LwIP/src/include/compat/posix/net" -I"/home/stefancostea/Documents/ST-LIB/Middlewares/Third_Party/LwIP/src/include/compat/posix/sys" -I"/home/stefancostea/Documents/ST-LIB/Middlewares/Third_Party/LwIP/src/include/compat/stdc" -I"/home/stefancostea/Documents/ST-LIB/Middlewares/Third_Party/LwIP/system/arch" -I"/home/stefancostea/Documents/ST-LIB/Drivers/BSP/Components" -I"/home/stefancostea/Documents/ST-LIB/LWIP/App" -I"/home/stefancostea/Documents/ST-LIB/LWIP/Target" -I"/home/stefancostea/Documents/ST-LIB/Inc/ST-LIB_HIGH" -O0 -ffunction-sections -fdata-sections -fno-exceptions -fno-rtti -fno-use-cxa-atexit -Wall -Wvolatile -fstack-usage -fcyclomatic-complexity -MMD -MP -MF"Src/ST-LIB_LOW/Sensors/LinearSensor/LinearSensor.d" -MT"Src/ST-LIB_LOW/Sensors/LinearSensor/LinearSensor.o" --specs=nano.specs -mfpu=fpv5-d16 -mfloat-abi=hard -mthumb -o "Src/ST-LIB_LOW/Sensors/LinearSensor/LinearSensor.o"
arm-none-eabi-g++ "../Src/ST-LIB_LOW/Sensors/EncoderSensor/EncoderSensor.cpp" -mcpu=cortex-m7 -std=gnu++20 -g3 -DDEBUG -DUSE_HAL_DRIVER -DSTM32H723xx -DBOARD -c -I"/home/stefancostea/Documents/ST-LIB/Inc" -I"/home/stefancostea/Documents/ST-LIB/Drivers/STM32H7xx_HAL_Driver/Inc/Legacy" -I"/home/stefancostea/Documents/ST-LIB/Drivers/STM32H7xx_HAL_Driver/Inc" -I"/home/stefancostea/Documents/ST-LIB/Drivers/CMSIS/Device/ST/STM32H7xx/Include" -I"/home/stefancostea/Documents/ST-LIB/Inc/ST-LIB_LOW" -I"/home/stefancostea/Documents/ST-LIB/Drivers/CMSIS/Include" -I"/home/stefancostea/Documents/ST-LIB/Inc/HALAL/Models" -I"/home/stefancostea/Documents/ST-LIB/Inc/HALAL/Services" -I"/home/stefancostea/Documents/ST-LIB/Middlewares/Third_Party/LwIP/src/include" -I"/home/stefancostea/Documents/ST-LIB/Middlewares/Third_Party/LwIP/system" -I"/home/stefancostea/Documents/ST-LIB/Middlewares/Third_Party/LwIP/src/netif/ppp" -I"/home/stefancostea/Documents/ST-LIB/Middlewares/Third_Party/LwIP/src/include/lwip" -I"/home/stefancostea/Documents/ST-LIB/Middlewares/Third_Party/LwIP/src/include/lwip/apps" -I"/home/stefancostea/Documents/ST-LIB/Middlewares/Third_Party/LwIP/src/include/lwip/priv" -I"/home/stefancostea/Documents/ST-LIB/Middlewares/Third_Party/LwIP/src/include/lwip/prot" -I"/home/stefancostea/Documents/ST-LIB/Middlewares/Third_Party/LwIP/src/include/netif" -I"/home/stefancostea/Documents/ST-LIB/Middlewares/Third_Party/LwIP/src/include/compat" -I"/home/stefancostea/Documents/ST-LIB/Middlewares/Third_Party/LwIP/src/include/compat/posix" -I"/home/stefancostea/Documents/ST-LIB/Middlewares/Third_Party/LwIP/src/include/compat/posix/arpa" -I"/home/stefancostea/Documents/ST-LIB/Middlewares/Third_Party/LwIP/src/include/compat/posix/net" -I"/home/stefancostea/Documents/ST-LIB/Middlewares/Third_Party/LwIP/src/include/compat/posix/sys" -I"/home/stefancostea/Documents/ST-LIB/Middlewares/Third_Party/LwIP/src/include/compat/stdc" -I"/home/stefancostea/Documents/ST-LIB/Middlewares/Third_Party/LwIP/system/arch" -I"/home/stefancostea/Documents/ST-LIB/Drivers/BSP/Components" -I"/home/stefancostea/Documents/ST-LIB/LWIP/App" -I"/home/stefancostea/Documents/ST-LIB/LWIP/Target" -I"/home/stefancostea/Documents/ST-LIB/Inc/ST-LIB_HIGH" -O0 -ffunction-sections -fdata-sections -fno-exceptions -fno-rtti -fno-use-cxa-atexit -Wall -Wvolatile -fstack-usage -fcyclomatic-complexity -MMD -MP -MF"Src/ST-LIB_LOW/Sensors/EncoderSensor/EncoderSensor.d" -MT"Src/ST-LIB_LOW/Sensors/EncoderSensor/EncoderSensor.o" --specs=nano.specs -mfpu=fpv5-d16 -mfloat-abi=hard -mthumb -o "Src/ST-LIB_LOW/Sensors/EncoderSensor/EncoderSensor.o"
arm-none-eabi-g++ "../Src/ST-LIB_LOW/Sensors/DigitalSensor/DigitalSensor.cpp" -mcpu=cortex-m7 -std=gnu++20 -g3 -DDEBUG -DUSE_HAL_DRIVER -DSTM32H723xx -DBOARD -c -I"/home/stefancostea/Documents/ST-LIB/Inc" -I"/home/stefancostea/Documents/ST-LIB/Drivers/STM32H7xx_HAL_Driver/Inc/Legacy" -I"/home/stefancostea/Documents/ST-LIB/Drivers/STM32H7xx_HAL_Driver/Inc" -I"/home/stefancostea/Documents/ST-LIB/Drivers/CMSIS/Device/ST/STM32H7xx/Include" -I"/home/stefancostea/Documents/ST-LIB/Inc/ST-LIB_LOW" -I"/home/stefancostea/Documents/ST-LIB/Drivers/CMSIS/Include" -I"/home/stefancostea/Documents/ST-LIB/Inc/HALAL/Models" -I"/home/stefancostea/Documents/ST-LIB/Inc/HALAL/Services" -I"/home/stefancostea/Documents/ST-LIB/Middlewares/Third_Party/LwIP/src/include" -I"/home/stefancostea/Documents/ST-LIB/Middlewares/Third_Party/LwIP/system" -I"/home/stefancostea/Documents/ST-LIB/Middlewares/Third_Party/LwIP/src/netif/ppp" -I"/home/stefancostea/Documents/ST-LIB/Middlewares/Third_Party/LwIP/src/include/lwip" -I"/home/stefancostea/Documents/ST-LIB/Middlewares/Third_Party/LwIP/src/include/lwip/apps" -I"/home/stefancostea/Documents/ST-LIB/Middlewares/Third_Party/LwIP/src/include/lwip/priv" -I"/home/stefancostea/Documents/ST-LIB/Middlewares/Third_Party/LwIP/src/include/lwip/prot" -I"/home/stefancostea/Documents/ST-LIB/Middlewares/Third_Party/LwIP/src/include/netif" -I"/home/stefancostea/Documents/ST-LIB/Middlewares/Third_Party/LwIP/src/include/compat" -I"/home/stefancostea/Documents/ST-LIB/Middlewares/Third_Party/LwIP/src/include/compat/posix" -I"/home/stefancostea/Documents/ST-LIB/Middlewares/Third_Party/LwIP/src/include/compat/posix/arpa" -I"/home/stefancostea/Documents/ST-LIB/Middlewares/Third_Party/LwIP/src/include/compat/posix/net" -I"/home/stefancostea/Documents/ST-LIB/Middlewares/Third_Party/LwIP/src/include/compat/posix/sys" -I"/home/stefancostea/Documents/ST-LIB/Middlewares/Third_Party/LwIP/src/include/compat/stdc" -I"/home/stefancostea/Documents/ST-LIB/Middlewares/Third_Party/LwIP/system/arch" -I"/home/stefancostea/Documents/ST-LIB/Drivers/BSP/Components" -I"/home/stefancostea/Documents/ST-LIB/LWIP/App" -I"/home/stefancostea/Documents/ST-LIB/LWIP/Target" -I"/home/stefancostea/Documents/ST-LIB/Inc/ST-LIB_HIGH" -O0 -ffunction-sections -fdata-sections -fno-exceptions -fno-rtti -fno-use-cxa-atexit -Wall -Wvolatile -fstack-usage -fcyclomatic-complexity -MMD -MP -MF"Src/ST-LIB_LOW/Sensors/DigitalSensor/DigitalSensor.d" -MT"Src/ST-LIB_LOW/Sensors/DigitalSensor/DigitalSensor.o" --specs=nano.specs -mfpu=fpv5-d16 -mfloat-abi=hard -mthumb -o "Src/ST-LIB_LOW/Sensors/DigitalSensor/DigitalSensor.o"
arm-none-eabi-g++ "../Src/ST-LIB_LOW/Math/Math.cpp" -mcpu=cortex-m7 -std=gnu++20 -g3 -DDEBUG -DUSE_HAL_DRIVER -DSTM32H723xx -DBOARD -c -I"/home/stefancostea/Documents/ST-LIB/Inc" -I"/home/stefancostea/Documents/ST-LIB/Drivers/STM32H7xx_HAL_Driver/Inc/Legacy" -I"/home/stefancostea/Documents/ST-LIB/Drivers/STM32H7xx_HAL_Driver/Inc" -I"/home/stefancostea/Documents/ST-LIB/Drivers/CMSIS/Device/ST/STM32H7xx/Include" -I"/home/stefancostea/Documents/ST-LIB/Inc/ST-LIB_LOW" -I"/home/stefancostea/Documents/ST-LIB/Drivers/CMSIS/Include" -I"/home/stefancostea/Documents/ST-LIB/Inc/HALAL/Models" -I"/home/stefancostea/Documents/ST-LIB/Inc/HALAL/Services" -I"/home/stefancostea/Documents/ST-LIB/Middlewares/Third_Party/LwIP/src/include" -I"/home/stefancostea/Documents/ST-LIB/Middlewares/Third_Party/LwIP/system" -I"/home/stefancostea/Documents/ST-LIB/Middlewares/Third_Party/LwIP/src/netif/ppp" -I"/home/stefancostea/Documents/ST-LIB/Middlewares/Third_Party/LwIP/src/include/lwip" -I"/home/stefancostea/Documents/ST-LIB/Middlewares/Third_Party/LwIP/src/include/lwip/apps" -I"/home/stefancostea/Documents/ST-LIB/Middlewares/Third_Party/LwIP/src/include/lwip/priv" -I"/home/stefancostea/Documents/ST-LIB/Middlewares/Third_Party/LwIP/src/include/lwip/prot" -I"/home/stefancostea/Documents/ST-LIB/Middlewares/Third_Party/LwIP/src/include/netif" -I"/home/stefancostea/Documents/ST-LIB/Middlewares/Third_Party/LwIP/src/include/compat" -I"/home/stefancostea/Documents/ST-LIB/Middlewares/Third_Party/LwIP/src/include/compat/posix" -I"/home/stefancostea/Documents/ST-LIB/Middlewares/Third_Party/LwIP/src/include/compat/posix/arpa" -I"/home/stefancostea/Documents/ST-LIB/Middlewares/Third_Party/LwIP/src/include/compat/posix/net" -I"/home/stefancostea/Documents/ST-LIB/Middlewares/Third_Party/LwIP/src/include/compat/posix/sys" -I"/home/stefancostea/Documents/ST-LIB/Middlewares/Third_Party/LwIP/src/include/compat/stdc" -I"/home/stefancostea/Documents/ST-LIB/Middlewares/Third_Party/LwIP/system/arch" -I"/home/stefancostea/Documents/ST-LIB/Drivers/BSP/Components" -I"/home/stefancostea/Documents/ST-LIB/LWIP/App" -I"/home/stefancostea/Documents/ST-LIB/LWIP/Target" -I"/home/stefancostea/Documents/ST-LIB/Inc/ST-LIB_HIGH" -O0 -ffunction-sections -fdata-sections -fno-exceptions -fno-rtti -fno-use-cxa-atexit -Wall -Wvolatile -fstack-usage -fcyclomatic-complexity -MMD -MP -MF"Src/ST-LIB_LOW/Math/Math.d" -MT"Src/ST-LIB_LOW/Math/Math.o" --specs=nano.specs -mfpu=fpv5-d16 -mfloat-abi=hard -mthumb -o "Src/ST-LIB_LOW/Math/Math.o"
arm-none-eabi-g++ "../Src/ST-LIB_LOW/ST-LIB_LOW.cpp" -mcpu=cortex-m7 -std=gnu++20 -g3 -DDEBUG -DUSE_HAL_DRIVER -DSTM32H723xx -DBOARD -c -I"/home/stefancostea/Documents/ST-LIB/Inc" -I"/home/stefancostea/Documents/ST-LIB/Drivers/STM32H7xx_HAL_Driver/Inc/Legacy" -I"/home/stefancostea/Documents/ST-LIB/Drivers/STM32H7xx_HAL_Driver/Inc" -I"/home/stefancostea/Documents/ST-LIB/Drivers/CMSIS/Device/ST/STM32H7xx/Include" -I"/home/stefancostea/Documents/ST-LIB/Inc/ST-LIB_LOW" -I"/home/stefancostea/Documents/ST-LIB/Drivers/CMSIS/Include" -I"/home/stefancostea/Documents/ST-LIB/Inc/HALAL/Models" -I"/home/stefancostea/Documents/ST-LIB/Inc/HALAL/Services" -I"/home/stefancostea/Documents/ST-LIB/Middlewares/Third_Party/LwIP/src/include" -I"/home/stefancostea/Documents/ST-LIB/Middlewares/Third_Party/LwIP/system" -I"/home/stefancostea/Documents/ST-LIB/Middlewares/Third_Party/LwIP/src/netif/ppp" -I"/home/stefancostea/Documents/ST-LIB/Middlewares/Third_Party/LwIP/src/include/lwip" -I"/home/stefancostea/Documents/ST-LIB/Middlewares/Third_Party/LwIP/src/include/lwip/apps" -I"/home/stefancostea/Documents/ST-LIB/Middlewares/Third_Party/LwIP/src/include/lwip/priv" -I"/home/stefancostea/Documents/ST-LIB/Middlewares/Third_Party/LwIP/src/include/lwip/prot" -I"/home/stefancostea/Documents/ST-LIB/Middlewares/Third_Party/LwIP/src/include/netif" -I"/home/stefancostea/Documents/ST-LIB/Middlewares/Third_Party/LwIP/src/include/compat" -I"/home/stefancostea/Documents/ST-LIB/Middlewares/Third_Party/LwIP/src/include/compat/posix" -I"/home/stefancostea/Documents/ST-LIB/Middlewares/Third_Party/LwIP/src/include/compat/posix/arpa" -I"/home/stefancostea/Documents/ST-LIB/Middlewares/Third_Party/LwIP/src/include/compat/posix/net" -I"/home/stefancostea/Documents/ST-LIB/Middlewares/Third_Party/LwIP/src/include/compat/posix/sys" -I"/home/stefancostea/Documents/ST-LIB/Middlewares/Third_Party/LwIP/src/include/compat/stdc" -I"/home/stefancostea/Documents/ST-LIB/Middlewares/Third_Party/LwIP/system/arch" -I"/home/stefancostea/Documents/ST-LIB/Drivers/BSP/Components" -I"/home/stefancostea/Documents/ST-LIB/LWIP/App" -I"/home/stefancostea/Documents/ST-LIB/LWIP/Target" -I"/home/stefancostea/Documents/ST-LIB/Inc/ST-LIB_HIGH" -O0 -ffunction-sections -fdata-sections -fno-exceptions -fno-rtti -fno-use-cxa-atexit -Wall -Wvolatile -fstack-usage -fcyclomatic-complexity -MMD -MP -MF"Src/ST-LIB_LOW/ST-LIB_LOW.d" -MT"Src/ST-LIB_LOW/ST-LIB_LOW.o" --specs=nano.specs -mfpu=fpv5-d16 -mfloat-abi=hard -mthumb -o "Src/ST-LIB_LOW/ST-LIB_LOW.o"
In file included from /home/stefancostea/Documents/ST-LIB/Inc/HALAL/Services/Communication/Ethernet/UDP/DatagramSocket.hpp:3,
                 from /home/stefancostea/Documents/ST-LIB/Inc/HALAL/HALAL.hpp:21,
                 from /home/stefancostea/Documents/ST-LIB/Inc/ST-LIB.hpp:3,
                 from /home/stefancostea/Documents/ST-LIB/Inc/ST-LIB_LOW/Math/Math.hpp:9,
                 from ../Src/ST-LIB_LOW/Math/Math.cpp:1:
/home/stefancostea/Documents/ST-LIB/Inc/HALAL/Models/Packets/Packet.hpp: In member function 'virtual void HeapPacket::parse(void*)':
/home/stefancostea/Documents/ST-LIB/Inc/HALAL/Models/Packets/Packet.hpp:174:14: warning: pointer of type 'void *' used in arithmetic [-Wpointer-arith]
  174 |         data += sizeof(id);
      |         ~~~~~^~~~~~~~~~~~~
/home/stefancostea/Documents/ST-LIB/Inc/HALAL/Models/Packets/Packet.hpp:177:18: warning: pointer of type 'void *' used in arithmetic [-Wpointer-arith]
  177 |             data += value.get()->get_size();
      |             ~~~~~^~~~~~~~~~~~~~~~~~~~~~~~~~
In file included from /home/stefancostea/Documents/ST-LIB/Inc/ST-LIB_HIGH/Protections/Protection.hpp:5,
                 from /home/stefancostea/Documents/ST-LIB/Inc/ST-LIB_HIGH/ST-LIB_HIGH.hpp:10,
                 from /home/stefancostea/Documents/ST-LIB/Inc/ST-LIB.hpp:5,
                 from /home/stefancostea/Documents/ST-LIB/Inc/ST-LIB_LOW/Math/Math.hpp:9,
                 from /home/stefancostea/Documents/ST-LIB/Inc/ST-LIB_LOW/ST-LIB_LOW.hpp:11,
                 from ../Src/ST-LIB_LOW/ST-LIB_LOW.cpp:8:
/home/stefancostea/Documents/ST-LIB/Inc/ST-LIB_HIGH/Protections/Boundary.hpp: In constructor 'Boundary<double, TIME_ACCUMULATION>::Boundary(double, float, float, Boundary<float, TIME_ACCUMULATION>*&)':
/home/stefancostea/Documents/ST-LIB/Inc/ST-LIB_HIGH/Protections/Boundary.hpp:171:22: error: cannot convert 'Boundary<double, TIME_ACCUMULATION>*' to 'Boundary<float, TIME_ACCUMULATION>*' in assignment
  171 |   external_pointer = this;
      |                      ^~~~
      |                      |
      |                      Boundary<double, TIME_ACCUMULATION>*
/home/stefancostea/Documents/ST-LIB/Inc/ST-LIB_HIGH/Protections/Boundary.hpp: In member function 'virtual int Boundary<double, TIME_ACCUMULATION>::get_string_size()':
/home/stefancostea/Documents/ST-LIB/Inc/ST-LIB_HIGH/Protections/Boundary.hpp:216:29: warning: format '%s' expects a matching 'char*' argument [-Wformat=]
  216 |   return snprintf(nullptr,0,format,to_string(*src).c_str(), to_string(time_limit).c_str());
      |                             ^~~~~~
/home/stefancostea/Documents/ST-LIB/Inc/ST-LIB_HIGH/Protections/Boundary.hpp: In member function 'virtual char* Boundary<double, TIME_ACCUMULATION>::serialize(char*)':
/home/stefancostea/Documents/ST-LIB/Inc/ST-LIB_HIGH/Protections/Boundary.hpp:219:16: warning: format '%s' expects a matching 'char*' argument [-Wformat=]
  219 |   sprintf(dst, format, to_string(*src).c_str(), to_string(time_limit).c_str());
      |                ^~~~~~
In file included from /home/stefancostea/Documents/ST-LIB/Inc/ST-LIB_HIGH/Protections/ProtectionManager.hpp:7,
                 from /home/stefancostea/Documents/ST-LIB/Inc/ST-LIB_HIGH/ST-LIB_HIGH.hpp:11,
                 from /home/stefancostea/Documents/ST-LIB/Inc/ST-LIB.hpp:5,
                 from /home/stefancostea/Documents/ST-LIB/Inc/ST-LIB_LOW/Math/Math.hpp:9,
                 from /home/stefancostea/Documents/ST-LIB/Inc/ST-LIB_LOW/ST-LIB_LOW.hpp:11,
                 from ../Src/ST-LIB_LOW/ST-LIB_LOW.cpp:8:
/home/stefancostea/Documents/ST-LIB/Inc/ST-LIB_HIGH/Protections/Notification.hpp: In member function 'virtual void Notification::parse(OrderProtocol*, void*)':
/home/stefancostea/Documents/ST-LIB/Inc/ST-LIB_HIGH/Protections/Notification.hpp:72:23: warning: pointer of type 'void *' used in arithmetic [-Wpointer-arith]
   72 |      memcpy(temp, data+sizeof(id)+sizeof(message_size_t), get_string_size(data));
      |                   ~~~~^~~~~~~~~~~
/home/stefancostea/Documents/ST-LIB/Inc/ST-LIB_HIGH/Protections/Notification.hpp:72:34: warning: pointer of type 'void *' used in arithmetic [-Wpointer-arith]
   72 |      memcpy(temp, data+sizeof(id)+sizeof(message_size_t), get_string_size(data));
      |                   ~~~~~~~~~~~~~~~^~~~~~~~~~~~~~~~~~~~~~~
/home/stefancostea/Documents/ST-LIB/Inc/ST-LIB_HIGH/Protections/Notification.hpp: In member function 'uint16_t Notification::get_string_size(void*)':
/home/stefancostea/Documents/ST-LIB/Inc/ST-LIB_HIGH/Protections/Notification.hpp:94:33: warning: pointer of type 'void *' used in arithmetic [-Wpointer-arith]
   94 |      return *(uint16_t*)(buffer + sizeof(id));
      |                          ~~~~~~~^~~~~~~~~~~~
In file included from /home/stefancostea/Documents/ST-LIB/Inc/ST-LIB_HIGH/ST-LIB_HIGH.hpp:22,
                 from /home/stefancostea/Documents/ST-LIB/Inc/ST-LIB.hpp:5,
                 from /home/stefancostea/Documents/ST-LIB/Inc/ST-LIB_LOW/Math/Math.hpp:9,
                 from /home/stefancostea/Documents/ST-LIB/Inc/ST-LIB_LOW/ST-LIB_LOW.hpp:11,
                 from ../Src/ST-LIB_LOW/ST-LIB_LOW.cpp:8:
/home/stefancostea/Documents/ST-LIB/Inc/ST-LIB_HIGH/Control/Blocks/MatrixMultiplier.hpp: At global scope:
/home/stefancostea/Documents/ST-LIB/Inc/ST-LIB_HIGH/Control/Blocks/MatrixMultiplier.hpp:101:29: warning: unnecessary parentheses in declaration of 'result' [-Wparentheses]
  101 |     double(&A)[U], (&B)[U], (&result);
      |                             ^
In file included from /home/stefancostea/Documents/ST-LIB/Inc/ST-LIB_HIGH/Protections/Protection.hpp:5,
                 from /home/stefancostea/Documents/ST-LIB/Inc/ST-LIB_HIGH/ST-LIB_HIGH.hpp:10,
                 from /home/stefancostea/Documents/ST-LIB/Inc/ST-LIB.hpp:5,
                 from /home/stefancostea/Documents/ST-LIB/Inc/ST-LIB_LOW/Math/Math.hpp:9,
                 from ../Src/ST-LIB_LOW/Math/Math.cpp:1:
/home/stefancostea/Documents/ST-LIB/Inc/ST-LIB_HIGH/Protections/Boundary.hpp: In constructor 'Boundary<double, TIME_ACCUMULATION>::Boundary(double, float, float, Boundary<float, TIME_ACCUMULATION>*&)':
/home/stefancostea/Documents/ST-LIB/Inc/ST-LIB_HIGH/Protections/Boundary.hpp:171:22: error: cannot convert 'Boundary<double, TIME_ACCUMULATION>*' to 'Boundary<float, TIME_ACCUMULATION>*' in assignment
  171 |   external_pointer = this;
      |                      ^~~~
      |                      |
      |                      Boundary<double, TIME_ACCUMULATION>*
/home/stefancostea/Documents/ST-LIB/Inc/ST-LIB_HIGH/Protections/Boundary.hpp: In member function 'virtual int Boundary<double, TIME_ACCUMULATION>::get_string_size()':
/home/stefancostea/Documents/ST-LIB/Inc/ST-LIB_HIGH/Protections/Boundary.hpp:216:29: warning: format '%s' expects a matching 'char*' argument [-Wformat=]
  216 |   return snprintf(nullptr,0,format,to_string(*src).c_str(), to_string(time_limit).c_str());
      |                             ^~~~~~
/home/stefancostea/Documents/ST-LIB/Inc/ST-LIB_HIGH/Protections/Boundary.hpp: In member function 'virtual char* Boundary<double, TIME_ACCUMULATION>::serialize(char*)':
/home/stefancostea/Documents/ST-LIB/Inc/ST-LIB_HIGH/Protections/Boundary.hpp:219:16: warning: format '%s' expects a matching 'char*' argument [-Wformat=]
  219 |   sprintf(dst, format, to_string(*src).c_str(), to_string(time_limit).c_str());
      |                ^~~~~~
In file included from /home/stefancostea/Documents/ST-LIB/Inc/ST-LIB_HIGH/Protections/ProtectionManager.hpp:7,
                 from /home/stefancostea/Documents/ST-LIB/Inc/ST-LIB_HIGH/ST-LIB_HIGH.hpp:11,
                 from /home/stefancostea/Documents/ST-LIB/Inc/ST-LIB.hpp:5,
                 from /home/stefancostea/Documents/ST-LIB/Inc/ST-LIB_LOW/Math/Math.hpp:9,
                 from ../Src/ST-LIB_LOW/Math/Math.cpp:1:
/home/stefancostea/Documents/ST-LIB/Inc/ST-LIB_HIGH/Protections/Notification.hpp: In member function 'virtual void Notification::parse(OrderProtocol*, void*)':
/home/stefancostea/Documents/ST-LIB/Inc/ST-LIB_HIGH/Protections/Notification.hpp:72:23: warning: pointer of type 'void *' used in arithmetic [-Wpointer-arith]
   72 |      memcpy(temp, data+sizeof(id)+sizeof(message_size_t), get_string_size(data));
      |                   ~~~~^~~~~~~~~~~
/home/stefancostea/Documents/ST-LIB/Inc/ST-LIB_HIGH/Protections/Notification.hpp:72:34: warning: pointer of type 'void *' used in arithmetic [-Wpointer-arith]
   72 |      memcpy(temp, data+sizeof(id)+sizeof(message_size_t), get_string_size(data));
      |                   ~~~~~~~~~~~~~~~^~~~~~~~~~~~~~~~~~~~~~~
/home/stefancostea/Documents/ST-LIB/Inc/ST-LIB_HIGH/Protections/Notification.hpp: In member function 'uint16_t Notification::get_string_size(void*)':
/home/stefancostea/Documents/ST-LIB/Inc/ST-LIB_HIGH/Protections/Notification.hpp:94:33: warning: pointer of type 'void *' used in arithmetic [-Wpointer-arith]
   94 |      return *(uint16_t*)(buffer + sizeof(id));
      |                          ~~~~~~~^~~~~~~~~~~~
In file included from /home/stefancostea/Documents/ST-LIB/Inc/ST-LIB_HIGH/ST-LIB_HIGH.hpp:22,
                 from /home/stefancostea/Documents/ST-LIB/Inc/ST-LIB.hpp:5,
                 from /home/stefancostea/Documents/ST-LIB/Inc/ST-LIB_LOW/Math/Math.hpp:9,
                 from ../Src/ST-LIB_LOW/Math/Math.cpp:1:
/home/stefancostea/Documents/ST-LIB/Inc/ST-LIB_HIGH/Control/Blocks/MatrixMultiplier.hpp: At global scope:
/home/stefancostea/Documents/ST-LIB/Inc/ST-LIB_HIGH/Control/Blocks/MatrixMultiplier.hpp:101:29: warning: unnecessary parentheses in declaration of 'result' [-Wparentheses]
  101 |     double(&A)[U], (&B)[U], (&result);
      |                             ^
arm-none-eabi-g++ "../Src/ST-LIB_HIGH/Protections/ProtectionManager.cpp" -mcpu=cortex-m7 -std=gnu++20 -g3 -DDEBUG -DUSE_HAL_DRIVER -DSTM32H723xx -DBOARD -c -I"/home/stefancostea/Documents/ST-LIB/Inc" -I"/home/stefancostea/Documents/ST-LIB/Drivers/STM32H7xx_HAL_Driver/Inc/Legacy" -I"/home/stefancostea/Documents/ST-LIB/Drivers/STM32H7xx_HAL_Driver/Inc" -I"/home/stefancostea/Documents/ST-LIB/Drivers/CMSIS/Device/ST/STM32H7xx/Include" -I"/home/stefancostea/Documents/ST-LIB/Inc/ST-LIB_LOW" -I"/home/stefancostea/Documents/ST-LIB/Drivers/CMSIS/Include" -I"/home/stefancostea/Documents/ST-LIB/Inc/HALAL/Models" -I"/home/stefancostea/Documents/ST-LIB/Inc/HALAL/Services" -I"/home/stefancostea/Documents/ST-LIB/Middlewares/Third_Party/LwIP/src/include" -I"/home/stefancostea/Documents/ST-LIB/Middlewares/Third_Party/LwIP/system" -I"/home/stefancostea/Documents/ST-LIB/Middlewares/Third_Party/LwIP/src/netif/ppp" -I"/home/stefancostea/Documents/ST-LIB/Middlewares/Third_Party/LwIP/src/include/lwip" -I"/home/stefancostea/Documents/ST-LIB/Middlewares/Third_Party/LwIP/src/include/lwip/apps" -I"/home/stefancostea/Documents/ST-LIB/Middlewares/Third_Party/LwIP/src/include/lwip/priv" -I"/home/stefancostea/Documents/ST-LIB/Middlewares/Third_Party/LwIP/src/include/lwip/prot" -I"/home/stefancostea/Documents/ST-LIB/Middlewares/Third_Party/LwIP/src/include/netif" -I"/home/stefancostea/Documents/ST-LIB/Middlewares/Third_Party/LwIP/src/include/compat" -I"/home/stefancostea/Documents/ST-LIB/Middlewares/Third_Party/LwIP/src/include/compat/posix" -I"/home/stefancostea/Documents/ST-LIB/Middlewares/Third_Party/LwIP/src/include/compat/posix/arpa" -I"/home/stefancostea/Documents/ST-LIB/Middlewares/Third_Party/LwIP/src/include/compat/posix/net" -I"/home/stefancostea/Documents/ST-LIB/Middlewares/Third_Party/LwIP/src/include/compat/posix/sys" -I"/home/stefancostea/Documents/ST-LIB/Middlewares/Third_Party/LwIP/src/include/compat/stdc" -I"/home/stefancostea/Documents/ST-LIB/Middlewares/Third_Party/LwIP/system/arch" -I"/home/stefancostea/Documents/ST-LIB/Drivers/BSP/Components" -I"/home/stefancostea/Documents/ST-LIB/LWIP/App" -I"/home/stefancostea/Documents/ST-LIB/LWIP/Target" -I"/home/stefancostea/Documents/ST-LIB/Inc/ST-LIB_HIGH" -O0 -ffunction-sections -fdata-sections -fno-exceptions -fno-rtti -fno-use-cxa-atexit -Wall -Wvolatile -fstack-usage -fcyclomatic-complexity -MMD -MP -MF"Src/ST-LIB_HIGH/Protections/ProtectionManager.d" -MT"Src/ST-LIB_HIGH/Protections/ProtectionManager.o" --specs=nano.specs -mfpu=fpv5-d16 -mfloat-abi=hard -mthumb -o "Src/ST-LIB_HIGH/Protections/ProtectionManager.o"
make: *** [Src/ST-LIB_LOW/subdir.mk:19: Src/ST-LIB_LOW/ST-LIB_LOW.o] Error 1
make: *** Waiting for unfinished jobs....
make: *** [Src/ST-LIB_LOW/Math/subdir.mk:19: Src/ST-LIB_LOW/Math/Math.o] Error 1
In file included from /home/stefancostea/Documents/ST-LIB/Inc/ST-LIB_HIGH/Protections/Protection.hpp:5,
                 from /home/stefancostea/Documents/ST-LIB/Inc/ST-LIB_HIGH/Protections/ProtectionManager.hpp:3,
                 from ../Src/ST-LIB_HIGH/Protections/ProtectionManager.cpp:1:
/home/stefancostea/Documents/ST-LIB/Inc/ST-LIB_HIGH/Protections/Boundary.hpp: In constructor 'Boundary<double, TIME_ACCUMULATION>::Boundary(double, float, float, Boundary<float, TIME_ACCUMULATION>*&)':
/home/stefancostea/Documents/ST-LIB/Inc/ST-LIB_HIGH/Protections/Boundary.hpp:171:22: error: cannot convert 'Boundary<double, TIME_ACCUMULATION>*' to 'Boundary<float, TIME_ACCUMULATION>*' in assignment
  171 |   external_pointer = this;
      |                      ^~~~
      |                      |
      |                      Boundary<double, TIME_ACCUMULATION>*
/home/stefancostea/Documents/ST-LIB/Inc/ST-LIB_HIGH/Protections/Boundary.hpp: In member function 'virtual int Boundary<double, TIME_ACCUMULATION>::get_string_size()':
/home/stefancostea/Documents/ST-LIB/Inc/ST-LIB_HIGH/Protections/Boundary.hpp:216:29: warning: format '%s' expects a matching 'char*' argument [-Wformat=]
  216 |   return snprintf(nullptr,0,format,to_string(*src).c_str(), to_string(time_limit).c_str());
      |                             ^~~~~~
/home/stefancostea/Documents/ST-LIB/Inc/ST-LIB_HIGH/Protections/Boundary.hpp: In member function 'virtual char* Boundary<double, TIME_ACCUMULATION>::serialize(char*)':
/home/stefancostea/Documents/ST-LIB/Inc/ST-LIB_HIGH/Protections/Boundary.hpp:219:16: warning: format '%s' expects a matching 'char*' argument [-Wformat=]
  219 |   sprintf(dst, format, to_string(*src).c_str(), to_string(time_limit).c_str());
      |                ^~~~~~
In file included from /home/stefancostea/Documents/ST-LIB/Inc/HALAL/Models/Packets/Order.hpp:9,
                 from /home/stefancostea/Documents/ST-LIB/Inc/ST-LIB_HIGH/Protections/ProtectionManager.hpp:5,
                 from ../Src/ST-LIB_HIGH/Protections/ProtectionManager.cpp:1:
/home/stefancostea/Documents/ST-LIB/Inc/HALAL/Models/Packets/Packet.hpp: In member function 'virtual void HeapPacket::parse(void*)':
/home/stefancostea/Documents/ST-LIB/Inc/HALAL/Models/Packets/Packet.hpp:174:14: warning: pointer of type 'void *' used in arithmetic [-Wpointer-arith]
  174 |         data += sizeof(id);
      |         ~~~~~^~~~~~~~~~~~~
/home/stefancostea/Documents/ST-LIB/Inc/HALAL/Models/Packets/Packet.hpp:177:18: warning: pointer of type 'void *' used in arithmetic [-Wpointer-arith]
  177 |             data += value.get()->get_size();
      |             ~~~~~^~~~~~~~~~~~~~~~~~~~~~~~~~
In file included from /home/stefancostea/Documents/ST-LIB/Inc/ST-LIB_HIGH/Protections/ProtectionManager.hpp:7,
                 from ../Src/ST-LIB_HIGH/Protections/ProtectionManager.cpp:1:
/home/stefancostea/Documents/ST-LIB/Inc/ST-LIB_HIGH/Protections/Notification.hpp: In member function 'virtual void Notification::parse(OrderProtocol*, void*)':
/home/stefancostea/Documents/ST-LIB/Inc/ST-LIB_HIGH/Protections/Notification.hpp:72:23: warning: pointer of type 'void *' used in arithmetic [-Wpointer-arith]
   72 |      memcpy(temp, data+sizeof(id)+sizeof(message_size_t), get_string_size(data));
      |                   ~~~~^~~~~~~~~~~
/home/stefancostea/Documents/ST-LIB/Inc/ST-LIB_HIGH/Protections/Notification.hpp:72:34: warning: pointer of type 'void *' used in arithmetic [-Wpointer-arith]
   72 |      memcpy(temp, data+sizeof(id)+sizeof(message_size_t), get_string_size(data));
      |                   ~~~~~~~~~~~~~~~^~~~~~~~~~~~~~~~~~~~~~~
/home/stefancostea/Documents/ST-LIB/Inc/ST-LIB_HIGH/Protections/Notification.hpp: In member function 'uint16_t Notification::get_string_size(void*)':
/home/stefancostea/Documents/ST-LIB/Inc/ST-LIB_HIGH/Protections/Notification.hpp:94:33: warning: pointer of type 'void *' used in arithmetic [-Wpointer-arith]
   94 |      return *(uint16_t*)(buffer + sizeof(id));
      |                          ~~~~~~~^~~~~~~~~~~~
make: *** [Src/ST-LIB_HIGH/Protections/subdir.mk:19: Src/ST-LIB_HIGH/Protections/ProtectionManager.o] Error 1
"make -j8 all" terminated with exit code 2. Build might be incomplete.

23:51:58 Build Failed. 7 errors, 21 warnings. (took 3s.640ms)

