23:51:58 **** Incremental Build of configuration Debug for project template-project ****
make -j8 all 
arm-none-eabi-g++ "../Core/Src/main.cpp" -mcpu=cortex-m7 -std=gnu++20 -g3 -DDEBUG -DUSE_HAL_DRIVER -DSTM32H723xx -DDATA_IN_D2_SRAM -DBOARD -c -I"/home/stefancostea/Documents/ST-LIB" -I../Core/Inc -I../Drivers/STM32H7xx_HAL_Driver/Inc -I../Drivers/STM32H7xx_HAL_Driver/Inc/Legacy -I../Drivers/CMSIS/Device/ST/STM32H7xx/Include -I../Drivers/CMSIS/Include -I"/home/stefancostea/Documents/ST-LIB/Inc" -I"/home/stefancostea/Documents/ST-LIB/Inc/HALAL/Models" -I"/home/stefancostea/Documents/ST-LIB/Inc/HALAL/Services" -I"/home/stefancostea/Documents/ST-LIB/Inc/ST-LIB_LOW" -I"/home/stefancostea/Documents/ST-LIB/Inc/ST-LIB_HIGH" -I../LWIP/App -I../LWIP/Target -I../Middlewares/Third_Party/LwIP/src/include -I../Middlewares/Third_Party/LwIP/system -I../Drivers/BSP/Components/lan8742 -I../Middlewares/Third_Party/LwIP/src/include/netif/ppp -I../Middlewares/Third_Party/LwIP/src/include/lwip -I../Middlewares/Third_Party/LwIP/src/include/lwip/apps -I../Middlewares/Third_Party/LwIP/src/include/lwip/priv -I../Middlewares/Third_Party/LwIP/src/include/lwip/prot -I../Middlewares/Third_Party/LwIP/src/include/netif -I../Middlewares/Third_Party/LwIP/src/include/compat/posix -I../Middlewares/Third_Party/LwIP/src/include/compat/posix/arpa -I../Middlewares/Third_Party/LwIP/src/include/compat/posix/net -I../Middlewares/Third_Party/LwIP/src/include/compat/posix/sys -I../Middlewares/Third_Party/LwIP/src/include/compat/stdc -I../Middlewares/Third_Party/LwIP/system/arch -I"/home/stefancostea/Documents/ST-LIB/Inc/HALAL/Services/Communication" -I"/home/stefancostea/Documents/ST-LIB/Inc/HALAL/Services/Communication/Ethernet" -I"/home/stefancostea/Documents/ST-LIB/Inc/HALAL/Services/Communication/Ethernet/UDP" -I"/home/stefancostea/Documents/ST-LIB/Inc/HALAL/Services/Communication/Ethernet/TCP" -O0 -ffunction-sections -fdata-sections -fno-exceptions -fno-rtti -fno-use-cxa-atexit -Wall -fstack-usage -fcyclomatic-complexity -MMD -MP -MF"Core/Src/main.d" -MT"Core/Src/main.o" --specs=nano.specs -mfpu=fpv5-d16 -mfloat-abi=hard -mthumb -o "Core/Src/main.o"
In file included from ../Drivers/CMSIS/Include/core_cm7.h:2178,
                 from ../Drivers/CMSIS/Device/ST/STM32H7xx/Include/stm32h723xx.h:221,
                 from ../Drivers/CMSIS/Device/ST/STM32H7xx/Include/stm32h7xx.h:167,
                 from ../Drivers/STM32H7xx_HAL_Driver/Inc/stm32h7xx_hal_def.h:29,
                 from ../Drivers/STM32H7xx_HAL_Driver/Inc/stm32h7xx_hal_rcc.h:27,
                 from ../Core/Inc/stm32h7xx_hal_conf.h:246,
                 from ../Drivers/STM32H7xx_HAL_Driver/Inc/stm32h7xx_hal.h:29,
                 from ../Core/Inc/main.h:30,
                 from ../Core/Src/main.cpp:20:
../Drivers/CMSIS/Include/mpu_armv7.h: In function 'void ARM_MPU_Enable(uint32_t)':
../Drivers/CMSIS/Include/mpu_armv7.h:195:14: warning: compound assignment with 'volatile'-qualified left operand is deprecated [-Wvolatile]
  195 |   SCB->SHCSR |= SCB_SHCSR_MEMFAULTENA_Msk;
../Drivers/CMSIS/Include/mpu_armv7.h: In function 'void ARM_MPU_Disable()':
../Drivers/CMSIS/Include/mpu_armv7.h:207:14: warning: compound assignment with 'volatile'-qualified left operand is deprecated [-Wvolatile]
  207 |   SCB->SHCSR &= ~SCB_SHCSR_MEMFAULTENA_Msk;
../Drivers/CMSIS/Include/mpu_armv7.h:209:14: warning: compound assignment with 'volatile'-qualified left operand is deprecated [-Wvolatile]
  209 |   MPU->CTRL  &= ~MPU_CTRL_ENABLE_Msk;
In file included from ../Drivers/CMSIS/Device/ST/STM32H7xx/Include/stm32h723xx.h:221,
                 from ../Drivers/CMSIS/Device/ST/STM32H7xx/Include/stm32h7xx.h:167,
                 from ../Drivers/STM32H7xx_HAL_Driver/Inc/stm32h7xx_hal_def.h:29,
                 from ../Drivers/STM32H7xx_HAL_Driver/Inc/stm32h7xx_hal_rcc.h:27,
                 from ../Core/Inc/stm32h7xx_hal_conf.h:246,
                 from ../Drivers/STM32H7xx_HAL_Driver/Inc/stm32h7xx_hal.h:29,
                 from ../Core/Inc/main.h:30,
                 from ../Core/Src/main.cpp:20:
../Drivers/CMSIS/Include/core_cm7.h: In function 'void SCB_EnableICache()':
../Drivers/CMSIS/Include/core_cm7.h:2251:14: warning: compound assignment with 'volatile'-qualified left operand is deprecated [-Wvolatile]
 2251 |     SCB->CCR |=  (uint32_t)SCB_CCR_IC_Msk;  /* enable I-Cache */
      |              ^
../Drivers/CMSIS/Include/core_cm7.h: In function 'void SCB_DisableICache()':
../Drivers/CMSIS/Include/core_cm7.h:2267:14: warning: compound assignment with 'volatile'-qualified left operand is deprecated [-Wvolatile]
 2267 |     SCB->CCR &= ~(uint32_t)SCB_CCR_IC_Msk;  /* disable I-Cache */
      |              ^
../Drivers/CMSIS/Include/core_cm7.h: In function 'void SCB_EnableDCache()':
../Drivers/CMSIS/Include/core_cm7.h:2353:14: warning: compound assignment with 'volatile'-qualified left operand is deprecated [-Wvolatile]
 2353 |     SCB->CCR |=  (uint32_t)SCB_CCR_DC_Msk;  /* enable D-Cache */
      |              ^
../Drivers/CMSIS/Include/core_cm7.h: In function 'void SCB_DisableDCache()':
../Drivers/CMSIS/Include/core_cm7.h:2375:14: warning: compound assignment with 'volatile'-qualified left operand is deprecated [-Wvolatile]
 2375 |     SCB->CCR &= ~(uint32_t)SCB_CCR_DC_Msk;  /* disable D-Cache */
      |              ^
In file included from ../Drivers/STM32H7xx_HAL_Driver/Inc/stm32h7xx_hal_def.h:29,
                 from ../Drivers/STM32H7xx_HAL_Driver/Inc/stm32h7xx_hal_rcc.h:27,
                 from ../Core/Inc/stm32h7xx_hal_conf.h:246,
                 from ../Drivers/STM32H7xx_HAL_Driver/Inc/stm32h7xx_hal.h:29,
                 from ../Core/Inc/main.h:30,
                 from ../Core/Src/main.cpp:20:
../Drivers/STM32H7xx_HAL_Driver/Inc/stm32h7xx_ll_adc.h: In function 'void LL_ADC_SetCommonPathInternalChAdd(ADC_Common_TypeDef*, uint32_t)':
../Drivers/CMSIS/Device/ST/STM32H7xx/Include/stm32h7xx.h:206:38: warning: compound assignment with 'volatile'-qualified left operand is deprecated [-Wvolatile]
  206 | #define SET_BIT(REG, BIT)     ((REG) |= (BIT))
      |                                ~~~~~~^~~~~~~~
../Drivers/STM32H7xx_HAL_Driver/Inc/stm32h7xx_ll_adc.h:2774:3: note: in expansion of macro 'SET_BIT'
 2774 |   SET_BIT(ADCxy_COMMON->CCR, PathInternal);
      |   ^~~~~~~
../Drivers/STM32H7xx_HAL_Driver/Inc/stm32h7xx_ll_adc.h: In function 'void LL_ADC_SetCommonPathInternalChRem(ADC_Common_TypeDef*, uint32_t)':
../Drivers/CMSIS/Device/ST/STM32H7xx/Include/stm32h7xx.h:208:38: warning: compound assignment with 'volatile'-qualified left operand is deprecated [-Wvolatile]
  208 | #define CLEAR_BIT(REG, BIT)   ((REG) &= ~(BIT))
      |                                ~~~~~~^~~~~~~~~
../Drivers/STM32H7xx_HAL_Driver/Inc/stm32h7xx_ll_adc.h:2798:3: note: in expansion of macro 'CLEAR_BIT'
 2798 |   CLEAR_BIT(ADCxy_COMMON->CCR, PathInternal);
      |   ^~~~~~~~~
../Drivers/STM32H7xx_HAL_Driver/Inc/stm32h7xx_ll_adc.h: In function 'uint32_t LL_ADC_GetCalibrationLinearFactor(ADC_TypeDef*, uint32_t)':
../Drivers/CMSIS/Device/ST/STM32H7xx/Include/stm32h7xx.h:208:38: warning: compound assignment with 'volatile'-qualified left operand is deprecated [-Wvolatile]
  208 | #define CLEAR_BIT(REG, BIT)   ((REG) &= ~(BIT))
      |                                ~~~~~~^~~~~~~~~
../Drivers/STM32H7xx_HAL_Driver/Inc/stm32h7xx_ll_adc.h:2952:3: note: in expansion of macro 'CLEAR_BIT'
 2952 |   CLEAR_BIT(ADCx->CR, LinearityWord);
      |   ^~~~~~~~~
In file included from ../Drivers/STM32H7xx_HAL_Driver/Inc/stm32h7xx_hal_adc.h:31,
                 from ../Core/Inc/stm32h7xx_hal_conf.h:298,
                 from ../Drivers/STM32H7xx_HAL_Driver/Inc/stm32h7xx_hal.h:29,
                 from ../Core/Inc/main.h:30,
                 from ../Core/Src/main.cpp:20:
../Drivers/STM32H7xx_HAL_Driver/Inc/stm32h7xx_ll_adc.h: In function 'void LL_ADC_SetChannelPreSelection(ADC_TypeDef*, uint32_t)':
../Drivers/STM32H7xx_HAL_Driver/Inc/stm32h7xx_ll_adc.h:3231:24: warning: compound assignment with 'volatile'-qualified left operand is deprecated [-Wvolatile]
 3231 |       ADCx->PCSEL_RES0 |= (1UL << (__LL_ADC_CHANNEL_TO_DECIMAL_NB(Channel) & 0x1FUL));
      |       ~~~~~~~~~~~~~~~~~^~~~~~~~~~~~~~~~~~~~~~~~~~~~~~~~~~~~~~~~~~~~~~~~~~~~~~~~~~~~~~
In file included from ../Drivers/STM32H7xx_HAL_Driver/Inc/stm32h7xx_hal_def.h:29,
                 from ../Drivers/STM32H7xx_HAL_Driver/Inc/stm32h7xx_hal_rcc.h:27,
                 from ../Core/Inc/stm32h7xx_hal_conf.h:246,
                 from ../Drivers/STM32H7xx_HAL_Driver/Inc/stm32h7xx_hal.h:29,
                 from ../Core/Inc/main.h:30,
                 from ../Core/Src/main.cpp:20:
../Drivers/STM32H7xx_HAL_Driver/Inc/stm32h7xx_ll_adc.h: In function 'void LL_ADC_EnableDMAReq(ADC_TypeDef*)':
../Drivers/CMSIS/Device/ST/STM32H7xx/Include/stm32h7xx.h:206:38: warning: compound assignment with 'volatile'-qualified left operand is deprecated [-Wvolatile]
  206 | #define SET_BIT(REG, BIT)     ((REG) |= (BIT))
      |                                ~~~~~~^~~~~~~~
../Drivers/STM32H7xx_HAL_Driver/Inc/stm32h7xx_ll_adc.h:4366:3: note: in expansion of macro 'SET_BIT'
 4366 |   SET_BIT(ADCx->CFGR, ADC3_CFGR_DMAEN);
      |   ^~~~~~~
../Drivers/STM32H7xx_HAL_Driver/Inc/stm32h7xx_ll_adc.h: In function 'void LL_ADC_DisableDMAReq(ADC_TypeDef*)':
../Drivers/CMSIS/Device/ST/STM32H7xx/Include/stm32h7xx.h:208:38: warning: compound assignment with 'volatile'-qualified left operand is deprecated [-Wvolatile]
  208 | #define CLEAR_BIT(REG, BIT)   ((REG) &= ~(BIT))
      |                                ~~~~~~^~~~~~~~~
../Drivers/STM32H7xx_HAL_Driver/Inc/stm32h7xx_ll_adc.h:4371:3: note: in expansion of macro 'CLEAR_BIT'
 4371 |   CLEAR_BIT (ADCx->CFGR, ADC3_CFGR_DMAEN);
      |   ^~~~~~~~~
../Drivers/STM32H7xx_HAL_Driver/Inc/stm32h7xx_ll_adc.h: In function 'void LL_ADC_DisableDeepPowerDown(ADC_TypeDef*)':
../Drivers/CMSIS/Device/ST/STM32H7xx/Include/stm32h7xx.h:208:38: warning: compound assignment with 'volatile'-qualified left operand is deprecated [-Wvolatile]
  208 | #define CLEAR_BIT(REG, BIT)   ((REG) &= ~(BIT))
      |                                ~~~~~~^~~~~~~~~
../Drivers/STM32H7xx_HAL_Driver/Inc/stm32h7xx_ll_adc.h:6698:3: note: in expansion of macro 'CLEAR_BIT'
 6698 |   CLEAR_BIT(ADCx->CR, (ADC_CR_DEEPPWD | ADC_CR_BITS_PROPERTY_RS));
      |   ^~~~~~~~~
../Drivers/STM32H7xx_HAL_Driver/Inc/stm32h7xx_ll_adc.h: In function 'void LL_ADC_DisableInternalRegulator(ADC_TypeDef*)':
../Drivers/CMSIS/Device/ST/STM32H7xx/Include/stm32h7xx.h:208:38: warning: compound assignment with 'volatile'-qualified left operand is deprecated [-Wvolatile]
  208 | #define CLEAR_BIT(REG, BIT)   ((REG) &= ~(BIT))
      |                                ~~~~~~^~~~~~~~~
../Drivers/STM32H7xx_HAL_Driver/Inc/stm32h7xx_ll_adc.h:6747:3: note: in expansion of macro 'CLEAR_BIT'
 6747 |   CLEAR_BIT(ADCx->CR, (ADC_CR_ADVREGEN | ADC_CR_BITS_PROPERTY_RS));
      |   ^~~~~~~~~
../Drivers/STM32H7xx_HAL_Driver/Inc/stm32h7xx_ll_adc.h: In function 'void LL_ADC_EnableIT_ADRDY(ADC_TypeDef*)':
../Drivers/CMSIS/Device/ST/STM32H7xx/Include/stm32h7xx.h:206:38: warning: compound assignment with 'volatile'-qualified left operand is deprecated [-Wvolatile]
  206 | #define SET_BIT(REG, BIT)     ((REG) |= (BIT))
      |                                ~~~~~~^~~~~~~~
../Drivers/STM32H7xx_HAL_Driver/Inc/stm32h7xx_ll_adc.h:7856:3: note: in expansion of macro 'SET_BIT'
 7856 |   SET_BIT(ADCx->IER, LL_ADC_IT_ADRDY);
      |   ^~~~~~~
../Drivers/STM32H7xx_HAL_Driver/Inc/stm32h7xx_ll_adc.h: In function 'void LL_ADC_EnableIT_EOC(ADC_TypeDef*)':
../Drivers/CMSIS/Device/ST/STM32H7xx/Include/stm32h7xx.h:206:38: warning: compound assignment with 'volatile'-qualified left operand is deprecated [-Wvolatile]
  206 | #define SET_BIT(REG, BIT)     ((REG) |= (BIT))
      |                                ~~~~~~^~~~~~~~
../Drivers/STM32H7xx_HAL_Driver/Inc/stm32h7xx_ll_adc.h:7867:3: note: in expansion of macro 'SET_BIT'
 7867 |   SET_BIT(ADCx->IER, LL_ADC_IT_EOC);
      |   ^~~~~~~
../Drivers/STM32H7xx_HAL_Driver/Inc/stm32h7xx_ll_adc.h: In function 'void LL_ADC_EnableIT_EOS(ADC_TypeDef*)':
../Drivers/CMSIS/Device/ST/STM32H7xx/Include/stm32h7xx.h:206:38: warning: compound assignment with 'volatile'-qualified left operand is deprecated [-Wvolatile]
  206 | #define SET_BIT(REG, BIT)     ((REG) |= (BIT))
      |                                ~~~~~~^~~~~~~~
../Drivers/STM32H7xx_HAL_Driver/Inc/stm32h7xx_ll_adc.h:7878:3: note: in expansion of macro 'SET_BIT'
 7878 |   SET_BIT(ADCx->IER, LL_ADC_IT_EOS);
      |   ^~~~~~~
../Drivers/STM32H7xx_HAL_Driver/Inc/stm32h7xx_ll_adc.h: In function 'void LL_ADC_EnableIT_OVR(ADC_TypeDef*)':
../Drivers/CMSIS/Device/ST/STM32H7xx/Include/stm32h7xx.h:206:38: warning: compound assignment with 'volatile'-qualified left operand is deprecated [-Wvolatile]
  206 | #define SET_BIT(REG, BIT)     ((REG) |= (BIT))
      |                                ~~~~~~^~~~~~~~
../Drivers/STM32H7xx_HAL_Driver/Inc/stm32h7xx_ll_adc.h:7889:3: note: in expansion of macro 'SET_BIT'
 7889 |   SET_BIT(ADCx->IER, LL_ADC_IT_OVR);
      |   ^~~~~~~
../Drivers/STM32H7xx_HAL_Driver/Inc/stm32h7xx_ll_adc.h: In function 'void LL_ADC_EnableIT_EOSMP(ADC_TypeDef*)':
../Drivers/CMSIS/Device/ST/STM32H7xx/Include/stm32h7xx.h:206:38: warning: compound assignment with 'volatile'-qualified left operand is deprecated [-Wvolatile]
  206 | #define SET_BIT(REG, BIT)     ((REG) |= (BIT))
      |                                ~~~~~~^~~~~~~~
../Drivers/STM32H7xx_HAL_Driver/Inc/stm32h7xx_ll_adc.h:7900:3: note: in expansion of macro 'SET_BIT'
 7900 |   SET_BIT(ADCx->IER, LL_ADC_IT_EOSMP);
      |   ^~~~~~~
../Drivers/STM32H7xx_HAL_Driver/Inc/stm32h7xx_ll_adc.h: In function 'void LL_ADC_EnableIT_JEOC(ADC_TypeDef*)':
../Drivers/CMSIS/Device/ST/STM32H7xx/Include/stm32h7xx.h:206:38: warning: compound assignment with 'volatile'-qualified left operand is deprecated [-Wvolatile]
  206 | #define SET_BIT(REG, BIT)     ((REG) |= (BIT))
      |                                ~~~~~~^~~~~~~~
../Drivers/STM32H7xx_HAL_Driver/Inc/stm32h7xx_ll_adc.h:7911:3: note: in expansion of macro 'SET_BIT'
 7911 |   SET_BIT(ADCx->IER, LL_ADC_IT_JEOC);
      |   ^~~~~~~
../Drivers/STM32H7xx_HAL_Driver/Inc/stm32h7xx_ll_adc.h: In function 'void LL_ADC_EnableIT_JEOS(ADC_TypeDef*)':
../Drivers/CMSIS/Device/ST/STM32H7xx/Include/stm32h7xx.h:206:38: warning: compound assignment with 'volatile'-qualified left operand is deprecated [-Wvolatile]
  206 | #define SET_BIT(REG, BIT)     ((REG) |= (BIT))
      |                                ~~~~~~^~~~~~~~
../Drivers/STM32H7xx_HAL_Driver/Inc/stm32h7xx_ll_adc.h:7922:3: note: in expansion of macro 'SET_BIT'
 7922 |   SET_BIT(ADCx->IER, LL_ADC_IT_JEOS);
      |   ^~~~~~~
../Drivers/STM32H7xx_HAL_Driver/Inc/stm32h7xx_ll_adc.h: In function 'void LL_ADC_EnableIT_JQOVF(ADC_TypeDef*)':
../Drivers/CMSIS/Device/ST/STM32H7xx/Include/stm32h7xx.h:206:38: warning: compound assignment with 'volatile'-qualified left operand is deprecated [-Wvolatile]
  206 | #define SET_BIT(REG, BIT)     ((REG) |= (BIT))
      |                                ~~~~~~^~~~~~~~
../Drivers/STM32H7xx_HAL_Driver/Inc/stm32h7xx_ll_adc.h:7933:3: note: in expansion of macro 'SET_BIT'
 7933 |   SET_BIT(ADCx->IER, LL_ADC_IT_JQOVF);
      |   ^~~~~~~
../Drivers/STM32H7xx_HAL_Driver/Inc/stm32h7xx_ll_adc.h: In function 'void LL_ADC_EnableIT_AWD1(ADC_TypeDef*)':
../Drivers/CMSIS/Device/ST/STM32H7xx/Include/stm32h7xx.h:206:38: warning: compound assignment with 'volatile'-qualified left operand is deprecated [-Wvolatile]
  206 | #define SET_BIT(REG, BIT)     ((REG) |= (BIT))
      |                                ~~~~~~^~~~~~~~
../Drivers/STM32H7xx_HAL_Driver/Inc/stm32h7xx_ll_adc.h:7944:3: note: in expansion of macro 'SET_BIT'
 7944 |   SET_BIT(ADCx->IER, LL_ADC_IT_AWD1);
      |   ^~~~~~~
../Drivers/STM32H7xx_HAL_Driver/Inc/stm32h7xx_ll_adc.h: In function 'void LL_ADC_EnableIT_AWD2(ADC_TypeDef*)':
../Drivers/CMSIS/Device/ST/STM32H7xx/Include/stm32h7xx.h:206:38: warning: compound assignment with 'volatile'-qualified left operand is deprecated [-Wvolatile]
  206 | #define SET_BIT(REG, BIT)     ((REG) |= (BIT))
      |                                ~~~~~~^~~~~~~~
../Drivers/STM32H7xx_HAL_Driver/Inc/stm32h7xx_ll_adc.h:7955:3: note: in expansion of macro 'SET_BIT'
 7955 |   SET_BIT(ADCx->IER, LL_ADC_IT_AWD2);
      |   ^~~~~~~
../Drivers/STM32H7xx_HAL_Driver/Inc/stm32h7xx_ll_adc.h: In function 'void LL_ADC_EnableIT_AWD3(ADC_TypeDef*)':
../Drivers/CMSIS/Device/ST/STM32H7xx/Include/stm32h7xx.h:206:38: warning: compound assignment with 'volatile'-qualified left operand is deprecated [-Wvolatile]
  206 | #define SET_BIT(REG, BIT)     ((REG) |= (BIT))
      |                                ~~~~~~^~~~~~~~
../Drivers/STM32H7xx_HAL_Driver/Inc/stm32h7xx_ll_adc.h:7966:3: note: in expansion of macro 'SET_BIT'
 7966 |   SET_BIT(ADCx->IER, LL_ADC_IT_AWD3);
      |   ^~~~~~~
../Drivers/STM32H7xx_HAL_Driver/Inc/stm32h7xx_ll_adc.h: In function 'void LL_ADC_DisableIT_ADRDY(ADC_TypeDef*)':
../Drivers/CMSIS/Device/ST/STM32H7xx/Include/stm32h7xx.h:208:38: warning: compound assignment with 'volatile'-qualified left operand is deprecated [-Wvolatile]
  208 | #define CLEAR_BIT(REG, BIT)   ((REG) &= ~(BIT))
      |                                ~~~~~~^~~~~~~~~
../Drivers/STM32H7xx_HAL_Driver/Inc/stm32h7xx_ll_adc.h:7977:3: note: in expansion of macro 'CLEAR_BIT'
 7977 |   CLEAR_BIT(ADCx->IER, LL_ADC_IT_ADRDY);
      |   ^~~~~~~~~
../Drivers/STM32H7xx_HAL_Driver/Inc/stm32h7xx_ll_adc.h: In function 'void LL_ADC_DisableIT_EOC(ADC_TypeDef*)':
../Drivers/CMSIS/Device/ST/STM32H7xx/Include/stm32h7xx.h:208:38: warning: compound assignment with 'volatile'-qualified left operand is deprecated [-Wvolatile]
  208 | #define CLEAR_BIT(REG, BIT)   ((REG) &= ~(BIT))
      |                                ~~~~~~^~~~~~~~~
../Drivers/STM32H7xx_HAL_Driver/Inc/stm32h7xx_ll_adc.h:7988:3: note: in expansion of macro 'CLEAR_BIT'
 7988 |   CLEAR_BIT(ADCx->IER, LL_ADC_IT_EOC);
      |   ^~~~~~~~~
../Drivers/STM32H7xx_HAL_Driver/Inc/stm32h7xx_ll_adc.h: In function 'void LL_ADC_DisableIT_EOS(ADC_TypeDef*)':
../Drivers/CMSIS/Device/ST/STM32H7xx/Include/stm32h7xx.h:208:38: warning: compound assignment with 'volatile'-qualified left operand is deprecated [-Wvolatile]
  208 | #define CLEAR_BIT(REG, BIT)   ((REG) &= ~(BIT))
      |                                ~~~~~~^~~~~~~~~
../Drivers/STM32H7xx_HAL_Driver/Inc/stm32h7xx_ll_adc.h:7999:3: note: in expansion of macro 'CLEAR_BIT'
 7999 |   CLEAR_BIT(ADCx->IER, LL_ADC_IT_EOS);
      |   ^~~~~~~~~
../Drivers/STM32H7xx_HAL_Driver/Inc/stm32h7xx_ll_adc.h: In function 'void LL_ADC_DisableIT_OVR(ADC_TypeDef*)':
../Drivers/CMSIS/Device/ST/STM32H7xx/Include/stm32h7xx.h:208:38: warning: compound assignment with 'volatile'-qualified left operand is deprecated [-Wvolatile]
  208 | #define CLEAR_BIT(REG, BIT)   ((REG) &= ~(BIT))
      |                                ~~~~~~^~~~~~~~~
../Drivers/STM32H7xx_HAL_Driver/Inc/stm32h7xx_ll_adc.h:8010:3: note: in expansion of macro 'CLEAR_BIT'
 8010 |   CLEAR_BIT(ADCx->IER, LL_ADC_IT_OVR);
      |   ^~~~~~~~~
../Drivers/STM32H7xx_HAL_Driver/Inc/stm32h7xx_ll_adc.h: In function 'void LL_ADC_DisableIT_EOSMP(ADC_TypeDef*)':
../Drivers/CMSIS/Device/ST/STM32H7xx/Include/stm32h7xx.h:208:38: warning: compound assignment with 'volatile'-qualified left operand is deprecated [-Wvolatile]
  208 | #define CLEAR_BIT(REG, BIT)   ((REG) &= ~(BIT))
      |                                ~~~~~~^~~~~~~~~
../Drivers/STM32H7xx_HAL_Driver/Inc/stm32h7xx_ll_adc.h:8021:3: note: in expansion of macro 'CLEAR_BIT'
 8021 |   CLEAR_BIT(ADCx->IER, LL_ADC_IT_EOSMP);
      |   ^~~~~~~~~
../Drivers/STM32H7xx_HAL_Driver/Inc/stm32h7xx_ll_adc.h: In function 'void LL_ADC_DisableIT_JEOC(ADC_TypeDef*)':
../Drivers/CMSIS/Device/ST/STM32H7xx/Include/stm32h7xx.h:208:38: warning: compound assignment with 'volatile'-qualified left operand is deprecated [-Wvolatile]
  208 | #define CLEAR_BIT(REG, BIT)   ((REG) &= ~(BIT))
      |                                ~~~~~~^~~~~~~~~
../Drivers/STM32H7xx_HAL_Driver/Inc/stm32h7xx_ll_adc.h:8032:3: note: in expansion of macro 'CLEAR_BIT'
 8032 |   CLEAR_BIT(ADCx->IER, LL_ADC_IT_JEOC);
      |   ^~~~~~~~~
../Drivers/STM32H7xx_HAL_Driver/Inc/stm32h7xx_ll_adc.h: In function 'void LL_ADC_DisableIT_JEOS(ADC_TypeDef*)':
../Drivers/CMSIS/Device/ST/STM32H7xx/Include/stm32h7xx.h:208:38: warning: compound assignment with 'volatile'-qualified left operand is deprecated [-Wvolatile]
  208 | #define CLEAR_BIT(REG, BIT)   ((REG) &= ~(BIT))
      |                                ~~~~~~^~~~~~~~~
../Drivers/STM32H7xx_HAL_Driver/Inc/stm32h7xx_ll_adc.h:8043:3: note: in expansion of macro 'CLEAR_BIT'
 8043 |   CLEAR_BIT(ADCx->IER, LL_ADC_IT_JEOS);
      |   ^~~~~~~~~
../Drivers/STM32H7xx_HAL_Driver/Inc/stm32h7xx_ll_adc.h: In function 'void LL_ADC_DisableIT_JQOVF(ADC_TypeDef*)':
../Drivers/CMSIS/Device/ST/STM32H7xx/Include/stm32h7xx.h:208:38: warning: compound assignment with 'volatile'-qualified left operand is deprecated [-Wvolatile]
  208 | #define CLEAR_BIT(REG, BIT)   ((REG) &= ~(BIT))
      |                                ~~~~~~^~~~~~~~~
../Drivers/STM32H7xx_HAL_Driver/Inc/stm32h7xx_ll_adc.h:8054:3: note: in expansion of macro 'CLEAR_BIT'
 8054 |   CLEAR_BIT(ADCx->IER, LL_ADC_IT_JQOVF);
      |   ^~~~~~~~~
../Drivers/STM32H7xx_HAL_Driver/Inc/stm32h7xx_ll_adc.h: In function 'void LL_ADC_DisableIT_AWD1(ADC_TypeDef*)':
../Drivers/CMSIS/Device/ST/STM32H7xx/Include/stm32h7xx.h:208:38: warning: compound assignment with 'volatile'-qualified left operand is deprecated [-Wvolatile]
  208 | #define CLEAR_BIT(REG, BIT)   ((REG) &= ~(BIT))
      |                                ~~~~~~^~~~~~~~~
../Drivers/STM32H7xx_HAL_Driver/Inc/stm32h7xx_ll_adc.h:8065:3: note: in expansion of macro 'CLEAR_BIT'
 8065 |   CLEAR_BIT(ADCx->IER, LL_ADC_IT_AWD1);
      |   ^~~~~~~~~
../Drivers/STM32H7xx_HAL_Driver/Inc/stm32h7xx_ll_adc.h: In function 'void LL_ADC_DisableIT_AWD2(ADC_TypeDef*)':
../Drivers/CMSIS/Device/ST/STM32H7xx/Include/stm32h7xx.h:208:38: warning: compound assignment with 'volatile'-qualified left operand is deprecated [-Wvolatile]
  208 | #define CLEAR_BIT(REG, BIT)   ((REG) &= ~(BIT))
      |                                ~~~~~~^~~~~~~~~
../Drivers/STM32H7xx_HAL_Driver/Inc/stm32h7xx_ll_adc.h:8076:3: note: in expansion of macro 'CLEAR_BIT'
 8076 |   CLEAR_BIT(ADCx->IER, LL_ADC_IT_AWD2);
      |   ^~~~~~~~~
../Drivers/STM32H7xx_HAL_Driver/Inc/stm32h7xx_ll_adc.h: In function 'void LL_ADC_DisableIT_AWD3(ADC_TypeDef*)':
../Drivers/CMSIS/Device/ST/STM32H7xx/Include/stm32h7xx.h:208:38: warning: compound assignment with 'volatile'-qualified left operand is deprecated [-Wvolatile]
  208 | #define CLEAR_BIT(REG, BIT)   ((REG) &= ~(BIT))
      |                                ~~~~~~^~~~~~~~~
../Drivers/STM32H7xx_HAL_Driver/Inc/stm32h7xx_ll_adc.h:8087:3: note: in expansion of macro 'CLEAR_BIT'
 8087 |   CLEAR_BIT(ADCx->IER, LL_ADC_IT_AWD3);
      |   ^~~~~~~~~
In file included from /home/stefancostea/Documents/ST-LIB/Inc/HALAL/Services/Communication/Ethernet/UDP/DatagramSocket.hpp:3,
                 from /home/stefancostea/Documents/ST-LIB/Inc/HALAL/HALAL.hpp:21,
                 from /home/stefancostea/Documents/ST-LIB/Inc/ST-LIB.hpp:3,
                 from ../Core/Src/main.cpp:28:
/home/stefancostea/Documents/ST-LIB/Inc/HALAL/Models/Packets/Packet.hpp: In member function 'virtual void HeapPacket::parse(void*)':
/home/stefancostea/Documents/ST-LIB/Inc/HALAL/Models/Packets/Packet.hpp:174:14: warning: pointer of type 'void *' used in arithmetic [-Wpointer-arith]
  174 |         data += sizeof(id);
      |         ~~~~~^~~~~~~~~~~~~
/home/stefancostea/Documents/ST-LIB/Inc/HALAL/Models/Packets/Packet.hpp:177:18: warning: pointer of type 'void *' used in arithmetic [-Wpointer-arith]
  177 |             data += value.get()->get_size();
      |             ~~~~~^~~~~~~~~~~~~~~~~~~~~~~~~~
In file included from /home/stefancostea/Documents/ST-LIB/Inc/ST-LIB_HIGH/Protections/Protection.hpp:5,
                 from /home/stefancostea/Documents/ST-LIB/Inc/ST-LIB_HIGH/ST-LIB_HIGH.hpp:10,
                 from /home/stefancostea/Documents/ST-LIB/Inc/ST-LIB.hpp:5,
                 from ../Core/Src/main.cpp:28:
/home/stefancostea/Documents/ST-LIB/Inc/ST-LIB_HIGH/Protections/Boundary.hpp: In constructor 'Boundary<double, TIME_ACCUMULATION>::Boundary(double, float, float, Boundary<float, TIME_ACCUMULATION>*&)':
/home/stefancostea/Documents/ST-LIB/Inc/ST-LIB_HIGH/Protections/Boundary.hpp:171:22: error: cannot convert 'Boundary<double, TIME_ACCUMULATION>*' to 'Boundary<float, TIME_ACCUMULATION>*' in assignment
  171 |   external_pointer = this;
      |                      ^~~~
      |                      |
      |                      Boundary<double, TIME_ACCUMULATION>*
/home/stefancostea/Documents/ST-LIB/Inc/ST-LIB_HIGH/Protections/Boundary.hpp: In member function 'virtual int Boundary<double, TIME_ACCUMULATION>::get_string_size()':
/home/stefancostea/Documents/ST-LIB/Inc/ST-LIB_HIGH/Protections/Boundary.hpp:216:29: warning: format '%s' expects a matching 'char*' argument [-Wformat=]
  216 |   return snprintf(nullptr,0,format,to_string(*src).c_str(), to_string(time_limit).c_str());
      |                             ^~~~~~
/home/stefancostea/Documents/ST-LIB/Inc/ST-LIB_HIGH/Protections/Boundary.hpp: In member function 'virtual char* Boundary<double, TIME_ACCUMULATION>::serialize(char*)':
/home/stefancostea/Documents/ST-LIB/Inc/ST-LIB_HIGH/Protections/Boundary.hpp:219:16: warning: format '%s' expects a matching 'char*' argument [-Wformat=]
  219 |   sprintf(dst, format, to_string(*src).c_str(), to_string(time_limit).c_str());
      |                ^~~~~~
In file included from /home/stefancostea/Documents/ST-LIB/Inc/ST-LIB_HIGH/Protections/ProtectionManager.hpp:7,
                 from /home/stefancostea/Documents/ST-LIB/Inc/ST-LIB_HIGH/ST-LIB_HIGH.hpp:11,
                 from /home/stefancostea/Documents/ST-LIB/Inc/ST-LIB.hpp:5,
                 from ../Core/Src/main.cpp:28:
/home/stefancostea/Documents/ST-LIB/Inc/ST-LIB_HIGH/Protections/Notification.hpp: In member function 'virtual void Notification::parse(OrderProtocol*, void*)':
/home/stefancostea/Documents/ST-LIB/Inc/ST-LIB_HIGH/Protections/Notification.hpp:72:23: warning: pointer of type 'void *' used in arithmetic [-Wpointer-arith]
   72 |      memcpy(temp, data+sizeof(id)+sizeof(message_size_t), get_string_size(data));
      |                   ~~~~^~~~~~~~~~~
/home/stefancostea/Documents/ST-LIB/Inc/ST-LIB_HIGH/Protections/Notification.hpp:72:34: warning: pointer of type 'void *' used in arithmetic [-Wpointer-arith]
   72 |      memcpy(temp, data+sizeof(id)+sizeof(message_size_t), get_string_size(data));
      |                   ~~~~~~~~~~~~~~~^~~~~~~~~~~~~~~~~~~~~~~
/home/stefancostea/Documents/ST-LIB/Inc/ST-LIB_HIGH/Protections/Notification.hpp: In member function 'uint16_t Notification::get_string_size(void*)':
/home/stefancostea/Documents/ST-LIB/Inc/ST-LIB_HIGH/Protections/Notification.hpp:94:33: warning: pointer of type 'void *' used in arithmetic [-Wpointer-arith]
   94 |      return *(uint16_t*)(buffer + sizeof(id));
      |                          ~~~~~~~^~~~~~~~~~~~
In file included from /home/stefancostea/Documents/ST-LIB/Inc/ST-LIB_HIGH/ST-LIB_HIGH.hpp:22,
                 from /home/stefancostea/Documents/ST-LIB/Inc/ST-LIB.hpp:5,
                 from ../Core/Src/main.cpp:28:
/home/stefancostea/Documents/ST-LIB/Inc/ST-LIB_HIGH/Control/Blocks/MatrixMultiplier.hpp: At global scope:
/home/stefancostea/Documents/ST-LIB/Inc/ST-LIB_HIGH/Control/Blocks/MatrixMultiplier.hpp:101:29: warning: unnecessary parentheses in declaration of 'result' [-Wparentheses]
  101 |     double(&A)[U], (&B)[U], (&result);
      |                             ^
In file included from ../Middlewares/Third_Party/LwIP/src/include/lwip/apps/sntp.h:40,
                 from /home/stefancostea/Documents/ST-LIB/Inc/HALAL/Services/Communication/SNTP/SNTP.hpp:10,
                 from /home/stefancostea/Documents/ST-LIB/Inc/HALAL/HALAL.hpp:26,
                 from /home/stefancostea/Documents/ST-LIB/Inc/ST-LIB.hpp:3,
                 from ../Core/Src/main.cpp:28:
../Middlewares/Third_Party/LwIP/src/include/lwip/apps/sntp_opts.h:44:13: warning: 'void set_rtc(uint16_t, uint8_t, uint8_t, uint8_t, uint8_t, uint8_t, uint16_t)' declared 'static' but never defined [-Wunused-function]
   44 | static void set_rtc(uint16_t counter, uint8_t second, uint8_t minute, uint8_t hour, uint8_t day, uint8_t month, uint16_t year);
      |             ^~~~~~~
In file included from ../Middlewares/Third_Party/LwIP/src/include/lwip/apps/sntp.h:40,
                 from /home/stefancostea/Documents/ST-LIB/Inc/HALAL/Services/Communication/SNTP/SNTP.hpp:10,
                 from /home/stefancostea/Documents/ST-LIB/Inc/HALAL/HALAL.hpp:26,
                 from /home/stefancostea/Documents/ST-LIB/Inc/ST-LIB.hpp:3,
                 from ../Core/Src/main.cpp:28:
../Middlewares/Third_Party/LwIP/src/include/lwip/apps/sntp_opts.h:45:14: warning: 'u32_t get_rtc_s()' declared 'static' but never defined [-Wunused-function]
   45 | static u32_t get_rtc_s();
      |              ^~~~~~~~~
../Middlewares/Third_Party/LwIP/src/include/lwip/apps/sntp_opts.h:46:14: warning: 'u32_t get_rtc_us()' declared 'static' but never defined [-Wunused-function]
   46 | static u32_t get_rtc_us();
      |              ^~~~~~~~~~
In file included from /home/stefancostea/Documents/ST-LIB/Inc/HALAL/Services/Communication/Ethernet/UDP/DatagramSocket.hpp:3,
                 from /home/stefancostea/Documents/ST-LIB/Inc/HALAL/HALAL.hpp:21,
                 from /home/stefancostea/Documents/ST-LIB/Inc/ST-LIB.hpp:3,
                 from ../Core/Src/main.cpp:28:
/home/stefancostea/Documents/ST-LIB/Inc/HALAL/Models/Packets/Packet.hpp: In instantiation of 'void StackPacket<BufferLength, Types>::parse(void*) [with unsigned int BufferLength = 6; Types = {LPU, LPU_Bridge, float}]':
/home/stefancostea/Documents/ST-LIB/Inc/HALAL/Models/Packets/Packet.hpp:40:10:   required from here
/home/stefancostea/Documents/ST-LIB/Inc/HALAL/Models/Packets/Packet.hpp:41:13: warning: pointer of type 'void *' used in arithmetic [-Wpointer-arith]
   41 |         data+=sizeof(id);
      |         ~~~~^~~~~~~~~~~~
/home/stefancostea/Documents/ST-LIB/Inc/HALAL/Models/Packets/Packet.hpp:44:18: warning: pointer of type 'void *' used in arithmetic [-Wpointer-arith]
   44 |             data += value->get_size();
      |             ~~~~~^~~~~~~~~~~~~~~~~~~~
/home/stefancostea/Documents/ST-LIB/Inc/HALAL/Models/Packets/Packet.hpp: In instantiation of 'void StackPacket<BufferLength, Types>::parse(void*) [with unsigned int BufferLength = 4; Types = {float}]':
/home/stefancostea/Documents/ST-LIB/Inc/HALAL/Models/Packets/Packet.hpp:40:10:   required from here
/home/stefancostea/Documents/ST-LIB/Inc/HALAL/Models/Packets/Packet.hpp:41:13: warning: pointer of type 'void *' used in arithmetic [-Wpointer-arith]
   41 |         data+=sizeof(id);
      |         ~~~~^~~~~~~~~~~~
/home/stefancostea/Documents/ST-LIB/Inc/HALAL/Models/Packets/Packet.hpp:44:18: warning: pointer of type 'void *' used in arithmetic [-Wpointer-arith]
   44 |             data += value->get_size();
      |             ~~~~~^~~~~~~~~~~~~~~~~~~~
/home/stefancostea/Documents/ST-LIB/Inc/HALAL/Models/Packets/Packet.hpp: In instantiation of 'void StackPacket<BufferLength, Types>::parse(void*) [with unsigned int BufferLength = 16; Types = {float, float, float, float}]':
/home/stefancostea/Documents/ST-LIB/Inc/HALAL/Models/Packets/Packet.hpp:40:10:   required from here
/home/stefancostea/Documents/ST-LIB/Inc/HALAL/Models/Packets/Packet.hpp:41:13: warning: pointer of type 'void *' used in arithmetic [-Wpointer-arith]
   41 |         data+=sizeof(id);
      |         ~~~~^~~~~~~~~~~~
/home/stefancostea/Documents/ST-LIB/Inc/HALAL/Models/Packets/Packet.hpp:44:18: warning: pointer of type 'void *' used in arithmetic [-Wpointer-arith]
   44 |             data += value->get_size();
      |             ~~~~~^~~~~~~~~~~~~~~~~~~~
/home/stefancostea/Documents/ST-LIB/Inc/HALAL/Models/Packets/Packet.hpp: In instantiation of 'void StackPacket<BufferLength, Types>::parse(void*) [with unsigned int BufferLength = 32; Types = {float, float, float, float, float, float, float, float}]':
/home/stefancostea/Documents/ST-LIB/Inc/HALAL/Models/Packets/Packet.hpp:40:10:   required from here
/home/stefancostea/Documents/ST-LIB/Inc/HALAL/Models/Packets/Packet.hpp:41:13: warning: pointer of type 'void *' used in arithmetic [-Wpointer-arith]
   41 |         data+=sizeof(id);
      |         ~~~~^~~~~~~~~~~~
/home/stefancostea/Documents/ST-LIB/Inc/HALAL/Models/Packets/Packet.hpp:44:18: warning: pointer of type 'void *' used in arithmetic [-Wpointer-arith]
   44 |             data += value->get_size();
      |             ~~~~~^~~~~~~~~~~~~~~~~~~~
In file included from ../Middlewares/Third_Party/LwIP/src/include/lwip/apps/sntp.h:40,
                 from /home/stefancostea/Documents/ST-LIB/Inc/HALAL/Services/Communication/SNTP/SNTP.hpp:10,
                 from /home/stefancostea/Documents/ST-LIB/Inc/HALAL/HALAL.hpp:26,
                 from /home/stefancostea/Documents/ST-LIB/Inc/ST-LIB.hpp:3,
                 from ../Core/Src/main.cpp:28:
../Middlewares/Third_Party/LwIP/src/include/lwip/apps/sntp_opts.h:44:13: warning: 'void set_rtc(uint16_t, uint8_t, uint8_t, uint8_t, uint8_t, uint8_t, uint16_t)' used but never defined
   44 | static void set_rtc(uint16_t counter, uint8_t second, uint8_t minute, uint8_t hour, uint8_t day, uint8_t month, uint16_t year);
      |             ^~~~~~~
In file included from ../Middlewares/Third_Party/LwIP/src/include/lwip/apps/sntp.h:40,
                 from /home/stefancostea/Documents/ST-LIB/Inc/HALAL/Services/Communication/SNTP/SNTP.hpp:10,
                 from /home/stefancostea/Documents/ST-LIB/Inc/HALAL/HALAL.hpp:26,
                 from /home/stefancostea/Documents/ST-LIB/Inc/ST-LIB.hpp:3,
                 from ../Core/Src/main.cpp:28:
../Middlewares/Third_Party/LwIP/src/include/lwip/apps/sntp_opts.h:55:6: warning: 'void set_time(uint32_t, uint32_t)' defined but not used [-Wunused-function]
   55 | void set_time(uint32_t sec, uint32_t us){
      |      ^~~~~~~~
make: *** [Core/Src/subdir.mk:38: Core/Src/main.o] Error 1
"make -j8 all" terminated with exit code 2. Build might be incomplete.

23:52:00 Build Failed. 2 errors, 58 warnings. (took 1s.637ms)

